  Building Custom Rule C:/Users/samda/Code/Distributed-Compute-Coin/dcc_client/out/_deps/cpr-src/cpr/CMakeLists.txt
  auth.cpp
  bearer.cpp
  cookies.cpp
  cprtypes.cpp
  curl_container.cpp
  curlholder.cpp
  error.cpp
  multipart.cpp
  parameters.cpp
  payload.cpp
  proxies.cpp
  proxyauth.cpp
  session.cpp
  timeout.cpp
  unix_socket.cpp
  util.cpp
  response.cpp
  redirect.cpp
  Generating Code...
  Auto build dll exports
     Creating library C:/Users/samda/Code/Distributed-Compute-Coin/dcc_client/out/_deps/cpr-build/cpr/Debug/cpr.lib and object C:/Users/samda/Code/Distributed-Compute-Coin/dcc_client/out/_deps/cpr-build/cpr/Debug/cpr.exp
  cpr.vcxproj -> C:\Users\samda\Code\Distributed-Compute-Coin\dcc_client\out\Debug\cpr.dll
  'pwsh.exe' is not recognized as an internal or external command,
  operable program or batch file.
