cl : command line  warning D9002: ignoring unknown option '-O3'
  FileManip.cpp
D:\Code\DC-Cryptocurrency\DCC-Miner\DCC-Miner\FileManip.cpp(33,3): warning C4996: 'sprintf': This function or variable may be unsafe. Consider using sprintf_s instead. To disable deprecation, use _CRT_SECURE_NO_WARNINGS. See online help for details.
D:\Code\DC-Cryptocurrency\DCC-Miner\DCC-Miner\FileManip.cpp(44,2): warning C4996: 'SHA256_Init': Since OpenSSL 3.0
D:\Code\DC-Cryptocurrency\DCC-Miner\DCC-Miner\FileManip.cpp(45,2): warning C4996: 'SHA256_Update': Since OpenSSL 3.0
D:\Code\DC-Cryptocurrency\DCC-Miner\DCC-Miner\FileManip.cpp(46,2): warning C4996: 'SHA256_Final': Since OpenSSL 3.0
D:\Code\DC-Cryptocurrency\DCC-Miner\DCC-Miner\FileManip.cpp(50,3): warning C4996: 'sprintf': This function or variable may be unsafe. Consider using sprintf_s instead. To disable deprecation, use _CRT_SECURE_NO_WARNINGS. See online help for details.
D:\Code\DC-Cryptocurrency\DCC-Miner\DCC-Miner\FileManip.cpp(67,27): warning C4267: '=': conversion from 'size_t' to 'int', possible loss of data
D:\Code\DC-Cryptocurrency\DCC-Miner\DCC-Miner\FileManip.cpp(57,15): warning C4996: 'fopen': This function or variable may be unsafe. Consider using fopen_s instead. To disable deprecation, use _CRT_SECURE_NO_WARNINGS. See online help for details.
D:\Code\DC-Cryptocurrency\DCC-Miner\DCC-Miner\FileManip.cpp(62,2): warning C4996: 'SHA256_Init': Since OpenSSL 3.0
D:\Code\DC-Cryptocurrency\DCC-Miner\DCC-Miner\FileManip.cpp(69,3): warning C4996: 'SHA256_Update': Since OpenSSL 3.0
D:\Code\DC-Cryptocurrency\DCC-Miner\DCC-Miner\FileManip.cpp(71,2): warning C4996: 'SHA256_Final': Since OpenSSL 3.0
D:\Code\DC-Cryptocurrency\DCC-Miner\DCC-Miner\FileManip.cpp(113,6): warning C4996: 'RSA_new': Since OpenSSL 3.0
D:\Code\DC-Cryptocurrency\DCC-Miner\DCC-Miner\FileManip.cpp(114,8): warning C4996: 'RSA_generate_key_ex': Since OpenSSL 3.0
D:\Code\DC-Cryptocurrency\DCC-Miner\DCC-Miner\FileManip.cpp(121,8): warning C4996: 'PEM_write_bio_RSAPublicKey': Since OpenSSL 3.0
D:\Code\DC-Cryptocurrency\DCC-Miner\DCC-Miner\FileManip.cpp(128,8): warning C4996: 'PEM_write_bio_RSAPrivateKey': Since OpenSSL 3.0
D:\Code\DC-Cryptocurrency\DCC-Miner\DCC-Miner\FileManip.cpp(135,2): warning C4996: 'RSA_free': Since OpenSSL 3.0
  Main.cpp
  Please define _WIN32_WINNT or _WIN32_WINDOWS appropriately. For example:
  - add -D_WIN32_WINNT=0x0601 to the compiler command line; or
  - add _WIN32_WINNT=0x0601 to your project's Preprocessor Definitions.
  Assuming _WIN32_WINNT=0x0601 (i.e. Windows 7 target).
D:\Code\DC-Cryptocurrency\DCC-Miner\DCC-Miner\crypto.h(84,13): warning C4267: 'initializing': conversion from 'size_t' to 'int', possible loss of data
D:\Code\DC-Cryptocurrency\DCC-Miner\DCC-Miner\crypto.h(95,40): warning C4267: '=': conversion from 'size_t' to 'unsigned char', possible loss of data
D:\Code\DC-Cryptocurrency\DCC-Miner\DCC-Miner\crypto.h(112,39): warning C4267: '=': conversion from 'size_t' to 'unsigned char', possible loss of data
D:\Code\DC-Cryptocurrency\DCC-Miner\DCC-Miner\crypto.h(139,3): warning C4996: 'strcat': This function or variable may be unsafe. Consider using strcat_s instead. To disable deprecation, use _CRT_SECURE_NO_WARNINGS. See online help for details.
D:\Code\DC-Cryptocurrency\DCC-Miner\DCC-Miner\crypto.h(131,2): warning C4996: 'MD5': Since OpenSSL 3.0
D:\Code\DC-Cryptocurrency\DCC-Miner\DCC-Miner\crypto.h(138,3): warning C4996: 'sprintf': This function or variable may be unsafe. Consider using sprintf_s instead. To disable deprecation, use _CRT_SECURE_NO_WARNINGS. See online help for details.
D:\Code\DC-Cryptocurrency\DCC-Miner\DCC-Miner\crypto.h(176,3): warning C4996: 'strcat': This function or variable may be unsafe. Consider using strcat_s instead. To disable deprecation, use _CRT_SECURE_NO_WARNINGS. See online help for details.
D:\Code\DC-Cryptocurrency\DCC-Miner\DCC-Miner\crypto.h(175,3): warning C4996: 'sprintf': This function or variable may be unsafe. Consider using sprintf_s instead. To disable deprecation, use _CRT_SECURE_NO_WARNINGS. See online help for details.
D:\Code\DC-Cryptocurrency\DCC-Miner\DCC-Miner\crypto.h(219,12): warning C4267: 'initializing': conversion from 'size_t' to 'int', possible loss of data
D:\Code\DC-Cryptocurrency\DCC-Miner\DCC-Miner\crypto.h(220,12): warning C4267: 'initializing': conversion from 'size_t' to 'int', possible loss of data
D:\Code\DC-Cryptocurrency\DCC-Miner\DCC-Miner\crypto.h(199,2): warning C4996: 'DES_set_key_unchecked': Since OpenSSL 3.0
D:\Code\DC-Cryptocurrency\DCC-Miner\DCC-Miner\crypto.h(210,3): warning C4996: 'DES_ecb_encrypt': Since OpenSSL 3.0
D:\Code\DC-Cryptocurrency\DCC-Miner\DCC-Miner\crypto.h(223,3): warning C4996: 'DES_ecb_encrypt': Since OpenSSL 3.0
D:\Code\DC-Cryptocurrency\DCC-Miner\DCC-Miner\crypto.h(268,12): warning C4267: 'initializing': conversion from 'size_t' to 'int', possible loss of data
D:\Code\DC-Cryptocurrency\DCC-Miner\DCC-Miner\crypto.h(269,12): warning C4267: 'initializing': conversion from 'size_t' to 'int', possible loss of data
D:\Code\DC-Cryptocurrency\DCC-Miner\DCC-Miner\crypto.h(249,2): warning C4996: 'DES_set_key_unchecked': Since OpenSSL 3.0
D:\Code\DC-Cryptocurrency\DCC-Miner\DCC-Miner\crypto.h(259,3): warning C4996: 'DES_ecb_encrypt': Since OpenSSL 3.0
D:\Code\DC-Cryptocurrency\DCC-Miner\DCC-Miner\crypto.h(272,3): warning C4996: 'DES_ecb_encrypt': Since OpenSSL 3.0
D:\Code\DC-Cryptocurrency\DCC-Miner\DCC-Miner\crypto.h(321,2): warning C4996: 'RAND_set_rand_method': Since OpenSSL 3.0
D:\Code\DC-Cryptocurrency\DCC-Miner\DCC-Miner\crypto.h(337,11): warning C4996: 'RAND_pseudo_bytes': Since OpenSSL 1.1.0
D:\Code\DC-Cryptocurrency\DCC-Miner\DCC-Miner\crypto.h(393,25): warning C4267: 'argument': conversion from 'size_t' to 'int', possible loss of data
D:\Code\DC-Cryptocurrency\DCC-Miner\DCC-Miner\crypto.h(394,25): warning C4267: 'argument': conversion from 'size_t' to 'int', possible loss of data
D:\Code\DC-Cryptocurrency\DCC-Miner\DCC-Miner\crypto.h(372,17): warning C4996: 'RSA_generate_key': Since OpenSSL 0.9.8
D:\Code\DC-Cryptocurrency\DCC-Miner\DCC-Miner\crypto.h(382,2): warning C4996: 'PEM_write_bio_RSAPrivateKey': Since OpenSSL 3.0
D:\Code\DC-Cryptocurrency\DCC-Miner\DCC-Miner\crypto.h(383,2): warning C4996: 'PEM_write_bio_RSAPublicKey': Since OpenSSL 3.0
D:\Code\DC-Cryptocurrency\DCC-Miner\DCC-Miner\crypto.h(404,18): warning C4996: 'fopen': This function or variable may be unsafe. Consider using fopen_s instead. To disable deprecation, use _CRT_SECURE_NO_WARNINGS. See online help for details.
D:\Code\DC-Cryptocurrency\DCC-Miner\DCC-Miner\crypto.h(413,18): warning C4996: 'fopen': This function or variable may be unsafe. Consider using fopen_s instead. To disable deprecation, use _CRT_SECURE_NO_WARNINGS. See online help for details.
D:\Code\DC-Cryptocurrency\DCC-Miner\DCC-Miner\crypto.h(423,2): warning C4996: 'RSA_free': Since OpenSSL 3.0
D:\Code\DC-Cryptocurrency\DCC-Miner\DCC-Miner\crypto.h(454,47): warning C4267: 'argument': conversion from 'size_t' to 'int', possible loss of data
D:\Code\DC-Cryptocurrency\DCC-Miner\DCC-Miner\crypto.h(446,23): warning C4996: 'RSA_new': Since OpenSSL 3.0
D:\Code\DC-Cryptocurrency\DCC-Miner\DCC-Miner\crypto.h(447,8): warning C4996: 'PEM_read_bio_RSAPublicKey': Since OpenSSL 3.0
D:\Code\DC-Cryptocurrency\DCC-Miner\DCC-Miner\crypto.h(449,12): warning C4996: 'RSA_size': Since OpenSSL 3.0
D:\Code\DC-Cryptocurrency\DCC-Miner\DCC-Miner\crypto.h(454,12): warning C4996: 'RSA_public_encrypt': Since OpenSSL 3.0
D:\Code\DC-Cryptocurrency\DCC-Miner\DCC-Miner\crypto.h(461,2): warning C4996: 'RSA_free': Since OpenSSL 3.0
D:\Code\DC-Cryptocurrency\DCC-Miner\DCC-Miner\crypto.h(486,39): warning C4267: 'argument': conversion from 'size_t' to 'int', possible loss of data
D:\Code\DC-Cryptocurrency\DCC-Miner\DCC-Miner\crypto.h(479,9): warning C4996: 'PEM_read_bio_RSAPrivateKey': Since OpenSSL 3.0
D:\Code\DC-Cryptocurrency\DCC-Miner\DCC-Miner\crypto.h(481,13): warning C4996: 'RSA_size': Since OpenSSL 3.0
D:\Code\DC-Cryptocurrency\DCC-Miner\DCC-Miner\crypto.h(486,13): warning C4996: 'RSA_private_encrypt': Since OpenSSL 3.0
D:\Code\DC-Cryptocurrency\DCC-Miner\DCC-Miner\crypto.h(493,3): warning C4996: 'RSA_free': Since OpenSSL 3.0
D:\Code\DC-Cryptocurrency\DCC-Miner\DCC-Miner\crypto.h(522,49): warning C4267: 'argument': conversion from 'size_t' to 'int', possible loss of data
D:\Code\DC-Cryptocurrency\DCC-Miner\DCC-Miner\crypto.h(507,13): warning C4996: 'RSA_new': Since OpenSSL 3.0
D:\Code\DC-Cryptocurrency\DCC-Miner\DCC-Miner\crypto.h(515,8): warning C4996: 'PEM_read_bio_RSAPrivateKey': Since OpenSSL 3.0
D:\Code\DC-Cryptocurrency\DCC-Miner\DCC-Miner\crypto.h(517,12): warning C4996: 'RSA_size': Since OpenSSL 3.0
D:\Code\DC-Cryptocurrency\DCC-Miner\DCC-Miner\crypto.h(522,12): warning C4996: 'RSA_private_decrypt': Since OpenSSL 3.0
D:\Code\DC-Cryptocurrency\DCC-Miner\DCC-Miner\crypto.h(529,2): warning C4996: 'RSA_free': Since OpenSSL 3.0
D:\Code\DC-Cryptocurrency\DCC-Miner\DCC-Miner\crypto.h(548,48): warning C4267: 'argument': conversion from 'size_t' to 'int', possible loss of data
D:\Code\DC-Cryptocurrency\DCC-Miner\DCC-Miner\crypto.h(538,13): warning C4996: 'RSA_new': Since OpenSSL 3.0
D:\Code\DC-Cryptocurrency\DCC-Miner\DCC-Miner\crypto.h(541,8): warning C4996: 'PEM_read_bio_RSAPublicKey': Since OpenSSL 3.0
D:\Code\DC-Cryptocurrency\DCC-Miner\DCC-Miner\crypto.h(543,12): warning C4996: 'RSA_size': Since OpenSSL 3.0
D:\Code\DC-Cryptocurrency\DCC-Miner\DCC-Miner\crypto.h(548,12): warning C4996: 'RSA_public_decrypt': Since OpenSSL 3.0
D:\Code\DC-Cryptocurrency\DCC-Miner\DCC-Miner\crypto.h(555,2): warning C4996: 'RSA_free': Since OpenSSL 3.0
D:\Code\DC-Cryptocurrency\DCC-Miner\DCC-Miner\Main.cpp(1071,37): warning C4244: 'argument': conversion from 'int' to 'float', possible loss of data
D:\Code\DC-Cryptocurrency\DCC-Miner\DCC-Miner\Main.cpp(1301,93): warning C4267: 'argument': conversion from 'size_t' to 'unsigned int', possible loss of data
D:\Code\DC-Cryptocurrency\DCC-Miner\DCC-Miner\Main.cpp(1386,36): warning C4244: 'argument': conversion from 'int' to 'float', possible loss of data
D:\Code\DC-Cryptocurrency\DCC-Miner\DCC-Miner\Main.cpp(1442,41): warning C4267: 'argument': conversion from 'size_t' to 'int', possible loss of data
D:\Code\DC-Cryptocurrency\DCC-Miner\DCC-Miner\Main.cpp(1513,31): warning C4101: 'e': unreferenced local variable
  P2PClient.cpp
D:\Code\DC-Cryptocurrency\DCC-Miner\DCC-Miner\P2PClient.cpp(122,15): warning C4267: 'initializing': conversion from 'size_t' to 'int', possible loss of data
D:\Code\DC-Cryptocurrency\DCC-Miner\DCC-Miner\P2PClient.cpp(134,12): warning C4244: '+=': conversion from 'SSIZE_T' to 'int', possible loss of data
D:\Code\DC-Cryptocurrency\DCC-Miner\DCC-Miner\P2PClient.cpp(139,17): warning C4244: '-=': conversion from 'SSIZE_T' to 'int', possible loss of data
D:\Code\DC-Cryptocurrency\DCC-Miner\DCC-Miner\P2PClient.cpp(608,43): warning C4267: 'argument': conversion from 'size_t' to 'int', possible loss of data
D:\Code\DC-Cryptocurrency\DCC-Miner\DCC-Miner\P2PClient.cpp(608,15): warning C4244: 'argument': conversion from 'SOCKET' to 'int', possible loss of data
D:\Code\DC-Cryptocurrency\DCC-Miner\DCC-Miner\P2PClient.cpp(616,43): warning C4267: 'argument': conversion from 'size_t' to 'int', possible loss of data
D:\Code\DC-Cryptocurrency\DCC-Miner\DCC-Miner\P2PClient.cpp(616,15): warning C4244: 'argument': conversion from 'SOCKET' to 'int', possible loss of data
D:\Code\DC-Cryptocurrency\DCC-Miner\DCC-Miner\P2PClient.cpp(624,43): warning C4267: 'argument': conversion from 'size_t' to 'int', possible loss of data
D:\Code\DC-Cryptocurrency\DCC-Miner\DCC-Miner\P2PClient.cpp(624,15): warning C4244: 'argument': conversion from 'SOCKET' to 'int', possible loss of data
D:\Code\DC-Cryptocurrency\DCC-Miner\DCC-Miner\P2PClient.cpp(655,43): warning C4267: 'argument': conversion from 'size_t' to 'int', possible loss of data
D:\Code\DC-Cryptocurrency\DCC-Miner\DCC-Miner\P2PClient.cpp(655,15): warning C4244: 'argument': conversion from 'SOCKET' to 'int', possible loss of data
D:\Code\DC-Cryptocurrency\DCC-Miner\DCC-Miner\P2PClient.cpp(672,43): warning C4267: 'argument': conversion from 'size_t' to 'int', possible loss of data
D:\Code\DC-Cryptocurrency\DCC-Miner\DCC-Miner\P2PClient.cpp(672,15): warning C4244: 'argument': conversion from 'SOCKET' to 'int', possible loss of data
D:\Code\DC-Cryptocurrency\DCC-Miner\DCC-Miner\P2PClient.cpp(686,43): warning C4267: 'argument': conversion from 'size_t' to 'int', possible loss of data
D:\Code\DC-Cryptocurrency\DCC-Miner\DCC-Miner\P2PClient.cpp(686,15): warning C4244: 'argument': conversion from 'SOCKET' to 'int', possible loss of data
D:\Code\DC-Cryptocurrency\DCC-Miner\DCC-Miner\P2PClient.cpp(695,43): warning C4267: 'argument': conversion from 'size_t' to 'int', possible loss of data
D:\Code\DC-Cryptocurrency\DCC-Miner\DCC-Miner\P2PClient.cpp(695,15): warning C4244: 'argument': conversion from 'SOCKET' to 'int', possible loss of data
D:\Code\DC-Cryptocurrency\DCC-Miner\DCC-Miner\P2PClient.cpp(705,43): warning C4267: 'argument': conversion from 'size_t' to 'int', possible loss of data
D:\Code\DC-Cryptocurrency\DCC-Miner\DCC-Miner\P2PClient.cpp(705,15): warning C4244: 'argument': conversion from 'SOCKET' to 'int', possible loss of data
D:\Code\DC-Cryptocurrency\DCC-Miner\DCC-Miner\P2PClient.cpp(716,43): warning C4267: 'argument': conversion from 'size_t' to 'int', possible loss of data
D:\Code\DC-Cryptocurrency\DCC-Miner\DCC-Miner\P2PClient.cpp(716,15): warning C4244: 'argument': conversion from 'SOCKET' to 'int', possible loss of data
D:\Code\DC-Cryptocurrency\DCC-Miner\DCC-Miner\P2PClient.cpp(572,31): warning C4996: 'inet_addr': Use inet_pton() or InetPton() instead or define _WINSOCK_DEPRECATED_NO_WARNINGS to disable deprecated API warnings
  Generating Code...
libboost_filesystem-vc143-mt-gd-x64-1_78.lib(path_traits.obj) : error LNK2038: mismatch detected for '_ITERATOR_DEBUG_LEVEL': value '2' doesn't match value '0' in Main.obj
libboost_filesystem-vc143-mt-gd-x64-1_78.lib(path_traits.obj) : error LNK2038: mismatch detected for 'RuntimeLibrary': value 'MDd_DynamicDebug' doesn't match value 'MD_DynamicRelease' in Main.obj
libboost_filesystem-vc143-mt-gd-x64-1_78.lib(path.obj) : error LNK2038: mismatch detected for '_ITERATOR_DEBUG_LEVEL': value '2' doesn't match value '0' in Main.obj
libboost_filesystem-vc143-mt-gd-x64-1_78.lib(path.obj) : error LNK2038: mismatch detected for 'RuntimeLibrary': value 'MDd_DynamicDebug' doesn't match value 'MD_DynamicRelease' in Main.obj
libboost_filesystem-vc143-mt-gd-x64-1_78.lib(codecvt_error_category.obj) : error LNK2038: mismatch detected for '_ITERATOR_DEBUG_LEVEL': value '2' doesn't match value '0' in Main.obj
libboost_filesystem-vc143-mt-gd-x64-1_78.lib(codecvt_error_category.obj) : error LNK2038: mismatch detected for 'RuntimeLibrary': value 'MDd_DynamicDebug' doesn't match value 'MD_DynamicRelease' in Main.obj
libboost_filesystem-vc143-mt-gd-x64-1_78.lib(windows_file_codecvt.obj) : error LNK2038: mismatch detected for '_ITERATOR_DEBUG_LEVEL': value '2' doesn't match value '0' in Main.obj
libboost_filesystem-vc143-mt-gd-x64-1_78.lib(windows_file_codecvt.obj) : error LNK2038: mismatch detected for 'RuntimeLibrary': value 'MDd_DynamicDebug' doesn't match value 'MD_DynamicRelease' in Main.obj
LINK : fatal error LNK1104: cannot open file 'libboost_filesystem-vc143-mt-x64-1_78.lib'
