d:\code\dc-cryptocurrency\dcc-miner\out\dcc-miner\dcc-miner.dir\debug\vc143.pdb
d:\code\dc-cryptocurrency\dcc-miner\out\dcc-miner\dcc-miner.dir\debug\p2pclient.obj
d:\code\dc-cryptocurrency\dcc-miner\out\dcc-miner\dcc-miner.dir\debug\strops.obj
d:\code\dc-cryptocurrency\dcc-miner\out\dcc-miner\dcc-miner.dir\debug\network.obj
d:\code\dc-cryptocurrency\dcc-miner\out\dcc-miner\dcc-miner.dir\debug\filemanip.obj
d:\code\dc-cryptocurrency\dcc-miner\out\dcc-miner\dcc-miner.dir\debug\console.obj
d:\code\dc-cryptocurrency\dcc-miner\out\dcc-miner\dcc-miner.dir\debug\main.obj
d:\code\dc-cryptocurrency\dcc-miner\out\dcc-miner\cmakefiles\generate.stamp
d:\code\dc-cryptocurrency\dcc-miner\out\dcc-miner\debug\dcc-miner.exe
d:\code\dc-cryptocurrency\dcc-miner\out\dcc-miner\dcc-miner.dir\debug\dcc-miner.ilk
d:\code\dc-cryptocurrency\dcc-miner\out\dcc-miner\debug\dcc-miner.pdb
d:\code\dc-cryptocurrency\dcc-miner\out\dcc-miner\dcc-miner.dir\debug\dcc-miner.tlog\cl.command.1.tlog
d:\code\dc-cryptocurrency\dcc-miner\out\dcc-miner\dcc-miner.dir\debug\dcc-miner.tlog\cl.read.1.tlog
d:\code\dc-cryptocurrency\dcc-miner\out\dcc-miner\dcc-miner.dir\debug\dcc-miner.tlog\cl.write.1.tlog
d:\code\dc-cryptocurrency\dcc-miner\out\dcc-miner\dcc-miner.dir\debug\dcc-miner.tlog\custombuild.command.1.tlog
d:\code\dc-cryptocurrency\dcc-miner\out\dcc-miner\dcc-miner.dir\debug\dcc-miner.tlog\custombuild.read.1.tlog
d:\code\dc-cryptocurrency\dcc-miner\out\dcc-miner\dcc-miner.dir\debug\dcc-miner.tlog\custombuild.write.1.tlog
d:\code\dc-cryptocurrency\dcc-miner\out\dcc-miner\dcc-miner.dir\debug\dcc-miner.tlog\link.command.1.tlog
d:\code\dc-cryptocurrency\dcc-miner\out\dcc-miner\dcc-miner.dir\debug\dcc-miner.tlog\link.read.1.tlog
d:\code\dc-cryptocurrency\dcc-miner\out\dcc-miner\dcc-miner.dir\debug\dcc-miner.tlog\link.write.1.tlog
