The system is: Windows - 10.0.19045 - AMD64
Compiling the CXX compiler identification source file "CMakeCXXCompilerId.cpp" succeeded.
Compiler:  
Build flags: 
Id flags:  

The output was:
0
MSBuild version 17.10.4+10fbfbf2e for .NET Framework
Build started 5/3/2024 7:51:54 PM.

Project "D:\Code\DC-Cryptocurrency\dcc_client\out\CMakeFiles\3.21.4\CompilerIdCXX\CompilerIdCXX.vcxproj" on node 1 (default targets).
PrepareForBuild:
  Creating directory "Debug\".
  Structured output is enabled. The formatting of compiler diagnostics will reflect the error hierarchy. See https://aka.ms/cpp/structured-output for more details.
  Creating directory "Debug\CompilerIdCXX.tlog\".
InitializeBuildStatus:
  Creating "Debug\CompilerIdCXX.tlog\unsuccessfulbuild" because "AlwaysCreate" was specified.
  Touching "Debug\CompilerIdCXX.tlog\unsuccessfulbuild".
VcpkgTripletSelection:
  Using triplet "x64-windows" from "C:\Users\Sam\vcpkg\installed\x64-windows\"
ClCompile:
  C:\Program Files\Microsoft Visual Studio\2022\Preview\VC\Tools\MSVC\14.40.33807\bin\HostX64\x64\CL.exe /c /I"C:\Users\Sam\vcpkg\installed\x64-windows\include" /nologo /W0 /WX- /diagnostics:column /Od /D _MBCS /Gm- /EHsc /RTC1 /MDd /GS /fp:precise /Zc:wchar_t /Zc:forScope /Zc:inline /Fo"Debug\\" /Fd"Debug\vc143.pdb" /external:W0 /Gd /TP /FC /errorReport:queue CMakeCXXCompilerId.cpp
  CMakeCXXCompilerId.cpp
Link:
  C:\Program Files\Microsoft Visual Studio\2022\Preview\VC\Tools\MSVC\14.40.33807\bin\HostX64\x64\link.exe /ERRORREPORT:QUEUE /OUT:".\CompilerIdCXX.exe" /INCREMENTAL:NO /NOLOGO /LIBPATH:"C:\Users\Sam\vcpkg\installed\x64-windows\debug\lib" /LIBPATH:"C:\Users\Sam\vcpkg\installed\x64-windows\debug\lib\manual-link" kernel32.lib user32.lib gdi32.lib winspool.lib comdlg32.lib advapi32.lib shell32.lib ole32.lib oleaut32.lib uuid.lib odbc32.lib odbccp32.lib "C:\Users\Sam\vcpkg\installed\x64-windows\debug\lib\*.lib" /MANIFEST /MANIFESTUAC:"level='asInvoker' uiAccess='false'" /manifest:embed /PDB:".\CompilerIdCXX.pdb" /SUBSYSTEM:CONSOLE /TLBID:1 /DYNAMICBASE /NXCOMPAT /IMPLIB:".\CompilerIdCXX.lib" /MACHINE:X64 Debug\CMakeCXXCompilerId.obj
  CompilerIdCXX.vcxproj -> D:\Code\DC-Cryptocurrency\dcc_client\out\CMakeFiles\3.21.4\CompilerIdCXX\CompilerIdCXX.exe
AppLocalFromInstalled:
  pwsh.exe -ExecutionPolicy Bypass -noprofile -File "C:\Users\Sam\vcpkg\scripts\buildsystems\msbuild\applocal.ps1" "D:\Code\DC-Cryptocurrency\dcc_client\out\CMakeFiles\3.21.4\CompilerIdCXX\CompilerIdCXX.exe" "C:\Users\Sam\vcpkg\installed\x64-windows\debug\bin" "Debug\CompilerIdCXX.tlog\CompilerIdCXX.write.1u.tlog" "Debug\vcpkg.applocal.log"
  'pwsh.exe' is not recognized as an internal or external command,
  operable program or batch file.
  The command "pwsh.exe -ExecutionPolicy Bypass -noprofile -File "C:\Users\Sam\vcpkg\scripts\buildsystems\msbuild\applocal.ps1" "D:\Code\DC-Cryptocurrency\dcc_client\out\CMakeFiles\3.21.4\CompilerIdCXX\CompilerIdCXX.exe" "C:\Users\Sam\vcpkg\installed\x64-windows\debug\bin" "Debug\CompilerIdCXX.tlog\CompilerIdCXX.write.1u.tlog" "Debug\vcpkg.applocal.log"" exited with code 9009.
  "C:\Windows\System32\WindowsPowerShell\v1.0\powershell.exe" -ExecutionPolicy Bypass -noprofile -File "C:\Users\Sam\vcpkg\scripts\buildsystems\msbuild\applocal.ps1" "D:\Code\DC-Cryptocurrency\dcc_client\out\CMakeFiles\3.21.4\CompilerIdCXX\CompilerIdCXX.exe" "C:\Users\Sam\vcpkg\installed\x64-windows\debug\bin" "Debug\CompilerIdCXX.tlog\CompilerIdCXX.write.1u.tlog" "Debug\vcpkg.applocal.log"
PostBuildEvent:
  for %%i in (cl.exe) do @echo CMAKE_CXX_COMPILER=%%~$PATH:i
  :VCEnd
  CMAKE_CXX_COMPILER=C:\Program Files\Microsoft Visual Studio\2022\Preview\VC\Tools\MSVC\14.40.33807\bin\Hostx64\x64\cl.exe
FinalizeBuildStatus:
  Deleting file "Debug\CompilerIdCXX.tlog\unsuccessfulbuild".
  Touching "Debug\CompilerIdCXX.tlog\CompilerIdCXX.lastbuildstate".
Done Building Project "D:\Code\DC-Cryptocurrency\dcc_client\out\CMakeFiles\3.21.4\CompilerIdCXX\CompilerIdCXX.vcxproj" (default targets).

Build succeeded.
    0 Warning(s)
    0 Error(s)

Time Elapsed 00:00:02.27


Compilation of the CXX compiler identification source "CMakeCXXCompilerId.cpp" produced "CompilerIdCXX.exe"

Compilation of the CXX compiler identification source "CMakeCXXCompilerId.cpp" produced "CompilerIdCXX.vcxproj"

The CXX compiler identification is MSVC, found in "D:/Code/DC-Cryptocurrency/dcc_client/out/CMakeFiles/3.21.4/CompilerIdCXX/CompilerIdCXX.exe"

Compiling the C compiler identification source file "CMakeCCompilerId.c" succeeded.
Compiler:  
Build flags: 
Id flags:  

The output was:
0
MSBuild version 17.10.4+10fbfbf2e for .NET Framework
Build started 5/3/2024 7:51:57 PM.

Project "D:\Code\DC-Cryptocurrency\dcc_client\out\CMakeFiles\3.21.4\CompilerIdC\CompilerIdC.vcxproj" on node 1 (default targets).
PrepareForBuild:
  Creating directory "Debug\".
  Structured output is enabled. The formatting of compiler diagnostics will reflect the error hierarchy. See https://aka.ms/cpp/structured-output for more details.
  Creating directory "Debug\CompilerIdC.tlog\".
InitializeBuildStatus:
  Creating "Debug\CompilerIdC.tlog\unsuccessfulbuild" because "AlwaysCreate" was specified.
  Touching "Debug\CompilerIdC.tlog\unsuccessfulbuild".
VcpkgTripletSelection:
  Using triplet "x64-windows" from "C:\Users\Sam\vcpkg\installed\x64-windows\"
ClCompile:
  C:\Program Files\Microsoft Visual Studio\2022\Preview\VC\Tools\MSVC\14.40.33807\bin\HostX64\x64\CL.exe /c /I"C:\Users\Sam\vcpkg\installed\x64-windows\include" /nologo /W0 /WX- /diagnostics:column /Od /D _MBCS /Gm- /EHsc /RTC1 /MDd /GS /fp:precise /Zc:wchar_t /Zc:forScope /Zc:inline /Fo"Debug\\" /Fd"Debug\vc143.pdb" /external:W0 /Gd /TC /FC /errorReport:queue CMakeCCompilerId.c
  CMakeCCompilerId.c
Link:
  C:\Program Files\Microsoft Visual Studio\2022\Preview\VC\Tools\MSVC\14.40.33807\bin\HostX64\x64\link.exe /ERRORREPORT:QUEUE /OUT:".\CompilerIdC.exe" /INCREMENTAL:NO /NOLOGO /LIBPATH:"C:\Users\Sam\vcpkg\installed\x64-windows\debug\lib" /LIBPATH:"C:\Users\Sam\vcpkg\installed\x64-windows\debug\lib\manual-link" kernel32.lib user32.lib gdi32.lib winspool.lib comdlg32.lib advapi32.lib shell32.lib ole32.lib oleaut32.lib uuid.lib odbc32.lib odbccp32.lib "C:\Users\Sam\vcpkg\installed\x64-windows\debug\lib\*.lib" /MANIFEST /MANIFESTUAC:"level='asInvoker' uiAccess='false'" /manifest:embed /PDB:".\CompilerIdC.pdb" /SUBSYSTEM:CONSOLE /TLBID:1 /DYNAMICBASE /NXCOMPAT /IMPLIB:".\CompilerIdC.lib" /MACHINE:X64 Debug\CMakeCCompilerId.obj
  CompilerIdC.vcxproj -> D:\Code\DC-Cryptocurrency\dcc_client\out\CMakeFiles\3.21.4\CompilerIdC\CompilerIdC.exe
AppLocalFromInstalled:
  pwsh.exe -ExecutionPolicy Bypass -noprofile -File "C:\Users\Sam\vcpkg\scripts\buildsystems\msbuild\applocal.ps1" "D:\Code\DC-Cryptocurrency\dcc_client\out\CMakeFiles\3.21.4\CompilerIdC\CompilerIdC.exe" "C:\Users\Sam\vcpkg\installed\x64-windows\debug\bin" "Debug\CompilerIdC.tlog\CompilerIdC.write.1u.tlog" "Debug\vcpkg.applocal.log"
  'pwsh.exe' is not recognized as an internal or external command,
  operable program or batch file.
  The command "pwsh.exe -ExecutionPolicy Bypass -noprofile -File "C:\Users\Sam\vcpkg\scripts\buildsystems\msbuild\applocal.ps1" "D:\Code\DC-Cryptocurrency\dcc_client\out\CMakeFiles\3.21.4\CompilerIdC\CompilerIdC.exe" "C:\Users\Sam\vcpkg\installed\x64-windows\debug\bin" "Debug\CompilerIdC.tlog\CompilerIdC.write.1u.tlog" "Debug\vcpkg.applocal.log"" exited with code 9009.
  "C:\Windows\System32\WindowsPowerShell\v1.0\powershell.exe" -ExecutionPolicy Bypass -noprofile -File "C:\Users\Sam\vcpkg\scripts\buildsystems\msbuild\applocal.ps1" "D:\Code\DC-Cryptocurrency\dcc_client\out\CMakeFiles\3.21.4\CompilerIdC\CompilerIdC.exe" "C:\Users\Sam\vcpkg\installed\x64-windows\debug\bin" "Debug\CompilerIdC.tlog\CompilerIdC.write.1u.tlog" "Debug\vcpkg.applocal.log"
PostBuildEvent:
  for %%i in (cl.exe) do @echo CMAKE_C_COMPILER=%%~$PATH:i
  :VCEnd
  CMAKE_C_COMPILER=C:\Program Files\Microsoft Visual Studio\2022\Preview\VC\Tools\MSVC\14.40.33807\bin\Hostx64\x64\cl.exe
FinalizeBuildStatus:
  Deleting file "Debug\CompilerIdC.tlog\unsuccessfulbuild".
  Touching "Debug\CompilerIdC.tlog\CompilerIdC.lastbuildstate".
Done Building Project "D:\Code\DC-Cryptocurrency\dcc_client\out\CMakeFiles\3.21.4\CompilerIdC\CompilerIdC.vcxproj" (default targets).

Build succeeded.
    0 Warning(s)
    0 Error(s)

Time Elapsed 00:00:01.67


Compilation of the C compiler identification source "CMakeCCompilerId.c" produced "CompilerIdC.exe"

Compilation of the C compiler identification source "CMakeCCompilerId.c" produced "CompilerIdC.vcxproj"

The C compiler identification is MSVC, found in "D:/Code/DC-Cryptocurrency/dcc_client/out/CMakeFiles/3.21.4/CompilerIdC/CompilerIdC.exe"

Detecting CXX compiler ABI info compiled with the following output:
Change Dir: D:/Code/DC-Cryptocurrency/dcc_client/out/CMakeFiles/CMakeTmp

Run Build Command(s):C:/Program Files/Microsoft Visual Studio/2022/Preview/MSBuild/Current/Bin/amd64/MSBuild.exe cmTC_f70e6.vcxproj /p:Configuration=Debug /p:Platform=x64 /p:VisualStudioVersion=17.0 /v:m && MSBuild version 17.10.4+10fbfbf2e for .NET Framework

  Microsoft (R) C/C++ Optimizing Compiler Version 19.40.33808 for x64
  Copyright (C) Microsoft Corporation.  All rights reserved.
  cl /c /I"C:\Users\Sam\vcpkg\installed\x64-windows\include" /Zi /W3 /WX- /diagnostics:column /Od /Ob0 /D _MBCS /D WIN32 /D _WINDOWS /D "CMAKE_INTDIR=\"Debug\"" /Gm- /EHsc /RTC1 /MDd /GS /fp:precise /Zc:wchar_t /Zc:forScope /Zc:inline /GR /Fo"cmTC_f70e6.dir\Debug\\" /Fd"cmTC_f70e6.dir\Debug\vc143.pdb" /external:W3 /Gd /TP /errorReport:queue "C:\Program Files\CMake\share\cmake-3.21\Modules\CMakeCXXCompilerABI.cpp"
  CMakeCXXCompilerABI.cpp
  cmTC_f70e6.vcxproj -> D:\Code\DC-Cryptocurrency\dcc_client\out\CMakeFiles\CMakeTmp\Debug\cmTC_f70e6.exe



Detecting C compiler ABI info compiled with the following output:
Change Dir: D:/Code/DC-Cryptocurrency/dcc_client/out/CMakeFiles/CMakeTmp

Run Build Command(s):C:/Program Files/Microsoft Visual Studio/2022/Preview/MSBuild/Current/Bin/amd64/MSBuild.exe cmTC_b12c8.vcxproj /p:Configuration=Debug /p:Platform=x64 /p:VisualStudioVersion=17.0 /v:m && MSBuild version 17.10.4+10fbfbf2e for .NET Framework

  Microsoft (R) C/C++ Optimizing Compiler Version 19.40.33808 for x64
  Copyright (C) Microsoft Corporation.  All rights reserved.
  cl /c /I"C:\Users\Sam\vcpkg\installed\x64-windows\include" /Zi /W3 /WX- /diagnostics:column /Od /Ob0 /D _MBCS /D WIN32 /D _WINDOWS /D "CMAKE_INTDIR=\"Debug\"" /Gm- /RTC1 /MDd /GS /fp:precise /Zc:wchar_t /Zc:forScope /Zc:inline /Fo"cmTC_b12c8.dir\Debug\\" /Fd"cmTC_b12c8.dir\Debug\vc143.pdb" /external:W3 /Gd /TC /errorReport:queue "C:\Program Files\CMake\share\cmake-3.21\Modules\CMakeCCompilerABI.c"
  CMakeCCompilerABI.c
  cmTC_b12c8.vcxproj -> D:\Code\DC-Cryptocurrency\dcc_client\out\CMakeFiles\CMakeTmp\Debug\cmTC_b12c8.exe



Performing C++ SOURCE FILE Test THREAD_SANITIZER_AVAILABLE succeeded with the following compile output:
Change Dir: D:/Code/DC-Cryptocurrency/dcc_client/out/CMakeFiles/CMakeTmp

Run Build Command(s):C:/Program Files/Microsoft Visual Studio/2022/Preview/MSBuild/Current/Bin/amd64/MSBuild.exe cmTC_1336e.vcxproj /p:Configuration=Debug /p:Platform=x64 /p:VisualStudioVersion=17.0 /v:m && MSBuild version 17.10.4+10fbfbf2e for .NET Framework

  Microsoft (R) C/C++ Optimizing Compiler Version 19.40.33808 for x64
  Copyright (C) Microsoft Corporation.  All rights reserved.
  cl /c /I"C:\Users\Sam\vcpkg\installed\x64-windows\include" /Zi /W3 /WX- /diagnostics:column /Od /Ob0 /D _MBCS /D WIN32 /D _WINDOWS /D THREAD_SANITIZER_AVAILABLE /D "CMAKE_INTDIR=\"Debug\"" /Gm- /EHsc /RTC1 /MDd /GS /fp:precise /Zc:wchar_t /Zc:forScope /Zc:inline /GR /Fo"cmTC_1336e.dir\Debug\\" /Fd"cmTC_1336e.dir\Debug\vc143.pdb" /external:W3 /Gd /TP /errorReport:queue  -fsanitize=thread "D:\Code\DC-Cryptocurrency\dcc_client\out\CMakeFiles\CMakeTmp\src.cxx"
cl : command line  warning D9002: ignoring unknown option '-fsanitize=thread' [D:\Code\DC-Cryptocurrency\dcc_client\out\CMakeFiles\CMakeTmp\cmTC_1336e.vcxproj]
  src.cxx
  cmTC_1336e.vcxproj -> D:\Code\DC-Cryptocurrency\dcc_client\out\CMakeFiles\CMakeTmp\Debug\cmTC_1336e.exe


...and run output:

Return value: 1
Source file was:
int main() { return 0; }
Determining if the include file sys/types.h exists passed with the following output:
Change Dir: D:/Code/DC-Cryptocurrency/dcc_client/out/CMakeFiles/CMakeTmp

Run Build Command(s):C:/Program Files/Microsoft Visual Studio/2022/Preview/MSBuild/Current/Bin/amd64/MSBuild.exe cmTC_0400f.vcxproj /p:Configuration=Debug /p:Platform=x64 /p:VisualStudioVersion=17.0 /v:m && MSBuild version 17.10.4+10fbfbf2e for .NET Framework

  Microsoft (R) C/C++ Optimizing Compiler Version 19.40.33808 for x64
  Copyright (C) Microsoft Corporation.  All rights reserved.
  cl /c /I"C:\Users\Sam\vcpkg\installed\x64-windows\include" /Zi /W3 /WX- /diagnostics:column /Od /Ob0 /D _MBCS /D WIN32 /D _WINDOWS /D _LARGEFILE64_SOURCE=1 /D __USE_LARGEFILE64 /D "CMAKE_INTDIR=\"Debug\"" /Gm- /RTC1 /MDd /GS /fp:precise /Zc:wchar_t /Zc:forScope /Zc:inline /Fo"cmTC_0400f.dir\Debug\\" /Fd"cmTC_0400f.dir\Debug\vc143.pdb" /external:W3 /Gd /TC /errorReport:queue "D:\Code\DC-Cryptocurrency\dcc_client\out\CMakeFiles\CMakeTmp\CheckIncludeFile.c"
  CheckIncludeFile.c
  cmTC_0400f.vcxproj -> D:\Code\DC-Cryptocurrency\dcc_client\out\CMakeFiles\CMakeTmp\Debug\cmTC_0400f.exe



Determining if the include file stdint.h exists passed with the following output:
Change Dir: D:/Code/DC-Cryptocurrency/dcc_client/out/CMakeFiles/CMakeTmp

Run Build Command(s):C:/Program Files/Microsoft Visual Studio/2022/Preview/MSBuild/Current/Bin/amd64/MSBuild.exe cmTC_549fa.vcxproj /p:Configuration=Debug /p:Platform=x64 /p:VisualStudioVersion=17.0 /v:m && MSBuild version 17.10.4+10fbfbf2e for .NET Framework

  Microsoft (R) C/C++ Optimizing Compiler Version 19.40.33808 for x64
  Copyright (C) Microsoft Corporation.  All rights reserved.
  cl /c /I"C:\Users\Sam\vcpkg\installed\x64-windows\include" /Zi /W3 /WX- /diagnostics:column /Od /Ob0 /D _MBCS /D WIN32 /D _WINDOWS /D _LARGEFILE64_SOURCE=1 /D __USE_LARGEFILE64 /D "CMAKE_INTDIR=\"Debug\"" /Gm- /RTC1 /MDd /GS /fp:precise /Zc:wchar_t /Zc:forScope /Zc:inline /Fo"cmTC_549fa.dir\Debug\\" /Fd"cmTC_549fa.dir\Debug\vc143.pdb" /external:W3 /Gd /TC /errorReport:queue "D:\Code\DC-Cryptocurrency\dcc_client\out\CMakeFiles\CMakeTmp\CheckIncludeFile.c"
  CheckIncludeFile.c
  cmTC_549fa.vcxproj -> D:\Code\DC-Cryptocurrency\dcc_client\out\CMakeFiles\CMakeTmp\Debug\cmTC_549fa.exe



Determining if the include file stddef.h exists passed with the following output:
Change Dir: D:/Code/DC-Cryptocurrency/dcc_client/out/CMakeFiles/CMakeTmp

Run Build Command(s):C:/Program Files/Microsoft Visual Studio/2022/Preview/MSBuild/Current/Bin/amd64/MSBuild.exe cmTC_45ce3.vcxproj /p:Configuration=Debug /p:Platform=x64 /p:VisualStudioVersion=17.0 /v:m && MSBuild version 17.10.4+10fbfbf2e for .NET Framework

  Microsoft (R) C/C++ Optimizing Compiler Version 19.40.33808 for x64
  Copyright (C) Microsoft Corporation.  All rights reserved.
  cl /c /I"C:\Users\Sam\vcpkg\installed\x64-windows\include" /Zi /W3 /WX- /diagnostics:column /Od /Ob0 /D _MBCS /D WIN32 /D _WINDOWS /D _LARGEFILE64_SOURCE=1 /D __USE_LARGEFILE64 /D "CMAKE_INTDIR=\"Debug\"" /Gm- /RTC1 /MDd /GS /fp:precise /Zc:wchar_t /Zc:forScope /Zc:inline /Fo"cmTC_45ce3.dir\Debug\\" /Fd"cmTC_45ce3.dir\Debug\vc143.pdb" /external:W3 /Gd /TC /errorReport:queue "D:\Code\DC-Cryptocurrency\dcc_client\out\CMakeFiles\CMakeTmp\CheckIncludeFile.c"
  CheckIncludeFile.c
  cmTC_45ce3.vcxproj -> D:\Code\DC-Cryptocurrency\dcc_client\out\CMakeFiles\CMakeTmp\Debug\cmTC_45ce3.exe



Determining if the function strerror exists passed with the following output:
Change Dir: D:/Code/DC-Cryptocurrency/dcc_client/out/CMakeFiles/CMakeTmp

Run Build Command(s):C:/Program Files/Microsoft Visual Studio/2022/Preview/MSBuild/Current/Bin/amd64/MSBuild.exe cmTC_c7327.vcxproj /p:Configuration=Debug /p:Platform=x64 /p:VisualStudioVersion=17.0 /v:m && MSBuild version 17.10.4+10fbfbf2e for .NET Framework

  Microsoft (R) C/C++ Optimizing Compiler Version 19.40.33808 for x64
  Copyright (C) Microsoft Corporation.  All rights reserved.
  cl /c /I"C:\Users\Sam\vcpkg\installed\x64-windows\include" /Zi /W3 /WX- /diagnostics:column /Od /Ob0 /D _MBCS /D WIN32 /D _WINDOWS /D CHECK_FUNCTION_EXISTS=strerror /D "CMAKE_INTDIR=\"Debug\"" /Gm- /RTC1 /MDd /GS /fp:precise /Zc:wchar_t /Zc:forScope /Zc:inline /Fo"cmTC_c7327.dir\Debug\\" /Fd"cmTC_c7327.dir\Debug\vc143.pdb" /external:W3 /Gd /TC /errorReport:queue "C:\Program Files\CMake\share\cmake-3.21\Modules\CheckFunctionExists.c"
  CheckFunctionExists.c
  cmTC_c7327.vcxproj -> D:\Code\DC-Cryptocurrency\dcc_client\out\CMakeFiles\CMakeTmp\Debug\cmTC_c7327.exe



Performing C SOURCE FILE Test HAVE_PTRDIFF_T succeeded with the following output:
Change Dir: D:/Code/DC-Cryptocurrency/dcc_client/out/CMakeFiles/CMakeTmp

Run Build Command(s):C:/Program Files/Microsoft Visual Studio/2022/Preview/MSBuild/Current/Bin/amd64/MSBuild.exe cmTC_56917.vcxproj /p:Configuration=Debug /p:Platform=x64 /p:VisualStudioVersion=17.0 /v:m && MSBuild version 17.10.4+10fbfbf2e for .NET Framework

  Microsoft (R) C/C++ Optimizing Compiler Version 19.40.33808 for x64
  Copyright (C) Microsoft Corporation.  All rights reserved.
  cl /c /I"C:\Users\Sam\vcpkg\installed\x64-windows\include" /Zi /W3 /WX- /diagnostics:column /Od /Ob0 /D _MBCS /D WIN32 /D _WINDOWS /D HAVE_PTRDIFF_T /D "CMAKE_INTDIR=\"Debug\"" /Gm- /RTC1 /MDd /GS /fp:precise /Zc:wchar_t /Zc:forScope /Zc:inline /Fo"cmTC_56917.dir\Debug\\" /Fd"cmTC_56917.dir\Debug\vc143.pdb" /external:W3 /Gd /TC /errorReport:queue "D:\Code\DC-Cryptocurrency\dcc_client\out\CMakeFiles\CMakeTmp\src.c"
  src.c
  cmTC_56917.vcxproj -> D:\Code\DC-Cryptocurrency\dcc_client\out\CMakeFiles\CMakeTmp\Debug\cmTC_56917.exe


Source file was:
#include <stddef.h>
     int main() {
         ptrdiff_t *a;
         (void)a;
         return 0;
    }
Performing C SOURCE FILE Test HAVE_SSE2_INTRIN succeeded with the following output:
Change Dir: D:/Code/DC-Cryptocurrency/dcc_client/out/CMakeFiles/CMakeTmp

Run Build Command(s):C:/Program Files/Microsoft Visual Studio/2022/Preview/MSBuild/Current/Bin/amd64/MSBuild.exe cmTC_ec6cd.vcxproj /p:Configuration=Debug /p:Platform=x64 /p:VisualStudioVersion=17.0 /v:m && MSBuild version 17.10.4+10fbfbf2e for .NET Framework

  Microsoft (R) C/C++ Optimizing Compiler Version 19.40.33808 for x64
  Copyright (C) Microsoft Corporation.  All rights reserved.
  cl /c /I"C:\Users\Sam\vcpkg\installed\x64-windows\include" /Zi /W3 /WX- /diagnostics:column /Od /Ob0 /D _MBCS /D WIN32 /D _WINDOWS /D ZLIB_DEBUG /D HAVE_SSE2_INTRIN /D "CMAKE_INTDIR=\"Debug\"" /Gm- /RTC1 /MDd /GS /fp:precise /Zc:wchar_t /Zc:forScope /Zc:inline /Fo"cmTC_ec6cd.dir\Debug\\" /Fd"cmTC_ec6cd.dir\Debug\vc143.pdb" /external:W3 /Gd /TC /errorReport:queue "D:\Code\DC-Cryptocurrency\dcc_client\out\CMakeFiles\CMakeTmp\src.c"
  src.c
  cmTC_ec6cd.vcxproj -> D:\Code\DC-Cryptocurrency\dcc_client\out\CMakeFiles\CMakeTmp\Debug\cmTC_ec6cd.exe


Source file was:
#include <immintrin.h>
        int main(void) {
            __m128i zero = _mm_setzero_si128();
            (void)zero;
            return 0;
        }
Performing C SOURCE FILE Test HAVE_SSSE3_INTRIN succeeded with the following output:
Change Dir: D:/Code/DC-Cryptocurrency/dcc_client/out/CMakeFiles/CMakeTmp

Run Build Command(s):C:/Program Files/Microsoft Visual Studio/2022/Preview/MSBuild/Current/Bin/amd64/MSBuild.exe cmTC_9c54c.vcxproj /p:Configuration=Debug /p:Platform=x64 /p:VisualStudioVersion=17.0 /v:m && MSBuild version 17.10.4+10fbfbf2e for .NET Framework

  Microsoft (R) C/C++ Optimizing Compiler Version 19.40.33808 for x64
  Copyright (C) Microsoft Corporation.  All rights reserved.
  cl /c /I"C:\Users\Sam\vcpkg\installed\x64-windows\include" /Zi /W3 /WX- /diagnostics:column /Od /Ob0 /D _MBCS /D WIN32 /D _WINDOWS /D ZLIB_DEBUG /D HAVE_SSSE3_INTRIN /D "CMAKE_INTDIR=\"Debug\"" /Gm- /RTC1 /MDd /GS /fp:precise /Zc:wchar_t /Zc:forScope /Zc:inline /Fo"cmTC_9c54c.dir\Debug\\" /Fd"cmTC_9c54c.dir\Debug\vc143.pdb" /external:W3 /Gd /TC /errorReport:queue "D:\Code\DC-Cryptocurrency\dcc_client\out\CMakeFiles\CMakeTmp\src.c"
  src.c
  cmTC_9c54c.vcxproj -> D:\Code\DC-Cryptocurrency\dcc_client\out\CMakeFiles\CMakeTmp\Debug\cmTC_9c54c.exe


Source file was:
#include <immintrin.h>
        int main(void) {
            __m128i u, v, w;
            u = _mm_set1_epi32(1);
            v = _mm_set1_epi32(2);
            w = _mm_hadd_epi32(u, v);
            (void)w;
            return 0;
        }
Performing C SOURCE FILE Test HAVE_SSE42CRC_INTRIN succeeded with the following output:
Change Dir: D:/Code/DC-Cryptocurrency/dcc_client/out/CMakeFiles/CMakeTmp

Run Build Command(s):C:/Program Files/Microsoft Visual Studio/2022/Preview/MSBuild/Current/Bin/amd64/MSBuild.exe cmTC_d9389.vcxproj /p:Configuration=Debug /p:Platform=x64 /p:VisualStudioVersion=17.0 /v:m && MSBuild version 17.10.4+10fbfbf2e for .NET Framework

  Microsoft (R) C/C++ Optimizing Compiler Version 19.40.33808 for x64
  Copyright (C) Microsoft Corporation.  All rights reserved.
  cl /c /I"C:\Users\Sam\vcpkg\installed\x64-windows\include" /Zi /W3 /WX- /diagnostics:column /Od /Ob0 /D _MBCS /D WIN32 /D _WINDOWS /D ZLIB_DEBUG /D HAVE_SSE42CRC_INTRIN /D "CMAKE_INTDIR=\"Debug\"" /Gm- /RTC1 /MDd /GS /fp:precise /Zc:wchar_t /Zc:forScope /Zc:inline /Fo"cmTC_d9389.dir\Debug\\" /Fd"cmTC_d9389.dir\Debug\vc143.pdb" /external:W3 /Gd /TC /errorReport:queue "D:\Code\DC-Cryptocurrency\dcc_client\out\CMakeFiles\CMakeTmp\src.c"
  src.c
  cmTC_d9389.vcxproj -> D:\Code\DC-Cryptocurrency\dcc_client\out\CMakeFiles\CMakeTmp\Debug\cmTC_d9389.exe


Source file was:
#include <immintrin.h>
        int main(void) {
            unsigned crc = 0;
            char c = 'c';
        #if defined(_MSC_VER)
            crc = _mm_crc32_u32(crc, c);
        #else
            crc = __builtin_ia32_crc32qi(crc, c);
        #endif
            (void)crc;
            return 0;
        }
Performing C SOURCE FILE Test HAVE_SSE42CMPSTR_INTRIN succeeded with the following output:
Change Dir: D:/Code/DC-Cryptocurrency/dcc_client/out/CMakeFiles/CMakeTmp

Run Build Command(s):C:/Program Files/Microsoft Visual Studio/2022/Preview/MSBuild/Current/Bin/amd64/MSBuild.exe cmTC_05325.vcxproj /p:Configuration=Debug /p:Platform=x64 /p:VisualStudioVersion=17.0 /v:m && MSBuild version 17.10.4+10fbfbf2e for .NET Framework

  Microsoft (R) C/C++ Optimizing Compiler Version 19.40.33808 for x64
  Copyright (C) Microsoft Corporation.  All rights reserved.
  cl /c /I"C:\Users\Sam\vcpkg\installed\x64-windows\include" /Zi /W3 /WX- /diagnostics:column /Od /Ob0 /D _MBCS /D WIN32 /D _WINDOWS /D ZLIB_DEBUG /D HAVE_SSE42CMPSTR_INTRIN /D "CMAKE_INTDIR=\"Debug\"" /Gm- /RTC1 /MDd /GS /fp:precise /Zc:wchar_t /Zc:forScope /Zc:inline /Fo"cmTC_05325.dir\Debug\\" /Fd"cmTC_05325.dir\Debug\vc143.pdb" /external:W3 /Gd /TC /errorReport:queue "D:\Code\DC-Cryptocurrency\dcc_client\out\CMakeFiles\CMakeTmp\src.c"
  src.c
  cmTC_05325.vcxproj -> D:\Code\DC-Cryptocurrency\dcc_client\out\CMakeFiles\CMakeTmp\Debug\cmTC_05325.exe


Source file was:
#include <immintrin.h>
        int main(void) {
            unsigned char a[64] = { 0 };
            unsigned char b[64] = { 0 };
            __m128i xmm_src0, xmm_src1;
            xmm_src0 = _mm_loadu_si128((__m128i *)(char *)a);
            xmm_src1 = _mm_loadu_si128((__m128i *)(char *)b);
            return _mm_cmpestri(xmm_src0, 16, xmm_src1, 16, 0);
        }
Performing C SOURCE FILE Test HAVE_PCLMULQDQ_INTRIN succeeded with the following output:
Change Dir: D:/Code/DC-Cryptocurrency/dcc_client/out/CMakeFiles/CMakeTmp

Run Build Command(s):C:/Program Files/Microsoft Visual Studio/2022/Preview/MSBuild/Current/Bin/amd64/MSBuild.exe cmTC_22f47.vcxproj /p:Configuration=Debug /p:Platform=x64 /p:VisualStudioVersion=17.0 /v:m && MSBuild version 17.10.4+10fbfbf2e for .NET Framework

  Microsoft (R) C/C++ Optimizing Compiler Version 19.40.33808 for x64
  Copyright (C) Microsoft Corporation.  All rights reserved.
  cl /c /I"C:\Users\Sam\vcpkg\installed\x64-windows\include" /Zi /W3 /WX- /diagnostics:column /Od /Ob0 /D _MBCS /D WIN32 /D _WINDOWS /D ZLIB_DEBUG /D HAVE_PCLMULQDQ_INTRIN /D "CMAKE_INTDIR=\"Debug\"" /Gm- /RTC1 /MDd /GS /fp:precise /Zc:wchar_t /Zc:forScope /Zc:inline /Fo"cmTC_22f47.dir\Debug\\" /Fd"cmTC_22f47.dir\Debug\vc143.pdb" /external:W3 /Gd /TC /errorReport:queue "D:\Code\DC-Cryptocurrency\dcc_client\out\CMakeFiles\CMakeTmp\src.c"
  src.c
  cmTC_22f47.vcxproj -> D:\Code\DC-Cryptocurrency\dcc_client\out\CMakeFiles\CMakeTmp\Debug\cmTC_22f47.exe


Source file was:
#include <immintrin.h>
            int main(void) {
                __m128i a = _mm_setzero_si128();
                __m128i b = _mm_setzero_si128();
                __m128i c = _mm_clmulepi64_si128(a, b, 0x10);
                (void)c;
                return 0;
            }
Performing C SOURCE FILE Test HAVE_AVX2_INTRIN succeeded with the following output:
Change Dir: D:/Code/DC-Cryptocurrency/dcc_client/out/CMakeFiles/CMakeTmp

Run Build Command(s):C:/Program Files/Microsoft Visual Studio/2022/Preview/MSBuild/Current/Bin/amd64/MSBuild.exe cmTC_6c10c.vcxproj /p:Configuration=Debug /p:Platform=x64 /p:VisualStudioVersion=17.0 /v:m && MSBuild version 17.10.4+10fbfbf2e for .NET Framework

  Microsoft (R) C/C++ Optimizing Compiler Version 19.40.33808 for x64
  Copyright (C) Microsoft Corporation.  All rights reserved.
  cl /c /I"C:\Users\Sam\vcpkg\installed\x64-windows\include" /Zi /W3 /WX- /diagnostics:column /Od /Ob0 /D _MBCS /D WIN32 /D _WINDOWS /D ZLIB_DEBUG /D HAVE_AVX2_INTRIN /D "CMAKE_INTDIR=\"Debug\"" /Gm- /RTC1 /MDd /GS /fp:precise /Zc:wchar_t /Zc:forScope /Zc:inline /Fo"cmTC_6c10c.dir\Debug\\" /Fd"cmTC_6c10c.dir\Debug\vc143.pdb" /external:W3 /Gd /TC /errorReport:queue "D:\Code\DC-Cryptocurrency\dcc_client\out\CMakeFiles\CMakeTmp\src.c"
  src.c
  cmTC_6c10c.vcxproj -> D:\Code\DC-Cryptocurrency\dcc_client\out\CMakeFiles\CMakeTmp\Debug\cmTC_6c10c.exe


Source file was:
#include <immintrin.h>
        int main(void) {
            __m256i x = _mm256_set1_epi16(2);
            const __m256i y = _mm256_set1_epi16(1);
            x = _mm256_subs_epu16(x, y);
            (void)x;
            return 0;
        }
Determining if the function getch exists in the ws2_32; passed with the following output:
Change Dir: D:/Code/DC-Cryptocurrency/dcc_client/out/CMakeFiles/CMakeTmp

Run Build Command(s):C:/Program Files/Microsoft Visual Studio/2022/Preview/MSBuild/Current/Bin/amd64/MSBuild.exe cmTC_ed5dc.vcxproj /p:Configuration=Debug /p:Platform=x64 /p:VisualStudioVersion=17.0 /v:m && MSBuild version 17.10.4+10fbfbf2e for .NET Framework

  Microsoft (R) C/C++ Optimizing Compiler Version 19.40.33808 for x64
  Copyright (C) Microsoft Corporation.  All rights reserved.
  cl /c /I"C:\Users\Sam\vcpkg\installed\x64-windows\include" /Zi /W3 /WX- /diagnostics:column /Od /Ob0 /D _MBCS /D WIN32 /D _WINDOWS /D CHECK_FUNCTION_EXISTS=getch /D _WIN32_WINNT=0x0600 /D _WINSOCKAPI_= /D "CMAKE_INTDIR=\"Debug\"" /Gm- /RTC1 /MDd /GS /fp:precise /Zc:wchar_t /Zc:forScope /Zc:inline /Fo"cmTC_ed5dc.dir\Debug\\" /Fd"cmTC_ed5dc.dir\Debug\vc143.pdb" /external:W3 /Gd /TC /errorReport:queue "C:\Program Files\CMake\share\cmake-3.21\Modules\CheckFunctionExists.c"
  CheckFunctionExists.c
  cmTC_ed5dc.vcxproj -> D:\Code\DC-Cryptocurrency\dcc_client\out\CMakeFiles\CMakeTmp\Debug\cmTC_ed5dc.exe



Determining if the function getch exists in the winmm;ws2_32 passed with the following output:
Change Dir: D:/Code/DC-Cryptocurrency/dcc_client/out/CMakeFiles/CMakeTmp

Run Build Command(s):C:/Program Files/Microsoft Visual Studio/2022/Preview/MSBuild/Current/Bin/amd64/MSBuild.exe cmTC_b3902.vcxproj /p:Configuration=Debug /p:Platform=x64 /p:VisualStudioVersion=17.0 /v:m && MSBuild version 17.10.4+10fbfbf2e for .NET Framework

  Microsoft (R) C/C++ Optimizing Compiler Version 19.40.33808 for x64
  Copyright (C) Microsoft Corporation.  All rights reserved.
  cl /c /I"C:\Users\Sam\vcpkg\installed\x64-windows\include" /Zi /W3 /WX- /diagnostics:column /Od /Ob0 /D _MBCS /D WIN32 /D _WINDOWS /D CHECK_FUNCTION_EXISTS=getch /D _WIN32_WINNT=0x0600 /D _WINSOCKAPI_= /D "CMAKE_INTDIR=\"Debug\"" /Gm- /RTC1 /MDd /GS /fp:precise /Zc:wchar_t /Zc:forScope /Zc:inline /Fo"cmTC_b3902.dir\Debug\\" /Fd"cmTC_b3902.dir\Debug\vc143.pdb" /external:W3 /Gd /TC /errorReport:queue "C:\Program Files\CMake\share\cmake-3.21\Modules\CheckFunctionExists.c"
  CheckFunctionExists.c
  cmTC_b3902.vcxproj -> D:\Code\DC-Cryptocurrency\dcc_client\out\CMakeFiles\CMakeTmp\Debug\cmTC_b3902.exe



Determining if files ;windows.h exist passed with the following output:
Change Dir: D:/Code/DC-Cryptocurrency/dcc_client/out/CMakeFiles/CMakeTmp

Run Build Command(s):C:/Program Files/Microsoft Visual Studio/2022/Preview/MSBuild/Current/Bin/amd64/MSBuild.exe cmTC_0f1b6.vcxproj /p:Configuration=Debug /p:Platform=x64 /p:VisualStudioVersion=17.0 /v:m && MSBuild version 17.10.4+10fbfbf2e for .NET Framework

  Microsoft (R) C/C++ Optimizing Compiler Version 19.40.33808 for x64
  Copyright (C) Microsoft Corporation.  All rights reserved.
  cl /c /I"C:\Users\Sam\vcpkg\installed\x64-windows\include" /Zi /W3 /WX- /diagnostics:column /Od /Ob0 /D _MBCS /D WIN32 /D _WINDOWS /D _WIN32_WINNT=0x0600 /D _WINSOCKAPI_= /D SECURITY_WIN32 /D "CMAKE_INTDIR=\"Debug\"" /Gm- /RTC1 /MDd /GS /fp:precise /Zc:wchar_t /Zc:forScope /Zc:inline /Fo"cmTC_0f1b6.dir\Debug\\" /Fd"cmTC_0f1b6.dir\Debug\vc143.pdb" /external:W3 /Gd /TC /errorReport:queue "D:\Code\DC-Cryptocurrency\dcc_client\out\CMakeFiles\CheckIncludeFiles\HAVE_WINDOWS_H.c"
  HAVE_WINDOWS_H.c
  cmTC_0f1b6.vcxproj -> D:\Code\DC-Cryptocurrency\dcc_client\out\CMakeFiles\CMakeTmp\Debug\cmTC_0f1b6.exe



Determining if files windows.h;ws2tcpip.h exist passed with the following output:
Change Dir: D:/Code/DC-Cryptocurrency/dcc_client/out/CMakeFiles/CMakeTmp

Run Build Command(s):C:/Program Files/Microsoft Visual Studio/2022/Preview/MSBuild/Current/Bin/amd64/MSBuild.exe cmTC_b03f4.vcxproj /p:Configuration=Debug /p:Platform=x64 /p:VisualStudioVersion=17.0 /v:m && MSBuild version 17.10.4+10fbfbf2e for .NET Framework

  Microsoft (R) C/C++ Optimizing Compiler Version 19.40.33808 for x64
  Copyright (C) Microsoft Corporation.  All rights reserved.
  cl /c /I"C:\Users\Sam\vcpkg\installed\x64-windows\include" /Zi /W3 /WX- /diagnostics:column /Od /Ob0 /D _MBCS /D WIN32 /D _WINDOWS /D _WIN32_WINNT=0x0600 /D _WINSOCKAPI_= /D SECURITY_WIN32 /D "CMAKE_INTDIR=\"Debug\"" /Gm- /RTC1 /MDd /GS /fp:precise /Zc:wchar_t /Zc:forScope /Zc:inline /Fo"cmTC_b03f4.dir\Debug\\" /Fd"cmTC_b03f4.dir\Debug\vc143.pdb" /external:W3 /Gd /TC /errorReport:queue "D:\Code\DC-Cryptocurrency\dcc_client\out\CMakeFiles\CheckIncludeFiles\HAVE_WS2TCPIP_H.c"
  HAVE_WS2TCPIP_H.c
  cmTC_b03f4.vcxproj -> D:\Code\DC-Cryptocurrency\dcc_client\out\CMakeFiles\CMakeTmp\Debug\cmTC_b03f4.exe



Determining if files windows.h;ws2tcpip.h;winsock2.h exist passed with the following output:
Change Dir: D:/Code/DC-Cryptocurrency/dcc_client/out/CMakeFiles/CMakeTmp

Run Build Command(s):C:/Program Files/Microsoft Visual Studio/2022/Preview/MSBuild/Current/Bin/amd64/MSBuild.exe cmTC_93f32.vcxproj /p:Configuration=Debug /p:Platform=x64 /p:VisualStudioVersion=17.0 /v:m && MSBuild version 17.10.4+10fbfbf2e for .NET Framework

  Microsoft (R) C/C++ Optimizing Compiler Version 19.40.33808 for x64
  Copyright (C) Microsoft Corporation.  All rights reserved.
  cl /c /I"C:\Users\Sam\vcpkg\installed\x64-windows\include" /Zi /W3 /WX- /diagnostics:column /Od /Ob0 /D _MBCS /D WIN32 /D _WINDOWS /D _WIN32_WINNT=0x0600 /D _WINSOCKAPI_= /D SECURITY_WIN32 /D "CMAKE_INTDIR=\"Debug\"" /Gm- /RTC1 /MDd /GS /fp:precise /Zc:wchar_t /Zc:forScope /Zc:inline /Fo"cmTC_93f32.dir\Debug\\" /Fd"cmTC_93f32.dir\Debug\vc143.pdb" /external:W3 /Gd /TC /errorReport:queue "D:\Code\DC-Cryptocurrency\dcc_client\out\CMakeFiles\CheckIncludeFiles\HAVE_WINSOCK2_H.c"
  HAVE_WINSOCK2_H.c
  cmTC_93f32.vcxproj -> D:\Code\DC-Cryptocurrency\dcc_client\out\CMakeFiles\CMakeTmp\Debug\cmTC_93f32.exe



Determining if files windows.h;ws2tcpip.h;winsock2.h;wincrypt.h exist passed with the following output:
Change Dir: D:/Code/DC-Cryptocurrency/dcc_client/out/CMakeFiles/CMakeTmp

Run Build Command(s):C:/Program Files/Microsoft Visual Studio/2022/Preview/MSBuild/Current/Bin/amd64/MSBuild.exe cmTC_346b8.vcxproj /p:Configuration=Debug /p:Platform=x64 /p:VisualStudioVersion=17.0 /v:m && MSBuild version 17.10.4+10fbfbf2e for .NET Framework

  Microsoft (R) C/C++ Optimizing Compiler Version 19.40.33808 for x64
  Copyright (C) Microsoft Corporation.  All rights reserved.
  cl /c /I"C:\Users\Sam\vcpkg\installed\x64-windows\include" /Zi /W3 /WX- /diagnostics:column /Od /Ob0 /D _MBCS /D WIN32 /D _WINDOWS /D _WIN32_WINNT=0x0600 /D _WINSOCKAPI_= /D SECURITY_WIN32 /D "CMAKE_INTDIR=\"Debug\"" /Gm- /RTC1 /MDd /GS /fp:precise /Zc:wchar_t /Zc:forScope /Zc:inline /Fo"cmTC_346b8.dir\Debug\\" /Fd"cmTC_346b8.dir\Debug\vc143.pdb" /external:W3 /Gd /TC /errorReport:queue "D:\Code\DC-Cryptocurrency\dcc_client\out\CMakeFiles\CheckIncludeFiles\HAVE_WINCRYPT_H.c"
  HAVE_WINCRYPT_H.c
  cmTC_346b8.vcxproj -> D:\Code\DC-Cryptocurrency\dcc_client\out\CMakeFiles\CMakeTmp\Debug\cmTC_346b8.exe



Determining if files windows.h;ws2tcpip.h;winsock2.h;wincrypt.h;stdio.h exist passed with the following output:
Change Dir: D:/Code/DC-Cryptocurrency/dcc_client/out/CMakeFiles/CMakeTmp

Run Build Command(s):C:/Program Files/Microsoft Visual Studio/2022/Preview/MSBuild/Current/Bin/amd64/MSBuild.exe cmTC_b5f66.vcxproj /p:Configuration=Debug /p:Platform=x64 /p:VisualStudioVersion=17.0 /v:m && MSBuild version 17.10.4+10fbfbf2e for .NET Framework

  Microsoft (R) C/C++ Optimizing Compiler Version 19.40.33808 for x64
  Copyright (C) Microsoft Corporation.  All rights reserved.
  cl /c /I"C:\Users\Sam\vcpkg\installed\x64-windows\include" /Zi /W3 /WX- /diagnostics:column /Od /Ob0 /D _MBCS /D WIN32 /D _WINDOWS /D _WIN32_WINNT=0x0600 /D _WINSOCKAPI_= /D SECURITY_WIN32 /D "CMAKE_INTDIR=\"Debug\"" /Gm- /RTC1 /MDd /GS /fp:precise /Zc:wchar_t /Zc:forScope /Zc:inline /Fo"cmTC_b5f66.dir\Debug\\" /Fd"cmTC_b5f66.dir\Debug\vc143.pdb" /external:W3 /Gd /TC /errorReport:queue "D:\Code\DC-Cryptocurrency\dcc_client\out\CMakeFiles\CheckIncludeFiles\HAVE_STDIO_H.c"
  HAVE_STDIO_H.c
  cmTC_b5f66.vcxproj -> D:\Code\DC-Cryptocurrency\dcc_client\out\CMakeFiles\CMakeTmp\Debug\cmTC_b5f66.exe



Determining if files windows.h;ws2tcpip.h;winsock2.h;wincrypt.h;stdio.h;sys/stat.h;sys/types.h;sys/utime.h;assert.h exist passed with the following output:
Change Dir: D:/Code/DC-Cryptocurrency/dcc_client/out/CMakeFiles/CMakeTmp

Run Build Command(s):C:/Program Files/Microsoft Visual Studio/2022/Preview/MSBuild/Current/Bin/amd64/MSBuild.exe cmTC_a0240.vcxproj /p:Configuration=Debug /p:Platform=x64 /p:VisualStudioVersion=17.0 /v:m && MSBuild version 17.10.4+10fbfbf2e for .NET Framework

  Microsoft (R) C/C++ Optimizing Compiler Version 19.40.33808 for x64
  Copyright (C) Microsoft Corporation.  All rights reserved.
  cl /c /I"C:\Users\Sam\vcpkg\installed\x64-windows\include" /Zi /W3 /WX- /diagnostics:column /Od /Ob0 /D _MBCS /D WIN32 /D _WINDOWS /D _WIN32_WINNT=0x0600 /D _WINSOCKAPI_= /D SECURITY_WIN32 /D "CMAKE_INTDIR=\"Debug\"" /Gm- /RTC1 /MDd /GS /fp:precise /Zc:wchar_t /Zc:forScope /Zc:inline /Fo"cmTC_a0240.dir\Debug\\" /Fd"cmTC_a0240.dir\Debug\vc143.pdb" /external:W3 /Gd /TC /errorReport:queue "D:\Code\DC-Cryptocurrency\dcc_client\out\CMakeFiles\CheckIncludeFiles\HAVE_ASSERT_H.c"
  HAVE_ASSERT_H.c
  cmTC_a0240.vcxproj -> D:\Code\DC-Cryptocurrency\dcc_client\out\CMakeFiles\CMakeTmp\Debug\cmTC_a0240.exe



Determining if files windows.h;ws2tcpip.h;winsock2.h;wincrypt.h;stdio.h;sys/stat.h;sys/types.h;sys/utime.h;assert.h;errno.h exist passed with the following output:
Change Dir: D:/Code/DC-Cryptocurrency/dcc_client/out/CMakeFiles/CMakeTmp

Run Build Command(s):C:/Program Files/Microsoft Visual Studio/2022/Preview/MSBuild/Current/Bin/amd64/MSBuild.exe cmTC_2961f.vcxproj /p:Configuration=Debug /p:Platform=x64 /p:VisualStudioVersion=17.0 /v:m && MSBuild version 17.10.4+10fbfbf2e for .NET Framework

  Microsoft (R) C/C++ Optimizing Compiler Version 19.40.33808 for x64
  Copyright (C) Microsoft Corporation.  All rights reserved.
  cl /c /I"C:\Users\Sam\vcpkg\installed\x64-windows\include" /Zi /W3 /WX- /diagnostics:column /Od /Ob0 /D _MBCS /D WIN32 /D _WINDOWS /D _WIN32_WINNT=0x0600 /D _WINSOCKAPI_= /D SECURITY_WIN32 /D "CMAKE_INTDIR=\"Debug\"" /Gm- /RTC1 /MDd /GS /fp:precise /Zc:wchar_t /Zc:forScope /Zc:inline /Fo"cmTC_2961f.dir\Debug\\" /Fd"cmTC_2961f.dir\Debug\vc143.pdb" /external:W3 /Gd /TC /errorReport:queue "D:\Code\DC-Cryptocurrency\dcc_client\out\CMakeFiles\CheckIncludeFiles\HAVE_ERRNO_H.c"
  HAVE_ERRNO_H.c
  cmTC_2961f.vcxproj -> D:\Code\DC-Cryptocurrency\dcc_client\out\CMakeFiles\CMakeTmp\Debug\cmTC_2961f.exe



Determining if files windows.h;ws2tcpip.h;winsock2.h;wincrypt.h;stdio.h;sys/stat.h;sys/types.h;sys/utime.h;assert.h;errno.h;fcntl.h;io.h;locale.h exist passed with the following output:
Change Dir: D:/Code/DC-Cryptocurrency/dcc_client/out/CMakeFiles/CMakeTmp

Run Build Command(s):C:/Program Files/Microsoft Visual Studio/2022/Preview/MSBuild/Current/Bin/amd64/MSBuild.exe cmTC_c7814.vcxproj /p:Configuration=Debug /p:Platform=x64 /p:VisualStudioVersion=17.0 /v:m && MSBuild version 17.10.4+10fbfbf2e for .NET Framework

  Microsoft (R) C/C++ Optimizing Compiler Version 19.40.33808 for x64
  Copyright (C) Microsoft Corporation.  All rights reserved.
  cl /c /I"C:\Users\Sam\vcpkg\installed\x64-windows\include" /Zi /W3 /WX- /diagnostics:column /Od /Ob0 /D _MBCS /D WIN32 /D _WINDOWS /D _WIN32_WINNT=0x0600 /D _WINSOCKAPI_= /D SECURITY_WIN32 /D "CMAKE_INTDIR=\"Debug\"" /Gm- /RTC1 /MDd /GS /fp:precise /Zc:wchar_t /Zc:forScope /Zc:inline /Fo"cmTC_c7814.dir\Debug\\" /Fd"cmTC_c7814.dir\Debug\vc143.pdb" /external:W3 /Gd /TC /errorReport:queue "D:\Code\DC-Cryptocurrency\dcc_client\out\CMakeFiles\CheckIncludeFiles\HAVE_LOCALE_H.c"
  HAVE_LOCALE_H.c
  cmTC_c7814.vcxproj -> D:\Code\DC-Cryptocurrency\dcc_client\out\CMakeFiles\CMakeTmp\Debug\cmTC_c7814.exe



Determining if files windows.h;ws2tcpip.h;winsock2.h;wincrypt.h;stdio.h;sys/stat.h;sys/types.h;sys/utime.h;assert.h;errno.h;fcntl.h;io.h;locale.h;setjmp.h;signal.h;stdbool.h exist passed with the following output:
Change Dir: D:/Code/DC-Cryptocurrency/dcc_client/out/CMakeFiles/CMakeTmp

Run Build Command(s):C:/Program Files/Microsoft Visual Studio/2022/Preview/MSBuild/Current/Bin/amd64/MSBuild.exe cmTC_24972.vcxproj /p:Configuration=Debug /p:Platform=x64 /p:VisualStudioVersion=17.0 /v:m && MSBuild version 17.10.4+10fbfbf2e for .NET Framework

  Microsoft (R) C/C++ Optimizing Compiler Version 19.40.33808 for x64
  Copyright (C) Microsoft Corporation.  All rights reserved.
  cl /c /I"C:\Users\Sam\vcpkg\installed\x64-windows\include" /Zi /W3 /WX- /diagnostics:column /Od /Ob0 /D _MBCS /D WIN32 /D _WINDOWS /D _WIN32_WINNT=0x0600 /D _WINSOCKAPI_= /D SECURITY_WIN32 /D "CMAKE_INTDIR=\"Debug\"" /Gm- /RTC1 /MDd /GS /fp:precise /Zc:wchar_t /Zc:forScope /Zc:inline /Fo"cmTC_24972.dir\Debug\\" /Fd"cmTC_24972.dir\Debug\vc143.pdb" /external:W3 /Gd /TC /errorReport:queue "D:\Code\DC-Cryptocurrency\dcc_client\out\CMakeFiles\CheckIncludeFiles\HAVE_STDBOOL_H.c"
  HAVE_STDBOOL_H.c
  cmTC_24972.vcxproj -> D:\Code\DC-Cryptocurrency\dcc_client\out\CMakeFiles\CMakeTmp\Debug\cmTC_24972.exe



Determining size of size_t passed with the following output:
Change Dir: D:/Code/DC-Cryptocurrency/dcc_client/out/CMakeFiles/CMakeTmp

Run Build Command(s):C:/Program Files/Microsoft Visual Studio/2022/Preview/MSBuild/Current/Bin/amd64/MSBuild.exe cmTC_8092a.vcxproj /p:Configuration=Debug /p:Platform=x64 /p:VisualStudioVersion=17.0 /v:m && MSBuild version 17.10.4+10fbfbf2e for .NET Framework

  Microsoft (R) C/C++ Optimizing Compiler Version 19.40.33808 for x64
  Copyright (C) Microsoft Corporation.  All rights reserved.
  cl /c /I"C:\Users\Sam\vcpkg\installed\x64-windows\include" /Zi /W3 /WX- /diagnostics:column /Od /Ob0 /D _MBCS /D WIN32 /D _WINDOWS /D _WIN32_WINNT=0x0600 /D _WINSOCKAPI_= /D SECURITY_WIN32 /D "CMAKE_INTDIR=\"Debug\"" /Gm- /RTC1 /MDd /GS /fp:precise /Zc:wchar_t /Zc:forScope /Zc:inline /Fo"cmTC_8092a.dir\Debug\\" /Fd"cmTC_8092a.dir\Debug\vc143.pdb" /external:W3 /Gd /TC /errorReport:queue "D:\Code\DC-Cryptocurrency\dcc_client\out\CMakeFiles\CheckTypeSize\SIZEOF_SIZE_T.c"
  SIZEOF_SIZE_T.c
  cmTC_8092a.vcxproj -> D:\Code\DC-Cryptocurrency\dcc_client\out\CMakeFiles\CMakeTmp\Debug\cmTC_8092a.exe



Determining size of long long passed with the following output:
Change Dir: D:/Code/DC-Cryptocurrency/dcc_client/out/CMakeFiles/CMakeTmp

Run Build Command(s):C:/Program Files/Microsoft Visual Studio/2022/Preview/MSBuild/Current/Bin/amd64/MSBuild.exe cmTC_a9f6c.vcxproj /p:Configuration=Debug /p:Platform=x64 /p:VisualStudioVersion=17.0 /v:m && MSBuild version 17.10.4+10fbfbf2e for .NET Framework

  Microsoft (R) C/C++ Optimizing Compiler Version 19.40.33808 for x64
  Copyright (C) Microsoft Corporation.  All rights reserved.
  cl /c /I"C:\Users\Sam\vcpkg\installed\x64-windows\include" /Zi /W3 /WX- /diagnostics:column /Od /Ob0 /D _MBCS /D WIN32 /D _WINDOWS /D _WIN32_WINNT=0x0600 /D _WINSOCKAPI_= /D SECURITY_WIN32 /D "CMAKE_INTDIR=\"Debug\"" /Gm- /RTC1 /MDd /GS /fp:precise /Zc:wchar_t /Zc:forScope /Zc:inline /Fo"cmTC_a9f6c.dir\Debug\\" /Fd"cmTC_a9f6c.dir\Debug\vc143.pdb" /external:W3 /Gd /TC /errorReport:queue "D:\Code\DC-Cryptocurrency\dcc_client\out\CMakeFiles\CheckTypeSize\SIZEOF_LONG_LONG.c"
  SIZEOF_LONG_LONG.c
  cmTC_a9f6c.vcxproj -> D:\Code\DC-Cryptocurrency\dcc_client\out\CMakeFiles\CMakeTmp\Debug\cmTC_a9f6c.exe



Determining size of long passed with the following output:
Change Dir: D:/Code/DC-Cryptocurrency/dcc_client/out/CMakeFiles/CMakeTmp

Run Build Command(s):C:/Program Files/Microsoft Visual Studio/2022/Preview/MSBuild/Current/Bin/amd64/MSBuild.exe cmTC_f9fd2.vcxproj /p:Configuration=Debug /p:Platform=x64 /p:VisualStudioVersion=17.0 /v:m && MSBuild version 17.10.4+10fbfbf2e for .NET Framework

  Microsoft (R) C/C++ Optimizing Compiler Version 19.40.33808 for x64
  Copyright (C) Microsoft Corporation.  All rights reserved.
  cl /c /I"C:\Users\Sam\vcpkg\installed\x64-windows\include" /Zi /W3 /WX- /diagnostics:column /Od /Ob0 /D _MBCS /D WIN32 /D _WINDOWS /D _WIN32_WINNT=0x0600 /D _WINSOCKAPI_= /D SECURITY_WIN32 /D "CMAKE_INTDIR=\"Debug\"" /Gm- /RTC1 /MDd /GS /fp:precise /Zc:wchar_t /Zc:forScope /Zc:inline /Fo"cmTC_f9fd2.dir\Debug\\" /Fd"cmTC_f9fd2.dir\Debug\vc143.pdb" /external:W3 /Gd /TC /errorReport:queue "D:\Code\DC-Cryptocurrency\dcc_client\out\CMakeFiles\CheckTypeSize\SIZEOF_LONG.c"
  SIZEOF_LONG.c
  cmTC_f9fd2.vcxproj -> D:\Code\DC-Cryptocurrency\dcc_client\out\CMakeFiles\CMakeTmp\Debug\cmTC_f9fd2.exe



Determining size of short passed with the following output:
Change Dir: D:/Code/DC-Cryptocurrency/dcc_client/out/CMakeFiles/CMakeTmp

Run Build Command(s):C:/Program Files/Microsoft Visual Studio/2022/Preview/MSBuild/Current/Bin/amd64/MSBuild.exe cmTC_66ef4.vcxproj /p:Configuration=Debug /p:Platform=x64 /p:VisualStudioVersion=17.0 /v:m && MSBuild version 17.10.4+10fbfbf2e for .NET Framework

  Microsoft (R) C/C++ Optimizing Compiler Version 19.40.33808 for x64
  Copyright (C) Microsoft Corporation.  All rights reserved.
  cl /c /I"C:\Users\Sam\vcpkg\installed\x64-windows\include" /Zi /W3 /WX- /diagnostics:column /Od /Ob0 /D _MBCS /D WIN32 /D _WINDOWS /D _WIN32_WINNT=0x0600 /D _WINSOCKAPI_= /D SECURITY_WIN32 /D "CMAKE_INTDIR=\"Debug\"" /Gm- /RTC1 /MDd /GS /fp:precise /Zc:wchar_t /Zc:forScope /Zc:inline /Fo"cmTC_66ef4.dir\Debug\\" /Fd"cmTC_66ef4.dir\Debug\vc143.pdb" /external:W3 /Gd /TC /errorReport:queue "D:\Code\DC-Cryptocurrency\dcc_client\out\CMakeFiles\CheckTypeSize\SIZEOF_SHORT.c"
  SIZEOF_SHORT.c
  cmTC_66ef4.vcxproj -> D:\Code\DC-Cryptocurrency\dcc_client\out\CMakeFiles\CMakeTmp\Debug\cmTC_66ef4.exe



Determining size of int passed with the following output:
Change Dir: D:/Code/DC-Cryptocurrency/dcc_client/out/CMakeFiles/CMakeTmp

Run Build Command(s):C:/Program Files/Microsoft Visual Studio/2022/Preview/MSBuild/Current/Bin/amd64/MSBuild.exe cmTC_6c014.vcxproj /p:Configuration=Debug /p:Platform=x64 /p:VisualStudioVersion=17.0 /v:m && MSBuild version 17.10.4+10fbfbf2e for .NET Framework

  Microsoft (R) C/C++ Optimizing Compiler Version 19.40.33808 for x64
  Copyright (C) Microsoft Corporation.  All rights reserved.
  cl /c /I"C:\Users\Sam\vcpkg\installed\x64-windows\include" /Zi /W3 /WX- /diagnostics:column /Od /Ob0 /D _MBCS /D WIN32 /D _WINDOWS /D _WIN32_WINNT=0x0600 /D _WINSOCKAPI_= /D SECURITY_WIN32 /D "CMAKE_INTDIR=\"Debug\"" /Gm- /RTC1 /MDd /GS /fp:precise /Zc:wchar_t /Zc:forScope /Zc:inline /Fo"cmTC_6c014.dir\Debug\\" /Fd"cmTC_6c014.dir\Debug\vc143.pdb" /external:W3 /Gd /TC /errorReport:queue "D:\Code\DC-Cryptocurrency\dcc_client\out\CMakeFiles\CheckTypeSize\SIZEOF_INT.c"
  SIZEOF_INT.c
  cmTC_6c014.vcxproj -> D:\Code\DC-Cryptocurrency\dcc_client\out\CMakeFiles\CMakeTmp\Debug\cmTC_6c014.exe



Determining size of __int64 passed with the following output:
Change Dir: D:/Code/DC-Cryptocurrency/dcc_client/out/CMakeFiles/CMakeTmp

Run Build Command(s):C:/Program Files/Microsoft Visual Studio/2022/Preview/MSBuild/Current/Bin/amd64/MSBuild.exe cmTC_f4dac.vcxproj /p:Configuration=Debug /p:Platform=x64 /p:VisualStudioVersion=17.0 /v:m && MSBuild version 17.10.4+10fbfbf2e for .NET Framework

  Microsoft (R) C/C++ Optimizing Compiler Version 19.40.33808 for x64
  Copyright (C) Microsoft Corporation.  All rights reserved.
  cl /c /I"C:\Users\Sam\vcpkg\installed\x64-windows\include" /Zi /W3 /WX- /diagnostics:column /Od /Ob0 /D _MBCS /D WIN32 /D _WINDOWS /D _WIN32_WINNT=0x0600 /D _WINSOCKAPI_= /D SECURITY_WIN32 /D "CMAKE_INTDIR=\"Debug\"" /Gm- /RTC1 /MDd /GS /fp:precise /Zc:wchar_t /Zc:forScope /Zc:inline /Fo"cmTC_f4dac.dir\Debug\\" /Fd"cmTC_f4dac.dir\Debug\vc143.pdb" /external:W3 /Gd /TC /errorReport:queue "D:\Code\DC-Cryptocurrency\dcc_client\out\CMakeFiles\CheckTypeSize\SIZEOF___INT64.c"
  SIZEOF___INT64.c
  cmTC_f4dac.vcxproj -> D:\Code\DC-Cryptocurrency\dcc_client\out\CMakeFiles\CMakeTmp\Debug\cmTC_f4dac.exe



Determining size of time_t passed with the following output:
Change Dir: D:/Code/DC-Cryptocurrency/dcc_client/out/CMakeFiles/CMakeTmp

Run Build Command(s):C:/Program Files/Microsoft Visual Studio/2022/Preview/MSBuild/Current/Bin/amd64/MSBuild.exe cmTC_85812.vcxproj /p:Configuration=Debug /p:Platform=x64 /p:VisualStudioVersion=17.0 /v:m && MSBuild version 17.10.4+10fbfbf2e for .NET Framework

  Microsoft (R) C/C++ Optimizing Compiler Version 19.40.33808 for x64
  Copyright (C) Microsoft Corporation.  All rights reserved.
  cl /c /I"C:\Users\Sam\vcpkg\installed\x64-windows\include" /Zi /W3 /WX- /diagnostics:column /Od /Ob0 /D _MBCS /D WIN32 /D _WINDOWS /D _WIN32_WINNT=0x0600 /D _WINSOCKAPI_= /D SECURITY_WIN32 /D "CMAKE_INTDIR=\"Debug\"" /Gm- /RTC1 /MDd /GS /fp:precise /Zc:wchar_t /Zc:forScope /Zc:inline /Fo"cmTC_85812.dir\Debug\\" /Fd"cmTC_85812.dir\Debug\vc143.pdb" /external:W3 /Gd /TC /errorReport:queue "D:\Code\DC-Cryptocurrency\dcc_client\out\CMakeFiles\CheckTypeSize\SIZEOF_TIME_T.c"
  SIZEOF_TIME_T.c
  cmTC_85812.vcxproj -> D:\Code\DC-Cryptocurrency\dcc_client\out\CMakeFiles\CMakeTmp\Debug\cmTC_85812.exe



Determining if the gethostbyname exist passed with the following output:
Change Dir: D:/Code/DC-Cryptocurrency/dcc_client/out/CMakeFiles/CMakeTmp

Run Build Command(s):C:/Program Files/Microsoft Visual Studio/2022/Preview/MSBuild/Current/Bin/amd64/MSBuild.exe cmTC_48a98.vcxproj /p:Configuration=Debug /p:Platform=x64 /p:VisualStudioVersion=17.0 /v:m && MSBuild version 17.10.4+10fbfbf2e for .NET Framework

  Microsoft (R) C/C++ Optimizing Compiler Version 19.40.33808 for x64
  Copyright (C) Microsoft Corporation.  All rights reserved.
  cl /c /I"C:\Users\Sam\vcpkg\installed\x64-windows\include" /Zi /W3 /WX- /diagnostics:column /Od /Ob0 /D _MBCS /D WIN32 /D _WINDOWS /D _WIN32_WINNT=0x0600 /D _WINSOCKAPI_= /D SECURITY_WIN32 /D "CMAKE_INTDIR=\"Debug\"" /Gm- /RTC1 /MDd /GS /fp:precise /Zc:wchar_t /Zc:forScope /Zc:inline /Fo"cmTC_48a98.dir\Debug\\" /Fd"cmTC_48a98.dir\Debug\vc143.pdb" /external:W3 /Gd /TC /errorReport:queue "D:\Code\DC-Cryptocurrency\dcc_client\out\CMakeFiles\CMakeTmp\CheckSymbolExists.c"
  CheckSymbolExists.c
D:\Code\DC-Cryptocurrency\dcc_client\out\CMakeFiles\CMakeTmp\CheckSymbolExists.c(31,19): warning C4996: 'gethostbyname': Use getaddrinfo() or GetAddrInfoW() instead or define _WINSOCK_DEPRECATED_NO_WARNINGS to disable deprecated API warnings [D:\Code\DC-Cryptocurrency\dcc_client\out\CMakeFiles\CMakeTmp\cmTC_48a98.vcxproj]
  cmTC_48a98.vcxproj -> D:\Code\DC-Cryptocurrency\dcc_client\out\CMakeFiles\CMakeTmp\Debug\cmTC_48a98.exe


File D:/Code/DC-Cryptocurrency/dcc_client/out/CMakeFiles/CMakeTmp/CheckSymbolExists.c:
/* */
#include <windows.h>
#include <ws2tcpip.h>
#include <winsock2.h>
#include <wincrypt.h>
#include <stdio.h>
#include <sys/stat.h>
#include <sys/types.h>
#include <sys/utime.h>
#include <assert.h>
#include <errno.h>
#include <fcntl.h>
#include <io.h>
#include <locale.h>
#include <setjmp.h>
#include <signal.h>
#include <stdbool.h>
#include <stdio.h>
#include <stdlib.h>
#include <string.h>
#include <time.h>
#include <process.h>
#include <stddef.h>
#include <malloc.h>
#include <memory.h>

int main(int argc, char** argv)
{
  (void)argv;
#ifndef gethostbyname
  return ((int*)(&gethostbyname))[argc];
#else
  (void)argc;
  return 0;
#endif
}
Determining if the strtoll exist passed with the following output:
Change Dir: D:/Code/DC-Cryptocurrency/dcc_client/out/CMakeFiles/CMakeTmp

Run Build Command(s):C:/Program Files/Microsoft Visual Studio/2022/Preview/MSBuild/Current/Bin/amd64/MSBuild.exe cmTC_5fa72.vcxproj /p:Configuration=Debug /p:Platform=x64 /p:VisualStudioVersion=17.0 /v:m && MSBuild version 17.10.4+10fbfbf2e for .NET Framework

  Microsoft (R) C/C++ Optimizing Compiler Version 19.40.33808 for x64
  Copyright (C) Microsoft Corporation.  All rights reserved.
  cl /c /I"C:\Users\Sam\vcpkg\installed\x64-windows\include" /Zi /W3 /WX- /diagnostics:column /Od /Ob0 /D _MBCS /D WIN32 /D _WINDOWS /D _WIN32_WINNT=0x0600 /D _WINSOCKAPI_= /D SECURITY_WIN32 /D "CMAKE_INTDIR=\"Debug\"" /Gm- /RTC1 /MDd /GS /fp:precise /Zc:wchar_t /Zc:forScope /Zc:inline /Fo"cmTC_5fa72.dir\Debug\\" /Fd"cmTC_5fa72.dir\Debug\vc143.pdb" /external:W3 /Gd /TC /errorReport:queue "D:\Code\DC-Cryptocurrency\dcc_client\out\CMakeFiles\CMakeTmp\CheckSymbolExists.c"
  CheckSymbolExists.c
  cmTC_5fa72.vcxproj -> D:\Code\DC-Cryptocurrency\dcc_client\out\CMakeFiles\CMakeTmp\Debug\cmTC_5fa72.exe


File D:/Code/DC-Cryptocurrency/dcc_client/out/CMakeFiles/CMakeTmp/CheckSymbolExists.c:
/* */
#include <windows.h>
#include <ws2tcpip.h>
#include <winsock2.h>
#include <wincrypt.h>
#include <stdio.h>
#include <sys/stat.h>
#include <sys/types.h>
#include <sys/utime.h>
#include <assert.h>
#include <errno.h>
#include <fcntl.h>
#include <io.h>
#include <locale.h>
#include <setjmp.h>
#include <signal.h>
#include <stdbool.h>
#include <stdio.h>
#include <stdlib.h>
#include <string.h>
#include <time.h>
#include <process.h>
#include <stddef.h>
#include <malloc.h>
#include <memory.h>

int main(int argc, char** argv)
{
  (void)argv;
#ifndef strtoll
  return ((int*)(&strtoll))[argc];
#else
  (void)argc;
  return 0;
#endif
}
Determining if the _strtoi64 exist passed with the following output:
Change Dir: D:/Code/DC-Cryptocurrency/dcc_client/out/CMakeFiles/CMakeTmp

Run Build Command(s):C:/Program Files/Microsoft Visual Studio/2022/Preview/MSBuild/Current/Bin/amd64/MSBuild.exe cmTC_3a48a.vcxproj /p:Configuration=Debug /p:Platform=x64 /p:VisualStudioVersion=17.0 /v:m && MSBuild version 17.10.4+10fbfbf2e for .NET Framework

  Microsoft (R) C/C++ Optimizing Compiler Version 19.40.33808 for x64
  Copyright (C) Microsoft Corporation.  All rights reserved.
  cl /c /I"C:\Users\Sam\vcpkg\installed\x64-windows\include" /Zi /W3 /WX- /diagnostics:column /Od /Ob0 /D _MBCS /D WIN32 /D _WINDOWS /D _WIN32_WINNT=0x0600 /D _WINSOCKAPI_= /D SECURITY_WIN32 /D "CMAKE_INTDIR=\"Debug\"" /Gm- /RTC1 /MDd /GS /fp:precise /Zc:wchar_t /Zc:forScope /Zc:inline /Fo"cmTC_3a48a.dir\Debug\\" /Fd"cmTC_3a48a.dir\Debug\vc143.pdb" /external:W3 /Gd /TC /errorReport:queue "D:\Code\DC-Cryptocurrency\dcc_client\out\CMakeFiles\CMakeTmp\CheckSymbolExists.c"
  CheckSymbolExists.c
  cmTC_3a48a.vcxproj -> D:\Code\DC-Cryptocurrency\dcc_client\out\CMakeFiles\CMakeTmp\Debug\cmTC_3a48a.exe


File D:/Code/DC-Cryptocurrency/dcc_client/out/CMakeFiles/CMakeTmp/CheckSymbolExists.c:
/* */
#include <windows.h>
#include <ws2tcpip.h>
#include <winsock2.h>
#include <wincrypt.h>
#include <stdio.h>
#include <sys/stat.h>
#include <sys/types.h>
#include <sys/utime.h>
#include <assert.h>
#include <errno.h>
#include <fcntl.h>
#include <io.h>
#include <locale.h>
#include <setjmp.h>
#include <signal.h>
#include <stdbool.h>
#include <stdio.h>
#include <stdlib.h>
#include <string.h>
#include <time.h>
#include <process.h>
#include <stddef.h>
#include <malloc.h>
#include <memory.h>

int main(int argc, char** argv)
{
  (void)argv;
#ifndef _strtoi64
  return ((int*)(&_strtoi64))[argc];
#else
  (void)argc;
  return 0;
#endif
}
Determining if the freeaddrinfo exist passed with the following output:
Change Dir: D:/Code/DC-Cryptocurrency/dcc_client/out/CMakeFiles/CMakeTmp

Run Build Command(s):C:/Program Files/Microsoft Visual Studio/2022/Preview/MSBuild/Current/Bin/amd64/MSBuild.exe cmTC_226be.vcxproj /p:Configuration=Debug /p:Platform=x64 /p:VisualStudioVersion=17.0 /v:m && MSBuild version 17.10.4+10fbfbf2e for .NET Framework

  Microsoft (R) C/C++ Optimizing Compiler Version 19.40.33808 for x64
  Copyright (C) Microsoft Corporation.  All rights reserved.
  cl /c /I"C:\Users\Sam\vcpkg\installed\x64-windows\include" /Zi /W3 /WX- /diagnostics:column /Od /Ob0 /D _MBCS /D WIN32 /D _WINDOWS /D _WIN32_WINNT=0x0600 /D _WINSOCKAPI_= /D SECURITY_WIN32 /D "CMAKE_INTDIR=\"Debug\"" /Gm- /RTC1 /MDd /GS /fp:precise /Zc:wchar_t /Zc:forScope /Zc:inline /Fo"cmTC_226be.dir\Debug\\" /Fd"cmTC_226be.dir\Debug\vc143.pdb" /external:W3 /Gd /TC /errorReport:queue "D:\Code\DC-Cryptocurrency\dcc_client\out\CMakeFiles\CMakeTmp\CheckSymbolExists.c"
  CheckSymbolExists.c
  cmTC_226be.vcxproj -> D:\Code\DC-Cryptocurrency\dcc_client\out\CMakeFiles\CMakeTmp\Debug\cmTC_226be.exe


File D:/Code/DC-Cryptocurrency/dcc_client/out/CMakeFiles/CMakeTmp/CheckSymbolExists.c:
/* */
#include <windows.h>
#include <ws2tcpip.h>
#include <winsock2.h>
#include <wincrypt.h>
#include <stdio.h>
#include <sys/stat.h>
#include <sys/types.h>
#include <sys/utime.h>
#include <assert.h>
#include <errno.h>
#include <fcntl.h>
#include <io.h>
#include <locale.h>
#include <setjmp.h>
#include <signal.h>
#include <stdbool.h>
#include <stdio.h>
#include <stdlib.h>
#include <string.h>
#include <time.h>
#include <process.h>
#include <stddef.h>
#include <malloc.h>
#include <memory.h>

int main(int argc, char** argv)
{
  (void)argv;
#ifndef freeaddrinfo
  return ((int*)(&freeaddrinfo))[argc];
#else
  (void)argc;
  return 0;
#endif
}
Determining if the getprotobyname exist passed with the following output:
Change Dir: D:/Code/DC-Cryptocurrency/dcc_client/out/CMakeFiles/CMakeTmp

Run Build Command(s):C:/Program Files/Microsoft Visual Studio/2022/Preview/MSBuild/Current/Bin/amd64/MSBuild.exe cmTC_cba96.vcxproj /p:Configuration=Debug /p:Platform=x64 /p:VisualStudioVersion=17.0 /v:m && MSBuild version 17.10.4+10fbfbf2e for .NET Framework

  Microsoft (R) C/C++ Optimizing Compiler Version 19.40.33808 for x64
  Copyright (C) Microsoft Corporation.  All rights reserved.
  cl /c /I"C:\Users\Sam\vcpkg\installed\x64-windows\include" /Zi /W3 /WX- /diagnostics:column /Od /Ob0 /D _MBCS /D WIN32 /D _WINDOWS /D _WIN32_WINNT=0x0600 /D _WINSOCKAPI_= /D SECURITY_WIN32 /D "CMAKE_INTDIR=\"Debug\"" /Gm- /RTC1 /MDd /GS /fp:precise /Zc:wchar_t /Zc:forScope /Zc:inline /Fo"cmTC_cba96.dir\Debug\\" /Fd"cmTC_cba96.dir\Debug\vc143.pdb" /external:W3 /Gd /TC /errorReport:queue "D:\Code\DC-Cryptocurrency\dcc_client\out\CMakeFiles\CMakeTmp\CheckSymbolExists.c"
  CheckSymbolExists.c
  cmTC_cba96.vcxproj -> D:\Code\DC-Cryptocurrency\dcc_client\out\CMakeFiles\CMakeTmp\Debug\cmTC_cba96.exe


File D:/Code/DC-Cryptocurrency/dcc_client/out/CMakeFiles/CMakeTmp/CheckSymbolExists.c:
/* */
#include <windows.h>
#include <ws2tcpip.h>
#include <winsock2.h>
#include <wincrypt.h>
#include <stdio.h>
#include <sys/stat.h>
#include <sys/types.h>
#include <sys/utime.h>
#include <assert.h>
#include <errno.h>
#include <fcntl.h>
#include <io.h>
#include <locale.h>
#include <setjmp.h>
#include <signal.h>
#include <stdbool.h>
#include <stdio.h>
#include <stdlib.h>
#include <string.h>
#include <time.h>
#include <process.h>
#include <stddef.h>
#include <malloc.h>
#include <memory.h>

int main(int argc, char** argv)
{
  (void)argv;
#ifndef getprotobyname
  return ((int*)(&getprotobyname))[argc];
#else
  (void)argc;
  return 0;
#endif
}
Determining if the getpeername exist passed with the following output:
Change Dir: D:/Code/DC-Cryptocurrency/dcc_client/out/CMakeFiles/CMakeTmp

Run Build Command(s):C:/Program Files/Microsoft Visual Studio/2022/Preview/MSBuild/Current/Bin/amd64/MSBuild.exe cmTC_fad18.vcxproj /p:Configuration=Debug /p:Platform=x64 /p:VisualStudioVersion=17.0 /v:m && MSBuild version 17.10.4+10fbfbf2e for .NET Framework

  Microsoft (R) C/C++ Optimizing Compiler Version 19.40.33808 for x64
  Copyright (C) Microsoft Corporation.  All rights reserved.
  cl /c /I"C:\Users\Sam\vcpkg\installed\x64-windows\include" /Zi /W3 /WX- /diagnostics:column /Od /Ob0 /D _MBCS /D WIN32 /D _WINDOWS /D _WIN32_WINNT=0x0600 /D _WINSOCKAPI_= /D SECURITY_WIN32 /D "CMAKE_INTDIR=\"Debug\"" /Gm- /RTC1 /MDd /GS /fp:precise /Zc:wchar_t /Zc:forScope /Zc:inline /Fo"cmTC_fad18.dir\Debug\\" /Fd"cmTC_fad18.dir\Debug\vc143.pdb" /external:W3 /Gd /TC /errorReport:queue "D:\Code\DC-Cryptocurrency\dcc_client\out\CMakeFiles\CMakeTmp\CheckSymbolExists.c"
  CheckSymbolExists.c
  cmTC_fad18.vcxproj -> D:\Code\DC-Cryptocurrency\dcc_client\out\CMakeFiles\CMakeTmp\Debug\cmTC_fad18.exe


File D:/Code/DC-Cryptocurrency/dcc_client/out/CMakeFiles/CMakeTmp/CheckSymbolExists.c:
/* */
#include <windows.h>
#include <ws2tcpip.h>
#include <winsock2.h>
#include <wincrypt.h>
#include <stdio.h>
#include <sys/stat.h>
#include <sys/types.h>
#include <sys/utime.h>
#include <assert.h>
#include <errno.h>
#include <fcntl.h>
#include <io.h>
#include <locale.h>
#include <setjmp.h>
#include <signal.h>
#include <stdbool.h>
#include <stdio.h>
#include <stdlib.h>
#include <string.h>
#include <time.h>
#include <process.h>
#include <stddef.h>
#include <malloc.h>
#include <memory.h>

int main(int argc, char** argv)
{
  (void)argv;
#ifndef getpeername
  return ((int*)(&getpeername))[argc];
#else
  (void)argc;
  return 0;
#endif
}
Determining if the getsockname exist passed with the following output:
Change Dir: D:/Code/DC-Cryptocurrency/dcc_client/out/CMakeFiles/CMakeTmp

Run Build Command(s):C:/Program Files/Microsoft Visual Studio/2022/Preview/MSBuild/Current/Bin/amd64/MSBuild.exe cmTC_482ef.vcxproj /p:Configuration=Debug /p:Platform=x64 /p:VisualStudioVersion=17.0 /v:m && MSBuild version 17.10.4+10fbfbf2e for .NET Framework

  Microsoft (R) C/C++ Optimizing Compiler Version 19.40.33808 for x64
  Copyright (C) Microsoft Corporation.  All rights reserved.
  cl /c /I"C:\Users\Sam\vcpkg\installed\x64-windows\include" /Zi /W3 /WX- /diagnostics:column /Od /Ob0 /D _MBCS /D WIN32 /D _WINDOWS /D _WIN32_WINNT=0x0600 /D _WINSOCKAPI_= /D SECURITY_WIN32 /D "CMAKE_INTDIR=\"Debug\"" /Gm- /RTC1 /MDd /GS /fp:precise /Zc:wchar_t /Zc:forScope /Zc:inline /Fo"cmTC_482ef.dir\Debug\\" /Fd"cmTC_482ef.dir\Debug\vc143.pdb" /external:W3 /Gd /TC /errorReport:queue "D:\Code\DC-Cryptocurrency\dcc_client\out\CMakeFiles\CMakeTmp\CheckSymbolExists.c"
  CheckSymbolExists.c
  cmTC_482ef.vcxproj -> D:\Code\DC-Cryptocurrency\dcc_client\out\CMakeFiles\CMakeTmp\Debug\cmTC_482ef.exe


File D:/Code/DC-Cryptocurrency/dcc_client/out/CMakeFiles/CMakeTmp/CheckSymbolExists.c:
/* */
#include <windows.h>
#include <ws2tcpip.h>
#include <winsock2.h>
#include <wincrypt.h>
#include <stdio.h>
#include <sys/stat.h>
#include <sys/types.h>
#include <sys/utime.h>
#include <assert.h>
#include <errno.h>
#include <fcntl.h>
#include <io.h>
#include <locale.h>
#include <setjmp.h>
#include <signal.h>
#include <stdbool.h>
#include <stdio.h>
#include <stdlib.h>
#include <string.h>
#include <time.h>
#include <process.h>
#include <stddef.h>
#include <malloc.h>
#include <memory.h>

int main(int argc, char** argv)
{
  (void)argv;
#ifndef getsockname
  return ((int*)(&getsockname))[argc];
#else
  (void)argc;
  return 0;
#endif
}
Determining if the setlocale exist passed with the following output:
Change Dir: D:/Code/DC-Cryptocurrency/dcc_client/out/CMakeFiles/CMakeTmp

Run Build Command(s):C:/Program Files/Microsoft Visual Studio/2022/Preview/MSBuild/Current/Bin/amd64/MSBuild.exe cmTC_045d8.vcxproj /p:Configuration=Debug /p:Platform=x64 /p:VisualStudioVersion=17.0 /v:m && MSBuild version 17.10.4+10fbfbf2e for .NET Framework

  Microsoft (R) C/C++ Optimizing Compiler Version 19.40.33808 for x64
  Copyright (C) Microsoft Corporation.  All rights reserved.
  cl /c /I"C:\Users\Sam\vcpkg\installed\x64-windows\include" /Zi /W3 /WX- /diagnostics:column /Od /Ob0 /D _MBCS /D WIN32 /D _WINDOWS /D _WIN32_WINNT=0x0600 /D _WINSOCKAPI_= /D SECURITY_WIN32 /D "CMAKE_INTDIR=\"Debug\"" /Gm- /RTC1 /MDd /GS /fp:precise /Zc:wchar_t /Zc:forScope /Zc:inline /Fo"cmTC_045d8.dir\Debug\\" /Fd"cmTC_045d8.dir\Debug\vc143.pdb" /external:W3 /Gd /TC /errorReport:queue "D:\Code\DC-Cryptocurrency\dcc_client\out\CMakeFiles\CMakeTmp\CheckSymbolExists.c"
  CheckSymbolExists.c
  cmTC_045d8.vcxproj -> D:\Code\DC-Cryptocurrency\dcc_client\out\CMakeFiles\CMakeTmp\Debug\cmTC_045d8.exe


File D:/Code/DC-Cryptocurrency/dcc_client/out/CMakeFiles/CMakeTmp/CheckSymbolExists.c:
/* */
#include <windows.h>
#include <ws2tcpip.h>
#include <winsock2.h>
#include <wincrypt.h>
#include <stdio.h>
#include <sys/stat.h>
#include <sys/types.h>
#include <sys/utime.h>
#include <assert.h>
#include <errno.h>
#include <fcntl.h>
#include <io.h>
#include <locale.h>
#include <setjmp.h>
#include <signal.h>
#include <stdbool.h>
#include <stdio.h>
#include <stdlib.h>
#include <string.h>
#include <time.h>
#include <process.h>
#include <stddef.h>
#include <malloc.h>
#include <memory.h>

int main(int argc, char** argv)
{
  (void)argv;
#ifndef setlocale
  return ((int*)(&setlocale))[argc];
#else
  (void)argc;
  return 0;
#endif
}
Determining if the setmode exist passed with the following output:
Change Dir: D:/Code/DC-Cryptocurrency/dcc_client/out/CMakeFiles/CMakeTmp

Run Build Command(s):C:/Program Files/Microsoft Visual Studio/2022/Preview/MSBuild/Current/Bin/amd64/MSBuild.exe cmTC_e77c5.vcxproj /p:Configuration=Debug /p:Platform=x64 /p:VisualStudioVersion=17.0 /v:m && MSBuild version 17.10.4+10fbfbf2e for .NET Framework

  Microsoft (R) C/C++ Optimizing Compiler Version 19.40.33808 for x64
  Copyright (C) Microsoft Corporation.  All rights reserved.
  cl /c /I"C:\Users\Sam\vcpkg\installed\x64-windows\include" /Zi /W3 /WX- /diagnostics:column /Od /Ob0 /D _MBCS /D WIN32 /D _WINDOWS /D _WIN32_WINNT=0x0600 /D _WINSOCKAPI_= /D SECURITY_WIN32 /D "CMAKE_INTDIR=\"Debug\"" /Gm- /RTC1 /MDd /GS /fp:precise /Zc:wchar_t /Zc:forScope /Zc:inline /Fo"cmTC_e77c5.dir\Debug\\" /Fd"cmTC_e77c5.dir\Debug\vc143.pdb" /external:W3 /Gd /TC /errorReport:queue "D:\Code\DC-Cryptocurrency\dcc_client\out\CMakeFiles\CMakeTmp\CheckSymbolExists.c"
  CheckSymbolExists.c
D:\Code\DC-Cryptocurrency\dcc_client\out\CMakeFiles\CMakeTmp\CheckSymbolExists.c(31,19): warning C4996: 'setmode': The POSIX name for this item is deprecated. Instead, use the ISO C and C++ conformant name: _setmode. See online help for details. [D:\Code\DC-Cryptocurrency\dcc_client\out\CMakeFiles\CMakeTmp\cmTC_e77c5.vcxproj]
  cmTC_e77c5.vcxproj -> D:\Code\DC-Cryptocurrency\dcc_client\out\CMakeFiles\CMakeTmp\Debug\cmTC_e77c5.exe


File D:/Code/DC-Cryptocurrency/dcc_client/out/CMakeFiles/CMakeTmp/CheckSymbolExists.c:
/* */
#include <windows.h>
#include <ws2tcpip.h>
#include <winsock2.h>
#include <wincrypt.h>
#include <stdio.h>
#include <sys/stat.h>
#include <sys/types.h>
#include <sys/utime.h>
#include <assert.h>
#include <errno.h>
#include <fcntl.h>
#include <io.h>
#include <locale.h>
#include <setjmp.h>
#include <signal.h>
#include <stdbool.h>
#include <stdio.h>
#include <stdlib.h>
#include <string.h>
#include <time.h>
#include <process.h>
#include <stddef.h>
#include <malloc.h>
#include <memory.h>

int main(int argc, char** argv)
{
  (void)argv;
#ifndef setmode
  return ((int*)(&setmode))[argc];
#else
  (void)argc;
  return 0;
#endif
}
Determining if the setsockopt exist passed with the following output:
Change Dir: D:/Code/DC-Cryptocurrency/dcc_client/out/CMakeFiles/CMakeTmp

Run Build Command(s):C:/Program Files/Microsoft Visual Studio/2022/Preview/MSBuild/Current/Bin/amd64/MSBuild.exe cmTC_75480.vcxproj /p:Configuration=Debug /p:Platform=x64 /p:VisualStudioVersion=17.0 /v:m && MSBuild version 17.10.4+10fbfbf2e for .NET Framework

  Microsoft (R) C/C++ Optimizing Compiler Version 19.40.33808 for x64
  Copyright (C) Microsoft Corporation.  All rights reserved.
  cl /c /I"C:\Users\Sam\vcpkg\installed\x64-windows\include" /Zi /W3 /WX- /diagnostics:column /Od /Ob0 /D _MBCS /D WIN32 /D _WINDOWS /D _WIN32_WINNT=0x0600 /D _WINSOCKAPI_= /D SECURITY_WIN32 /D "CMAKE_INTDIR=\"Debug\"" /Gm- /RTC1 /MDd /GS /fp:precise /Zc:wchar_t /Zc:forScope /Zc:inline /Fo"cmTC_75480.dir\Debug\\" /Fd"cmTC_75480.dir\Debug\vc143.pdb" /external:W3 /Gd /TC /errorReport:queue "D:\Code\DC-Cryptocurrency\dcc_client\out\CMakeFiles\CMakeTmp\CheckSymbolExists.c"
  CheckSymbolExists.c
  cmTC_75480.vcxproj -> D:\Code\DC-Cryptocurrency\dcc_client\out\CMakeFiles\CMakeTmp\Debug\cmTC_75480.exe


File D:/Code/DC-Cryptocurrency/dcc_client/out/CMakeFiles/CMakeTmp/CheckSymbolExists.c:
/* */
#include <windows.h>
#include <ws2tcpip.h>
#include <winsock2.h>
#include <wincrypt.h>
#include <stdio.h>
#include <sys/stat.h>
#include <sys/types.h>
#include <sys/utime.h>
#include <assert.h>
#include <errno.h>
#include <fcntl.h>
#include <io.h>
#include <locale.h>
#include <setjmp.h>
#include <signal.h>
#include <stdbool.h>
#include <stdio.h>
#include <stdlib.h>
#include <string.h>
#include <time.h>
#include <process.h>
#include <stddef.h>
#include <malloc.h>
#include <memory.h>

int main(int argc, char** argv)
{
  (void)argv;
#ifndef setsockopt
  return ((int*)(&setsockopt))[argc];
#else
  (void)argc;
  return 0;
#endif
}
Determining if the inet_pton exist passed with the following output:
Change Dir: D:/Code/DC-Cryptocurrency/dcc_client/out/CMakeFiles/CMakeTmp

Run Build Command(s):C:/Program Files/Microsoft Visual Studio/2022/Preview/MSBuild/Current/Bin/amd64/MSBuild.exe cmTC_feae3.vcxproj /p:Configuration=Debug /p:Platform=x64 /p:VisualStudioVersion=17.0 /v:m && MSBuild version 17.10.4+10fbfbf2e for .NET Framework

  Microsoft (R) C/C++ Optimizing Compiler Version 19.40.33808 for x64
  Copyright (C) Microsoft Corporation.  All rights reserved.
  cl /c /I"C:\Users\Sam\vcpkg\installed\x64-windows\include" /Zi /W3 /WX- /diagnostics:column /Od /Ob0 /D _MBCS /D WIN32 /D _WINDOWS /D _WIN32_WINNT=0x0600 /D _WINSOCKAPI_= /D SECURITY_WIN32 /D "CMAKE_INTDIR=\"Debug\"" /Gm- /RTC1 /MDd /GS /fp:precise /Zc:wchar_t /Zc:forScope /Zc:inline /Fo"cmTC_feae3.dir\Debug\\" /Fd"cmTC_feae3.dir\Debug\vc143.pdb" /external:W3 /Gd /TC /errorReport:queue "D:\Code\DC-Cryptocurrency\dcc_client\out\CMakeFiles\CMakeTmp\CheckSymbolExists.c"
  CheckSymbolExists.c
  cmTC_feae3.vcxproj -> D:\Code\DC-Cryptocurrency\dcc_client\out\CMakeFiles\CMakeTmp\Debug\cmTC_feae3.exe


File D:/Code/DC-Cryptocurrency/dcc_client/out/CMakeFiles/CMakeTmp/CheckSymbolExists.c:
/* */
#include <windows.h>
#include <ws2tcpip.h>
#include <winsock2.h>
#include <wincrypt.h>
#include <stdio.h>
#include <sys/stat.h>
#include <sys/types.h>
#include <sys/utime.h>
#include <assert.h>
#include <errno.h>
#include <fcntl.h>
#include <io.h>
#include <locale.h>
#include <setjmp.h>
#include <signal.h>
#include <stdbool.h>
#include <stdio.h>
#include <stdlib.h>
#include <string.h>
#include <time.h>
#include <process.h>
#include <stddef.h>
#include <malloc.h>
#include <memory.h>

int main(int argc, char** argv)
{
  (void)argv;
#ifndef inet_pton
  return ((int*)(&inet_pton))[argc];
#else
  (void)argc;
  return 0;
#endif
}
Performing Curl Test HAVE_IOCTLSOCKET passed with the following output:
Change Dir: D:/Code/DC-Cryptocurrency/dcc_client/out/CMakeFiles/CMakeTmp

Run Build Command(s):C:/Program Files/Microsoft Visual Studio/2022/Preview/MSBuild/Current/Bin/amd64/MSBuild.exe cmTC_76b8a.vcxproj /p:Configuration=Debug /p:Platform=x64 /p:VisualStudioVersion=17.0 /v:m && MSBuild version 17.10.4+10fbfbf2e for .NET Framework

  Microsoft (R) C/C++ Optimizing Compiler Version 19.40.33808 for x64
  Copyright (C) Microsoft Corporation.  All rights reserved.
  cl /c /I"C:\Users\Sam\vcpkg\installed\x64-windows\include" /Zi /W3 /WX- /diagnostics:column /Od /Ob0 /D _MBCS /D WIN32 /D _WINDOWS /D HAVE_IOCTLSOCKET /D HAVE_WINDOWS_H /D HAVE_WS2TCPIP_H /D HAVE_WINSOCK2_H /D HAVE_WINCRYPT_H /D HAVE_STDIO_H /D HAVE_SYS_STAT_H /D HAVE_SYS_TYPES_H /D HAVE_SYS_UTIME_H /D HAVE_ASSERT_H /D HAVE_ERRNO_H /D HAVE_FCNTL_H /D HAVE_IO_H /D HAVE_LOCALE_H /D HAVE_SETJMP_H /D HAVE_SIGNAL_H /D HAVE_STDBOOL_H /D HAVE_STDLIB_H /D HAVE_STRING_H /D HAVE_TIME_H /D HAVE_PROCESS_H /D HAVE_STDDEF_H /D HAVE_MALLOC_H /D HAVE_MEMORY_H /D "CMAKE_INTDIR=\"Debug\"" /Gm- /RTC1 /MDd /GS /fp:precise /Zc:wchar_t /Zc:forScope /Zc:inline /Fo"cmTC_76b8a.dir\Debug\\" /Fd"cmTC_76b8a.dir\Debug\vc143.pdb" /external:W3 /Gd /TC /errorReport:queue "D:\Code\DC-Cryptocurrency\dcc_client\out\_deps\curl-src\CMake\CurlTests.c"
  CurlTests.c
D:\Code\DC-Cryptocurrency\dcc_client\out\_deps\curl-src\CMake\CurlTests.c(241,1): warning C4700: uninitialized local variable 'socket' used [D:\Code\DC-Cryptocurrency\dcc_client\out\CMakeFiles\CMakeTmp\cmTC_76b8a.vcxproj]
  cmTC_76b8a.vcxproj -> D:\Code\DC-Cryptocurrency\dcc_client\out\CMakeFiles\CMakeTmp\Debug\cmTC_76b8a.exe


Performing Curl Test HAVE_IOCTLSOCKET_FIONBIO passed with the following output:
Change Dir: D:/Code/DC-Cryptocurrency/dcc_client/out/CMakeFiles/CMakeTmp

Run Build Command(s):C:/Program Files/Microsoft Visual Studio/2022/Preview/MSBuild/Current/Bin/amd64/MSBuild.exe cmTC_469e5.vcxproj /p:Configuration=Debug /p:Platform=x64 /p:VisualStudioVersion=17.0 /v:m && MSBuild version 17.10.4+10fbfbf2e for .NET Framework

  Microsoft (R) C/C++ Optimizing Compiler Version 19.40.33808 for x64
  Copyright (C) Microsoft Corporation.  All rights reserved.
  cl /c /I"C:\Users\Sam\vcpkg\installed\x64-windows\include" /Zi /W3 /WX- /diagnostics:column /Od /Ob0 /D _MBCS /D WIN32 /D _WINDOWS /D HAVE_IOCTLSOCKET_FIONBIO /D HAVE_WINDOWS_H /D HAVE_WS2TCPIP_H /D HAVE_WINSOCK2_H /D HAVE_WINCRYPT_H /D HAVE_STDIO_H /D HAVE_SYS_STAT_H /D HAVE_SYS_TYPES_H /D HAVE_SYS_UTIME_H /D HAVE_ASSERT_H /D HAVE_ERRNO_H /D HAVE_FCNTL_H /D HAVE_IO_H /D HAVE_LOCALE_H /D HAVE_SETJMP_H /D HAVE_SIGNAL_H /D HAVE_STDBOOL_H /D HAVE_STDLIB_H /D HAVE_STRING_H /D HAVE_TIME_H /D HAVE_PROCESS_H /D HAVE_STDDEF_H /D HAVE_MALLOC_H /D HAVE_MEMORY_H /D "CMAKE_INTDIR=\"Debug\"" /Gm- /RTC1 /MDd /GS /fp:precise /Zc:wchar_t /Zc:forScope /Zc:inline /Fo"cmTC_469e5.dir\Debug\\" /Fd"cmTC_469e5.dir\Debug\vc143.pdb" /external:W3 /Gd /TC /errorReport:queue "D:\Code\DC-Cryptocurrency\dcc_client\out\_deps\curl-src\CMake\CurlTests.c"
  CurlTests.c
  cmTC_469e5.vcxproj -> D:\Code\DC-Cryptocurrency\dcc_client\out\CMakeFiles\CMakeTmp\Debug\cmTC_469e5.exe


Performing Curl Test HAVE_BOOL_T passed with the following output:
Change Dir: D:/Code/DC-Cryptocurrency/dcc_client/out/CMakeFiles/CMakeTmp

Run Build Command(s):C:/Program Files/Microsoft Visual Studio/2022/Preview/MSBuild/Current/Bin/amd64/MSBuild.exe cmTC_0b03a.vcxproj /p:Configuration=Debug /p:Platform=x64 /p:VisualStudioVersion=17.0 /v:m && MSBuild version 17.10.4+10fbfbf2e for .NET Framework

  Microsoft (R) C/C++ Optimizing Compiler Version 19.40.33808 for x64
  Copyright (C) Microsoft Corporation.  All rights reserved.
  cl /c /I"C:\Users\Sam\vcpkg\installed\x64-windows\include" /Zi /W3 /WX- /diagnostics:column /Od /Ob0 /D _MBCS /D WIN32 /D _WINDOWS /D HAVE_BOOL_T /D HAVE_WINDOWS_H /D HAVE_WS2TCPIP_H /D HAVE_WINSOCK2_H /D HAVE_WINCRYPT_H /D HAVE_STDIO_H /D HAVE_SYS_STAT_H /D HAVE_SYS_TYPES_H /D HAVE_SYS_UTIME_H /D HAVE_ASSERT_H /D HAVE_ERRNO_H /D HAVE_FCNTL_H /D HAVE_IO_H /D HAVE_LOCALE_H /D HAVE_SETJMP_H /D HAVE_SIGNAL_H /D HAVE_STDBOOL_H /D HAVE_STDLIB_H /D HAVE_STRING_H /D HAVE_TIME_H /D HAVE_PROCESS_H /D HAVE_STDDEF_H /D HAVE_MALLOC_H /D HAVE_MEMORY_H /D "CMAKE_INTDIR=\"Debug\"" /Gm- /RTC1 /MDd /GS /fp:precise /Zc:wchar_t /Zc:forScope /Zc:inline /Fo"cmTC_0b03a.dir\Debug\\" /Fd"cmTC_0b03a.dir\Debug\vc143.pdb" /external:W3 /Gd /TC /errorReport:queue "D:\Code\DC-Cryptocurrency\dcc_client\out\_deps\curl-src\CMake\CurlTests.c"
  CurlTests.c
  cmTC_0b03a.vcxproj -> D:\Code\DC-Cryptocurrency\dcc_client\out\CMakeFiles\CMakeTmp\Debug\cmTC_0b03a.exe


Performing Curl Test HAVE_VARIADIC_MACROS_C99 passed with the following output:
Change Dir: D:/Code/DC-Cryptocurrency/dcc_client/out/CMakeFiles/CMakeTmp

Run Build Command(s):C:/Program Files/Microsoft Visual Studio/2022/Preview/MSBuild/Current/Bin/amd64/MSBuild.exe cmTC_8ef75.vcxproj /p:Configuration=Debug /p:Platform=x64 /p:VisualStudioVersion=17.0 /v:m && MSBuild version 17.10.4+10fbfbf2e for .NET Framework

  Microsoft (R) C/C++ Optimizing Compiler Version 19.40.33808 for x64
  Copyright (C) Microsoft Corporation.  All rights reserved.
  cl /c /I"C:\Users\Sam\vcpkg\installed\x64-windows\include" /Zi /W3 /WX- /diagnostics:column /Od /Ob0 /D _MBCS /D WIN32 /D _WINDOWS /D HAVE_VARIADIC_MACROS_C99 /D HAVE_WINDOWS_H /D HAVE_WS2TCPIP_H /D HAVE_WINSOCK2_H /D HAVE_WINCRYPT_H /D HAVE_STDIO_H /D HAVE_SYS_STAT_H /D HAVE_SYS_TYPES_H /D HAVE_SYS_UTIME_H /D HAVE_ASSERT_H /D HAVE_ERRNO_H /D HAVE_FCNTL_H /D HAVE_IO_H /D HAVE_LOCALE_H /D HAVE_SETJMP_H /D HAVE_SIGNAL_H /D HAVE_STDBOOL_H /D HAVE_STDLIB_H /D HAVE_STRING_H /D HAVE_TIME_H /D HAVE_PROCESS_H /D HAVE_STDDEF_H /D HAVE_MALLOC_H /D HAVE_MEMORY_H /D "CMAKE_INTDIR=\"Debug\"" /Gm- /RTC1 /MDd /GS /fp:precise /Zc:wchar_t /Zc:forScope /Zc:inline /Fo"cmTC_8ef75.dir\Debug\\" /Fd"cmTC_8ef75.dir\Debug\vc143.pdb" /external:W3 /Gd /TC /errorReport:queue "D:\Code\DC-Cryptocurrency\dcc_client\out\_deps\curl-src\CMake\CurlTests.c"
  CurlTests.c
  cmTC_8ef75.vcxproj -> D:\Code\DC-Cryptocurrency\dcc_client\out\CMakeFiles\CMakeTmp\Debug\cmTC_8ef75.exe


Determining size of off_t passed with the following output:
Change Dir: D:/Code/DC-Cryptocurrency/dcc_client/out/CMakeFiles/CMakeTmp

Run Build Command(s):C:/Program Files/Microsoft Visual Studio/2022/Preview/MSBuild/Current/Bin/amd64/MSBuild.exe cmTC_1e4e3.vcxproj /p:Configuration=Debug /p:Platform=x64 /p:VisualStudioVersion=17.0 /v:m && MSBuild version 17.10.4+10fbfbf2e for .NET Framework

  Microsoft (R) C/C++ Optimizing Compiler Version 19.40.33808 for x64
  Copyright (C) Microsoft Corporation.  All rights reserved.
  cl /c /I"C:\Users\Sam\vcpkg\installed\x64-windows\include" /Zi /W3 /WX- /diagnostics:column /Od /Ob0 /D _MBCS /D WIN32 /D _WINDOWS /D _WIN32_WINNT=0x0600 /D _WINSOCKAPI_= /D SECURITY_WIN32 /D "CMAKE_INTDIR=\"Debug\"" /Gm- /RTC1 /MDd /GS /fp:precise /Zc:wchar_t /Zc:forScope /Zc:inline /Fo"cmTC_1e4e3.dir\Debug\\" /Fd"cmTC_1e4e3.dir\Debug\vc143.pdb" /external:W3 /Gd /TC /errorReport:queue "D:\Code\DC-Cryptocurrency\dcc_client\out\CMakeFiles\CheckTypeSize\SIZEOF_OFF_T.c"
  SIZEOF_OFF_T.c
  cmTC_1e4e3.vcxproj -> D:\Code\DC-Cryptocurrency\dcc_client\out\CMakeFiles\CMakeTmp\Debug\cmTC_1e4e3.exe



Determining size of curl_off_t passed with the following output:
Change Dir: D:/Code/DC-Cryptocurrency/dcc_client/out/CMakeFiles/CMakeTmp

Run Build Command(s):C:/Program Files/Microsoft Visual Studio/2022/Preview/MSBuild/Current/Bin/amd64/MSBuild.exe cmTC_71a77.vcxproj /p:Configuration=Debug /p:Platform=x64 /p:VisualStudioVersion=17.0 /v:m && MSBuild version 17.10.4+10fbfbf2e for .NET Framework

  Microsoft (R) C/C++ Optimizing Compiler Version 19.40.33808 for x64
  Copyright (C) Microsoft Corporation.  All rights reserved.
  cl /c /I"D:\Code\DC-Cryptocurrency\dcc_client\out\_deps\curl-src\include" /I"C:\Users\Sam\vcpkg\installed\x64-windows\include" /Zi /W3 /WX- /diagnostics:column /Od /Ob0 /D _MBCS /D WIN32 /D _WINDOWS /D _WIN32_WINNT=0x0600 /D _WINSOCKAPI_= /D SECURITY_WIN32 /D "CMAKE_INTDIR=\"Debug\"" /Gm- /RTC1 /MDd /GS /fp:precise /Zc:wchar_t /Zc:forScope /Zc:inline /Fo"cmTC_71a77.dir\Debug\\" /Fd"cmTC_71a77.dir\Debug\vc143.pdb" /external:W3 /Gd /TC /errorReport:queue "D:\Code\DC-Cryptocurrency\dcc_client\out\CMakeFiles\CheckTypeSize\SIZEOF_CURL_OFF_T.c"
  SIZEOF_CURL_OFF_T.c
  cmTC_71a77.vcxproj -> D:\Code\DC-Cryptocurrency\dcc_client\out\CMakeFiles\CMakeTmp\Debug\cmTC_71a77.exe



Performing C SOURCE FILE Test curl_cv_recv succeeded with the following output:
Change Dir: D:/Code/DC-Cryptocurrency/dcc_client/out/CMakeFiles/CMakeTmp

Run Build Command(s):C:/Program Files/Microsoft Visual Studio/2022/Preview/MSBuild/Current/Bin/amd64/MSBuild.exe cmTC_32d52.vcxproj /p:Configuration=Debug /p:Platform=x64 /p:VisualStudioVersion=17.0 /v:m && MSBuild version 17.10.4+10fbfbf2e for .NET Framework

  Microsoft (R) C/C++ Optimizing Compiler Version 19.40.33808 for x64
  Copyright (C) Microsoft Corporation.  All rights reserved.
  cl /c /I"D:\Code\DC-Cryptocurrency\dcc_client\out\_deps\curl-src\include" /I"C:\Users\Sam\vcpkg\installed\x64-windows\include" /Zi /W3 /WX- /diagnostics:column /Od /Ob0 /D _MBCS /D WIN32 /D _WINDOWS /D _WIN32_WINNT=0x0600 /D _WINSOCKAPI_= /D SECURITY_WIN32 /D curl_cv_recv /D "CMAKE_INTDIR=\"Debug\"" /Gm- /RTC1 /MDd /GS /fp:precise /Zc:wchar_t /Zc:forScope /Zc:inline /Fo"cmTC_32d52.dir\Debug\\" /Fd"D:\Code\DC-Cryptocurrency\dcc_client\out\CMakeFiles\CMakeTmp\Debug\cmTC_32d52.pdb" /external:W3 /Gd /TC /errorReport:queue "D:\Code\DC-Cryptocurrency\dcc_client\out\CMakeFiles\CMakeTmp\src.c"
  src.c
  cmTC_32d52.vcxproj -> D:\Code\DC-Cryptocurrency\dcc_client\out\CMakeFiles\CMakeTmp\Debug\cmTC_32d52.lib


Source file was:
#undef inline
#include <winsock2.h>
#include <windows.h>
#ifndef WIN32_LEAN_AND_MEAN
#define WIN32_LEAN_AND_MEAN
#endif
int main(void) {
    recv(0, 0, 0, 0);
    return 0;
}
Performing C SOURCE FILE Test curl_cv_func_recv_test succeeded with the following output:
Change Dir: D:/Code/DC-Cryptocurrency/dcc_client/out/CMakeFiles/CMakeTmp

Run Build Command(s):C:/Program Files/Microsoft Visual Studio/2022/Preview/MSBuild/Current/Bin/amd64/MSBuild.exe cmTC_14242.vcxproj /p:Configuration=Debug /p:Platform=x64 /p:VisualStudioVersion=17.0 /v:m && MSBuild version 17.10.4+10fbfbf2e for .NET Framework

  Microsoft (R) C/C++ Optimizing Compiler Version 19.40.33808 for x64
  Copyright (C) Microsoft Corporation.  All rights reserved.
  cl /c /I"D:\Code\DC-Cryptocurrency\dcc_client\out\_deps\curl-src\include" /I"C:\Users\Sam\vcpkg\installed\x64-windows\include" /Zi /W3 /WX- /diagnostics:column /Od /Ob0 /D _MBCS /D WIN32 /D _WINDOWS /D _WIN32_WINNT=0x0600 /D _WINSOCKAPI_= /D SECURITY_WIN32 /D curl_cv_func_recv_test /D "CMAKE_INTDIR=\"Debug\"" /Gm- /RTC1 /MDd /GS /fp:precise /Zc:wchar_t /Zc:forScope /Zc:inline /Fo"cmTC_14242.dir\Debug\\" /Fd"D:\Code\DC-Cryptocurrency\dcc_client\out\CMakeFiles\CMakeTmp\Debug\cmTC_14242.pdb" /external:W3 /Gd /TC /errorReport:queue "D:\Code\DC-Cryptocurrency\dcc_client\out\CMakeFiles\CMakeTmp\src.c"
  src.c
  cmTC_14242.vcxproj -> D:\Code\DC-Cryptocurrency\dcc_client\out\CMakeFiles\CMakeTmp\Debug\cmTC_14242.lib


Source file was:

    #undef inline
#include <winsock2.h>
#include <windows.h>
#ifndef WIN32_LEAN_AND_MEAN
#define WIN32_LEAN_AND_MEAN
#endif
    #ifdef WINSOCK_API_LINKAGE
    WINSOCK_API_LINKAGE
    #endif
    extern int PASCAL
    recv(SOCKET, char *, int, int);
    int main(void) {
      SOCKET s=0;
      char * buf=0;
      int len=0;
      int flags=0;
      int res = recv(s, buf, len, flags);
      (void) res;
      return 0;
    }
Performing C SOURCE FILE Test curl_cv_send succeeded with the following output:
Change Dir: D:/Code/DC-Cryptocurrency/dcc_client/out/CMakeFiles/CMakeTmp

Run Build Command(s):C:/Program Files/Microsoft Visual Studio/2022/Preview/MSBuild/Current/Bin/amd64/MSBuild.exe cmTC_277ce.vcxproj /p:Configuration=Debug /p:Platform=x64 /p:VisualStudioVersion=17.0 /v:m && MSBuild version 17.10.4+10fbfbf2e for .NET Framework

  Microsoft (R) C/C++ Optimizing Compiler Version 19.40.33808 for x64
  Copyright (C) Microsoft Corporation.  All rights reserved.
  cl /c /I"D:\Code\DC-Cryptocurrency\dcc_client\out\_deps\curl-src\include" /I"C:\Users\Sam\vcpkg\installed\x64-windows\include" /Zi /W3 /WX- /diagnostics:column /Od /Ob0 /D _MBCS /D WIN32 /D _WINDOWS /D _WIN32_WINNT=0x0600 /D _WINSOCKAPI_= /D SECURITY_WIN32 /D curl_cv_send /D "CMAKE_INTDIR=\"Debug\"" /Gm- /RTC1 /MDd /GS /fp:precise /Zc:wchar_t /Zc:forScope /Zc:inline /Fo"cmTC_277ce.dir\Debug\\" /Fd"D:\Code\DC-Cryptocurrency\dcc_client\out\CMakeFiles\CMakeTmp\Debug\cmTC_277ce.pdb" /external:W3 /Gd /TC /errorReport:queue "D:\Code\DC-Cryptocurrency\dcc_client\out\CMakeFiles\CMakeTmp\src.c"
  src.c
  cmTC_277ce.vcxproj -> D:\Code\DC-Cryptocurrency\dcc_client\out\CMakeFiles\CMakeTmp\Debug\cmTC_277ce.lib


Source file was:
#undef inline
#include <winsock2.h>
#include <windows.h>
#ifndef WIN32_LEAN_AND_MEAN
#define WIN32_LEAN_AND_MEAN
#endif
int main(void) {
    send(0, 0, 0, 0);
    return 0;
}
Performing C SOURCE FILE Test curl_cv_func_send_test succeeded with the following output:
Change Dir: D:/Code/DC-Cryptocurrency/dcc_client/out/CMakeFiles/CMakeTmp

Run Build Command(s):C:/Program Files/Microsoft Visual Studio/2022/Preview/MSBuild/Current/Bin/amd64/MSBuild.exe cmTC_2a383.vcxproj /p:Configuration=Debug /p:Platform=x64 /p:VisualStudioVersion=17.0 /v:m && MSBuild version 17.10.4+10fbfbf2e for .NET Framework

  Microsoft (R) C/C++ Optimizing Compiler Version 19.40.33808 for x64
  Copyright (C) Microsoft Corporation.  All rights reserved.
  cl /c /I"D:\Code\DC-Cryptocurrency\dcc_client\out\_deps\curl-src\include" /I"C:\Users\Sam\vcpkg\installed\x64-windows\include" /Zi /W3 /WX- /diagnostics:column /Od /Ob0 /D _MBCS /D WIN32 /D _WINDOWS /D _WIN32_WINNT=0x0600 /D _WINSOCKAPI_= /D SECURITY_WIN32 /D curl_cv_func_send_test /D "CMAKE_INTDIR=\"Debug\"" /Gm- /RTC1 /MDd /GS /fp:precise /Zc:wchar_t /Zc:forScope /Zc:inline /Fo"cmTC_2a383.dir\Debug\\" /Fd"D:\Code\DC-Cryptocurrency\dcc_client\out\CMakeFiles\CMakeTmp\Debug\cmTC_2a383.pdb" /external:W3 /Gd /TC /errorReport:queue "D:\Code\DC-Cryptocurrency\dcc_client\out\CMakeFiles\CMakeTmp\src.c"
  src.c
  cmTC_2a383.vcxproj -> D:\Code\DC-Cryptocurrency\dcc_client\out\CMakeFiles\CMakeTmp\Debug\cmTC_2a383.lib


Source file was:

    #undef inline
#include <winsock2.h>
#include <windows.h>
#ifndef WIN32_LEAN_AND_MEAN
#define WIN32_LEAN_AND_MEAN
#endif
    #ifdef WINSOCK_API_LINKAGE
    WINSOCK_API_LINKAGE
    #endif
    extern int PASCAL
    send(SOCKET, const char *, int, int);
    int main(void) {
      SOCKET s=0;
      const char * buf=0;
      int len=0;
      int flags=0;
      int res = send(s, buf, len, flags);
      (void) res;
      return 0;
    }
Performing C SOURCE FILE Test HAVE_STRUCT_TIMEVAL succeeded with the following output:
Change Dir: D:/Code/DC-Cryptocurrency/dcc_client/out/CMakeFiles/CMakeTmp

Run Build Command(s):C:/Program Files/Microsoft Visual Studio/2022/Preview/MSBuild/Current/Bin/amd64/MSBuild.exe cmTC_c5e02.vcxproj /p:Configuration=Debug /p:Platform=x64 /p:VisualStudioVersion=17.0 /v:m && MSBuild version 17.10.4+10fbfbf2e for .NET Framework

  Microsoft (R) C/C++ Optimizing Compiler Version 19.40.33808 for x64
  Copyright (C) Microsoft Corporation.  All rights reserved.
  cl /c /I"D:\Code\DC-Cryptocurrency\dcc_client\out\_deps\curl-src\include" /I"C:\Users\Sam\vcpkg\installed\x64-windows\include" /Zi /W3 /WX- /diagnostics:column /Od /Ob0 /D _MBCS /D WIN32 /D _WINDOWS /D _WIN32_WINNT=0x0600 /D _WINSOCKAPI_= /D SECURITY_WIN32 /D HAVE_STRUCT_TIMEVAL /D "CMAKE_INTDIR=\"Debug\"" /Gm- /RTC1 /MDd /GS /fp:precise /Zc:wchar_t /Zc:forScope /Zc:inline /Fo"cmTC_c5e02.dir\Debug\\" /Fd"D:\Code\DC-Cryptocurrency\dcc_client\out\CMakeFiles\CMakeTmp\Debug\cmTC_c5e02.pdb" /external:W3 /Gd /TC /errorReport:queue "D:\Code\DC-Cryptocurrency\dcc_client\out\CMakeFiles\CMakeTmp\src.c"
  src.c
  cmTC_c5e02.vcxproj -> D:\Code\DC-Cryptocurrency\dcc_client\out\CMakeFiles\CMakeTmp\Debug\cmTC_c5e02.lib


Source file was:
#undef inline
#include <winsock2.h>
#include <windows.h>
#ifndef WIN32_LEAN_AND_MEAN
#define WIN32_LEAN_AND_MEAN
#endif
int main(void) {
  struct timeval ts;
  ts.tv_sec  = 0;
  ts.tv_usec = 0;
  (void)ts;
  return 0;
}
Determining size of struct sockaddr_storage passed with the following output:
Change Dir: D:/Code/DC-Cryptocurrency/dcc_client/out/CMakeFiles/CMakeTmp

Run Build Command(s):C:/Program Files/Microsoft Visual Studio/2022/Preview/MSBuild/Current/Bin/amd64/MSBuild.exe cmTC_67a5e.vcxproj /p:Configuration=Debug /p:Platform=x64 /p:VisualStudioVersion=17.0 /v:m && MSBuild version 17.10.4+10fbfbf2e for .NET Framework

  Microsoft (R) C/C++ Optimizing Compiler Version 19.40.33808 for x64
  Copyright (C) Microsoft Corporation.  All rights reserved.
  cl /c /I"D:\Code\DC-Cryptocurrency\dcc_client\out\_deps\curl-src\include" /I"C:\Users\Sam\vcpkg\installed\x64-windows\include" /Zi /W3 /WX- /diagnostics:column /Od /Ob0 /D _MBCS /D WIN32 /D _WINDOWS /D _WIN32_WINNT=0x0600 /D _WINSOCKAPI_= /D SECURITY_WIN32 /D "CMAKE_INTDIR=\"Debug\"" /Gm- /RTC1 /MDd /GS /fp:precise /Zc:wchar_t /Zc:forScope /Zc:inline /Fo"cmTC_67a5e.dir\Debug\\" /Fd"D:\Code\DC-Cryptocurrency\dcc_client\out\CMakeFiles\CMakeTmp\Debug\cmTC_67a5e.pdb" /external:W3 /Gd /TC /errorReport:queue "D:\Code\DC-Cryptocurrency\dcc_client\out\CMakeFiles\CheckTypeSize\SIZEOF_STRUCT_SOCKADDR_STORAGE.c"
  SIZEOF_STRUCT_SOCKADDR_STORAGE.c
  cmTC_67a5e.vcxproj -> D:\Code\DC-Cryptocurrency\dcc_client\out\CMakeFiles\CMakeTmp\Debug\cmTC_67a5e.lib



Determining if the CryptAcquireContext exist passed with the following output:
Change Dir: D:/Code/DC-Cryptocurrency/dcc_client/out/CMakeFiles/CMakeTmp

Run Build Command(s):C:/Program Files/Microsoft Visual Studio/2022/Preview/MSBuild/Current/Bin/amd64/MSBuild.exe cmTC_c138f.vcxproj /p:Configuration=Debug /p:Platform=x64 /p:VisualStudioVersion=17.0 /v:m && MSBuild version 17.10.4+10fbfbf2e for .NET Framework

  Microsoft (R) C/C++ Optimizing Compiler Version 19.40.33808 for x64
  Copyright (C) Microsoft Corporation.  All rights reserved.
  cl /c /I"D:\Code\DC-Cryptocurrency\dcc_client\out\_deps\curl-src\include" /I"C:\Users\Sam\vcpkg\installed\x64-windows\include" /Zi /W3 /WX- /diagnostics:column /Od /Ob0 /D _MBCS /D WIN32 /D _WINDOWS /D _WIN32_WINNT=0x0600 /D _WINSOCKAPI_= /D SECURITY_WIN32 /D "CMAKE_INTDIR=\"Debug\"" /Gm- /RTC1 /MDd /GS /fp:precise /Zc:wchar_t /Zc:forScope /Zc:inline /Fo"cmTC_c138f.dir\Debug\\" /Fd"cmTC_c138f.dir\Debug\vc143.pdb" /external:W3 /Gd /TC /errorReport:queue "D:\Code\DC-Cryptocurrency\dcc_client\out\CMakeFiles\CMakeTmp\CheckSymbolExists.c"
  CheckSymbolExists.c
  cmTC_c138f.vcxproj -> D:\Code\DC-Cryptocurrency\dcc_client\out\CMakeFiles\CMakeTmp\Debug\cmTC_c138f.exe


File D:/Code/DC-Cryptocurrency/dcc_client/out/CMakeFiles/CMakeTmp/CheckSymbolExists.c:
/* */
#include <windows.h>
#include <ws2tcpip.h>
#include <winsock2.h>
#include <wincrypt.h>
#include <stdio.h>
#include <sys/stat.h>
#include <sys/types.h>
#include <sys/utime.h>
#include <assert.h>
#include <errno.h>
#include <fcntl.h>
#include <io.h>
#include <locale.h>
#include <setjmp.h>
#include <signal.h>
#include <stdbool.h>
#include <stdio.h>
#include <stdlib.h>
#include <string.h>
#include <time.h>
#include <process.h>
#include <stddef.h>
#include <malloc.h>
#include <memory.h>

int main(int argc, char** argv)
{
  (void)argv;
#ifndef CryptAcquireContext
  return ((int*)(&CryptAcquireContext))[argc];
#else
  (void)argc;
  return 0;
#endif
}
