d:\code\dc-cryptocurrency\dcc-miner\out\_deps\cpr-build\cpr\cpr.dir\debug\vc143.pdb
d:\code\dc-cryptocurrency\dcc-miner\out\_deps\cpr-build\cpr\cpr.dir\debug\util.obj
d:\code\dc-cryptocurrency\dcc-miner\out\_deps\cpr-build\cpr\cpr.dir\debug\unix_socket.obj
d:\code\dc-cryptocurrency\dcc-miner\out\_deps\cpr-build\cpr\cpr.dir\debug\timeout.obj
d:\code\dc-cryptocurrency\dcc-miner\out\_deps\cpr-build\cpr\cpr.dir\debug\session.obj
d:\code\dc-cryptocurrency\dcc-miner\out\_deps\cpr-build\cpr\cpr.dir\debug\response.obj
d:\code\dc-cryptocurrency\dcc-miner\out\_deps\cpr-build\cpr\cpr.dir\debug\redirect.obj
d:\code\dc-cryptocurrency\dcc-miner\out\_deps\cpr-build\cpr\cpr.dir\debug\proxyauth.obj
d:\code\dc-cryptocurrency\dcc-miner\out\_deps\cpr-build\cpr\cpr.dir\debug\proxies.obj
d:\code\dc-cryptocurrency\dcc-miner\out\_deps\cpr-build\cpr\cpr.dir\debug\payload.obj
d:\code\dc-cryptocurrency\dcc-miner\out\_deps\cpr-build\cpr\cpr.dir\debug\parameters.obj
d:\code\dc-cryptocurrency\dcc-miner\out\_deps\cpr-build\cpr\cpr.dir\debug\multipart.obj
d:\code\dc-cryptocurrency\dcc-miner\out\_deps\cpr-build\cpr\cpr.dir\debug\error.obj
d:\code\dc-cryptocurrency\dcc-miner\out\_deps\cpr-build\cpr\cpr.dir\debug\curlholder.obj
d:\code\dc-cryptocurrency\dcc-miner\out\_deps\cpr-build\cpr\cpr.dir\debug\curl_container.obj
d:\code\dc-cryptocurrency\dcc-miner\out\_deps\cpr-build\cpr\cpr.dir\debug\cprtypes.obj
d:\code\dc-cryptocurrency\dcc-miner\out\_deps\cpr-build\cpr\cpr.dir\debug\cookies.obj
d:\code\dc-cryptocurrency\dcc-miner\out\_deps\cpr-build\cpr\cpr.dir\debug\bearer.obj
d:\code\dc-cryptocurrency\dcc-miner\out\_deps\cpr-build\cpr\cpr.dir\debug\auth.obj
d:\code\dc-cryptocurrency\dcc-miner\out\_deps\cpr-build\cpr\cmakefiles\generate.stamp
d:\code\dc-cryptocurrency\dcc-miner\out\_deps\cpr-build\cpr\debug\cpr.lib
d:\code\dc-cryptocurrency\dcc-miner\out\_deps\cpr-build\cpr\debug\cpr.exp
d:\code\dc-cryptocurrency\dcc-miner\out\_deps\cpr-build\cpr\cpr.dir\debug\cpr.ilk
d:\code\dc-cryptocurrency\dcc-miner\out\debug\cpr.dll
d:\code\dc-cryptocurrency\dcc-miner\out\debug\cpr.pdb
d:\code\dc-cryptocurrency\dcc-miner\out\_deps\cpr-build\cpr\cpr.dir\debug\cpr.tlog\cl.command.1.tlog
d:\code\dc-cryptocurrency\dcc-miner\out\_deps\cpr-build\cpr\cpr.dir\debug\cpr.tlog\cl.read.1.tlog
d:\code\dc-cryptocurrency\dcc-miner\out\_deps\cpr-build\cpr\cpr.dir\debug\cpr.tlog\cl.write.1.tlog
d:\code\dc-cryptocurrency\dcc-miner\out\_deps\cpr-build\cpr\cpr.dir\debug\cpr.tlog\custombuild.command.1.tlog
d:\code\dc-cryptocurrency\dcc-miner\out\_deps\cpr-build\cpr\cpr.dir\debug\cpr.tlog\custombuild.read.1.tlog
d:\code\dc-cryptocurrency\dcc-miner\out\_deps\cpr-build\cpr\cpr.dir\debug\cpr.tlog\custombuild.write.1.tlog
d:\code\dc-cryptocurrency\dcc-miner\out\_deps\cpr-build\cpr\cpr.dir\debug\cpr.tlog\link.command.1.tlog
d:\code\dc-cryptocurrency\dcc-miner\out\_deps\cpr-build\cpr\cpr.dir\debug\cpr.tlog\link.read.1.tlog
d:\code\dc-cryptocurrency\dcc-miner\out\_deps\cpr-build\cpr\cpr.dir\debug\cpr.tlog\link.write.1.tlog
d:\code\dc-cryptocurrency\dcc-miner\out\_deps\cpr-build\cpr\cpr.dir\debug\cpr.tlog\link.write.2u.tlog
