/root/dcc/Distributed-Compute-Coin/dcc_client/dcc_client/Main.cpp:634:30: warning: backslash and newline separated by space
  634 | |______.'  `.____ .' `.____ .'
      |                               
/root/dcc/Distributed-Compute-Coin/dcc_client/dcc_client/Main.cpp: In function ‘int main()’:
/root/dcc/Distributed-Compute-Coin/dcc_client/dcc_client/Main.cpp:190:24: error: no match for ‘operator<’ (operand types are ‘int’ and ‘std::vector<std::__cxx11::basic_string<char>, std::allocator<std::__cxx11::basic_string<char> > >’)
  190 |     for(int hs = 0; hs < (std::vector<std::string>)(delugeJson["hashList"]).size(); hs++){
      |                     ~~ ^ ~~~~~~~~~~~~~~~~~~~~~~~~~~~~~~~~~~~~~~~~~~~~~~~~~~~~~~~~~
      |                     |    |
      |                     int  std::vector<std::__cxx11::basic_string<char>, std::allocator<std::__cxx11::basic_string<char> > >
In file included from /usr/include/c++/9/bits/stl_algobase.h:64,
                 from /usr/include/c++/9/bits/char_traits.h:39,
                 from /usr/include/c++/9/ios:40,
                 from /usr/include/c++/9/ostream:38,
                 from /usr/include/c++/9/iostream:39,
                 from /root/dcc/Distributed-Compute-Coin/dcc_client/dcc_client/Main.h:6,
                 from /root/dcc/Distributed-Compute-Coin/dcc_client/dcc_client/Main.cpp:11:
/usr/include/c++/9/bits/stl_pair.h:454:5: note: candidate: ‘template<class _T1, class _T2> constexpr bool std::operator<(const std::pair<_T1, _T2>&, const std::pair<_T1, _T2>&)’
  454 |     operator<(const pair<_T1, _T2>& __x, const pair<_T1, _T2>& __y)
      |     ^~~~~~~~
/usr/include/c++/9/bits/stl_pair.h:454:5: note:   template argument deduction/substitution failed:
/root/dcc/Distributed-Compute-Coin/dcc_client/dcc_client/Main.cpp:190:82: note:   mismatched types ‘const std::pair<_T1, _T2>’ and ‘int’
  190 |     for(int hs = 0; hs < (std::vector<std::string>)(delugeJson["hashList"]).size(); hs++){
      |                                                                                  ^
In file included from /usr/include/c++/9/bits/stl_algobase.h:67,
                 from /usr/include/c++/9/bits/char_traits.h:39,
                 from /usr/include/c++/9/ios:40,
                 from /usr/include/c++/9/ostream:38,
                 from /usr/include/c++/9/iostream:39,
                 from /root/dcc/Distributed-Compute-Coin/dcc_client/dcc_client/Main.h:6,
                 from /root/dcc/Distributed-Compute-Coin/dcc_client/dcc_client/Main.cpp:11:
/usr/include/c++/9/bits/stl_iterator.h:331:5: note: candidate: ‘template<class _Iterator> constexpr bool std::operator<(const std::reverse_iterator<_Iterator>&, const std::reverse_iterator<_Iterator>&)’
  331 |     operator<(const reverse_iterator<_Iterator>& __x,
      |     ^~~~~~~~
/usr/include/c++/9/bits/stl_iterator.h:331:5: note:   template argument deduction/substitution failed:
/root/dcc/Distributed-Compute-Coin/dcc_client/dcc_client/Main.cpp:190:82: note:   mismatched types ‘const std::reverse_iterator<_Iterator>’ and ‘int’
  190 |     for(int hs = 0; hs < (std::vector<std::string>)(delugeJson["hashList"]).size(); hs++){
      |                                                                                  ^
In file included from /usr/include/c++/9/bits/stl_algobase.h:67,
                 from /usr/include/c++/9/bits/char_traits.h:39,
                 from /usr/include/c++/9/ios:40,
                 from /usr/include/c++/9/ostream:38,
                 from /usr/include/c++/9/iostream:39,
                 from /root/dcc/Distributed-Compute-Coin/dcc_client/dcc_client/Main.h:6,
                 from /root/dcc/Distributed-Compute-Coin/dcc_client/dcc_client/Main.cpp:11:
/usr/include/c++/9/bits/stl_iterator.h:369:5: note: candidate: ‘template<class _IteratorL, class _IteratorR> constexpr bool std::operator<(const std::reverse_iterator<_Iterator>&, const std::reverse_iterator<_IteratorR>&)’
  369 |     operator<(const reverse_iterator<_IteratorL>& __x,
      |     ^~~~~~~~
/usr/include/c++/9/bits/stl_iterator.h:369:5: note:   template argument deduction/substitution failed:
/root/dcc/Distributed-Compute-Coin/dcc_client/dcc_client/Main.cpp:190:82: note:   mismatched types ‘const std::reverse_iterator<_Iterator>’ and ‘int’
  190 |     for(int hs = 0; hs < (std::vector<std::string>)(delugeJson["hashList"]).size(); hs++){
      |                                                                                  ^
In file included from /usr/include/c++/9/bits/stl_algobase.h:67,
                 from /usr/include/c++/9/bits/char_traits.h:39,
                 from /usr/include/c++/9/ios:40,
                 from /usr/include/c++/9/ostream:38,
                 from /usr/include/c++/9/iostream:39,
                 from /root/dcc/Distributed-Compute-Coin/dcc_client/dcc_client/Main.h:6,
                 from /root/dcc/Distributed-Compute-Coin/dcc_client/dcc_client/Main.cpp:11:
/usr/include/c++/9/bits/stl_iterator.h:1160:5: note: candidate: ‘template<class _IteratorL, class _IteratorR> constexpr bool std::operator<(const std::move_iterator<_IteratorL>&, const std::move_iterator<_IteratorR>&)’
 1160 |     operator<(const move_iterator<_IteratorL>& __x,
      |     ^~~~~~~~
/usr/include/c++/9/bits/stl_iterator.h:1160:5: note:   template argument deduction/substitution failed:
/root/dcc/Distributed-Compute-Coin/dcc_client/dcc_client/Main.cpp:190:82: note:   mismatched types ‘const std::move_iterator<_IteratorL>’ and ‘int’
  190 |     for(int hs = 0; hs < (std::vector<std::string>)(delugeJson["hashList"]).size(); hs++){
      |                                                                                  ^
In file included from /usr/include/c++/9/bits/stl_algobase.h:67,
                 from /usr/include/c++/9/bits/char_traits.h:39,
                 from /usr/include/c++/9/ios:40,
                 from /usr/include/c++/9/ostream:38,
                 from /usr/include/c++/9/iostream:39,
                 from /root/dcc/Distributed-Compute-Coin/dcc_client/dcc_client/Main.h:6,
                 from /root/dcc/Distributed-Compute-Coin/dcc_client/dcc_client/Main.cpp:11:
/usr/include/c++/9/bits/stl_iterator.h:1166:5: note: candidate: ‘template<class _Iterator> constexpr bool std::operator<(const std::move_iterator<_IteratorL>&, const std::move_iterator<_IteratorL>&)’
 1166 |     operator<(const move_iterator<_Iterator>& __x,
      |     ^~~~~~~~
/usr/include/c++/9/bits/stl_iterator.h:1166:5: note:   template argument deduction/substitution failed:
/root/dcc/Distributed-Compute-Coin/dcc_client/dcc_client/Main.cpp:190:82: note:   mismatched types ‘const std::move_iterator<_IteratorL>’ and ‘int’
  190 |     for(int hs = 0; hs < (std::vector<std::string>)(delugeJson["hashList"]).size(); hs++){
      |                                                                                  ^
In file included from /usr/include/c++/9/bits/basic_string.h:48,
                 from /usr/include/c++/9/string:55,
                 from /usr/include/c++/9/bits/locale_classes.h:40,
                 from /usr/include/c++/9/bits/ios_base.h:41,
                 from /usr/include/c++/9/ios:42,
                 from /usr/include/c++/9/ostream:38,
                 from /usr/include/c++/9/iostream:39,
                 from /root/dcc/Distributed-Compute-Coin/dcc_client/dcc_client/Main.h:6,
                 from /root/dcc/Distributed-Compute-Coin/dcc_client/dcc_client/Main.cpp:11:
/usr/include/c++/9/string_view:507:5: note: candidate: ‘template<class _CharT, class _Traits> constexpr bool std::operator<(std::basic_string_view<_CharT, _Traits>, std::basic_string_view<_CharT, _Traits>)’
  507 |     operator< (basic_string_view<_CharT, _Traits> __x,
      |     ^~~~~~~~
/usr/include/c++/9/string_view:507:5: note:   template argument deduction/substitution failed:
/root/dcc/Distributed-Compute-Coin/dcc_client/dcc_client/Main.cpp:190:82: note:   mismatched types ‘std::basic_string_view<_CharT, _Traits>’ and ‘int’
  190 |     for(int hs = 0; hs < (std::vector<std::string>)(delugeJson["hashList"]).size(); hs++){
      |                                                                                  ^
In file included from /usr/include/c++/9/bits/basic_string.h:48,
                 from /usr/include/c++/9/string:55,
                 from /usr/include/c++/9/bits/locale_classes.h:40,
                 from /usr/include/c++/9/bits/ios_base.h:41,
                 from /usr/include/c++/9/ios:42,
                 from /usr/include/c++/9/ostream:38,
                 from /usr/include/c++/9/iostream:39,
                 from /root/dcc/Distributed-Compute-Coin/dcc_client/dcc_client/Main.h:6,
                 from /root/dcc/Distributed-Compute-Coin/dcc_client/dcc_client/Main.cpp:11:
/usr/include/c++/9/string_view:513:5: note: candidate: ‘template<class _CharT, class _Traits> constexpr bool std::operator<(std::basic_string_view<_CharT, _Traits>, std::__detail::__idt<std::basic_string_view<_CharT, _Traits> >)’
  513 |     operator< (basic_string_view<_CharT, _Traits> __x,
      |     ^~~~~~~~
/usr/include/c++/9/string_view:513:5: note:   template argument deduction/substitution failed:
/root/dcc/Distributed-Compute-Coin/dcc_client/dcc_client/Main.cpp:190:82: note:   mismatched types ‘std::basic_string_view<_CharT, _Traits>’ and ‘int’
  190 |     for(int hs = 0; hs < (std::vector<std::string>)(delugeJson["hashList"]).size(); hs++){
      |                                                                                  ^
In file included from /usr/include/c++/9/bits/basic_string.h:48,
                 from /usr/include/c++/9/string:55,
                 from /usr/include/c++/9/bits/locale_classes.h:40,
                 from /usr/include/c++/9/bits/ios_base.h:41,
                 from /usr/include/c++/9/ios:42,
                 from /usr/include/c++/9/ostream:38,
                 from /usr/include/c++/9/iostream:39,
                 from /root/dcc/Distributed-Compute-Coin/dcc_client/dcc_client/Main.h:6,
                 from /root/dcc/Distributed-Compute-Coin/dcc_client/dcc_client/Main.cpp:11:
/usr/include/c++/9/string_view:519:5: note: candidate: ‘template<class _CharT, class _Traits> constexpr bool std::operator<(std::__detail::__idt<std::basic_string_view<_CharT, _Traits> >, std::basic_string_view<_CharT, _Traits>)’
  519 |     operator< (__detail::__idt<basic_string_view<_CharT, _Traits>> __x,
      |     ^~~~~~~~
/usr/include/c++/9/string_view:519:5: note:   template argument deduction/substitution failed:
/root/dcc/Distributed-Compute-Coin/dcc_client/dcc_client/Main.cpp:190:82: note:   ‘std::vector<std::__cxx11::basic_string<char>, std::allocator<std::__cxx11::basic_string<char> > >’ is not derived from ‘std::basic_string_view<_CharT, _Traits>’
  190 |     for(int hs = 0; hs < (std::vector<std::string>)(delugeJson["hashList"]).size(); hs++){
      |                                                                                  ^
In file included from /usr/include/c++/9/string:55,
                 from /usr/include/c++/9/bits/locale_classes.h:40,
                 from /usr/include/c++/9/bits/ios_base.h:41,
                 from /usr/include/c++/9/ios:42,
                 from /usr/include/c++/9/ostream:38,
                 from /usr/include/c++/9/iostream:39,
                 from /root/dcc/Distributed-Compute-Coin/dcc_client/dcc_client/Main.h:6,
                 from /root/dcc/Distributed-Compute-Coin/dcc_client/dcc_client/Main.cpp:11:
/usr/include/c++/9/bits/basic_string.h:6229:5: note: candidate: ‘template<class _CharT, class _Traits, class _Alloc> bool std::operator<(const std::__cxx11::basic_string<_CharT, _Traits, _Allocator>&, const std::__cxx11::basic_string<_CharT, _Traits, _Allocator>&)’
 6229 |     operator<(const basic_string<_CharT, _Traits, _Alloc>& __lhs,
      |     ^~~~~~~~
/usr/include/c++/9/bits/basic_string.h:6229:5: note:   template argument deduction/substitution failed:
/root/dcc/Distributed-Compute-Coin/dcc_client/dcc_client/Main.cpp:190:82: note:   mismatched types ‘const std::__cxx11::basic_string<_CharT, _Traits, _Allocator>’ and ‘int’
  190 |     for(int hs = 0; hs < (std::vector<std::string>)(delugeJson["hashList"]).size(); hs++){
      |                                                                                  ^
In file included from /usr/include/c++/9/string:55,
                 from /usr/include/c++/9/bits/locale_classes.h:40,
                 from /usr/include/c++/9/bits/ios_base.h:41,
                 from /usr/include/c++/9/ios:42,
                 from /usr/include/c++/9/ostream:38,
                 from /usr/include/c++/9/iostream:39,
                 from /root/dcc/Distributed-Compute-Coin/dcc_client/dcc_client/Main.h:6,
                 from /root/dcc/Distributed-Compute-Coin/dcc_client/dcc_client/Main.cpp:11:
/usr/include/c++/9/bits/basic_string.h:6242:5: note: candidate: ‘template<class _CharT, class _Traits, class _Alloc> bool std::operator<(const std::__cxx11::basic_string<_CharT, _Traits, _Allocator>&, const _CharT*)’
 6242 |     operator<(const basic_string<_CharT, _Traits, _Alloc>& __lhs,
      |     ^~~~~~~~
/usr/include/c++/9/bits/basic_string.h:6242:5: note:   template argument deduction/substitution failed:
/root/dcc/Distributed-Compute-Coin/dcc_client/dcc_client/Main.cpp:190:82: note:   mismatched types ‘const std::__cxx11::basic_string<_CharT, _Traits, _Allocator>’ and ‘int’
  190 |     for(int hs = 0; hs < (std::vector<std::string>)(delugeJson["hashList"]).size(); hs++){
      |                                                                                  ^
In file included from /usr/include/c++/9/string:55,
                 from /usr/include/c++/9/bits/locale_classes.h:40,
                 from /usr/include/c++/9/bits/ios_base.h:41,
                 from /usr/include/c++/9/ios:42,
                 from /usr/include/c++/9/ostream:38,
                 from /usr/include/c++/9/iostream:39,
                 from /root/dcc/Distributed-Compute-Coin/dcc_client/dcc_client/Main.h:6,
                 from /root/dcc/Distributed-Compute-Coin/dcc_client/dcc_client/Main.cpp:11:
/usr/include/c++/9/bits/basic_string.h:6254:5: note: candidate: ‘template<class _CharT, class _Traits, class _Alloc> bool std::operator<(const _CharT*, const std::__cxx11::basic_string<_CharT, _Traits, _Allocator>&)’
 6254 |     operator<(const _CharT* __lhs,
      |     ^~~~~~~~
/usr/include/c++/9/bits/basic_string.h:6254:5: note:   template argument deduction/substitution failed:
/root/dcc/Distributed-Compute-Coin/dcc_client/dcc_client/Main.cpp:190:82: note:   mismatched types ‘const _CharT*’ and ‘int’
  190 |     for(int hs = 0; hs < (std::vector<std::string>)(delugeJson["hashList"]).size(); hs++){
      |                                                                                  ^
In file included from /usr/include/c++/9/bits/ios_base.h:46,
                 from /usr/include/c++/9/ios:42,
                 from /usr/include/c++/9/ostream:38,
                 from /usr/include/c++/9/iostream:39,
                 from /root/dcc/Distributed-Compute-Coin/dcc_client/dcc_client/Main.h:6,
                 from /root/dcc/Distributed-Compute-Coin/dcc_client/dcc_client/Main.cpp:11:
/usr/include/c++/9/system_error:208:3: note: candidate: ‘bool std::operator<(const std::error_code&, const std::error_code&)’
  208 |   operator<(const error_code& __lhs, const error_code& __rhs) noexcept
      |   ^~~~~~~~
/usr/include/c++/9/system_error:208:31: note:   no known conversion for argument 1 from ‘int’ to ‘const std::error_code&’
  208 |   operator<(const error_code& __lhs, const error_code& __rhs) noexcept
      |             ~~~~~~~~~~~~~~~~~~^~~~~
/usr/include/c++/9/system_error:282:3: note: candidate: ‘bool std::operator<(const std::error_condition&, const std::error_condition&)’
  282 |   operator<(const error_condition& __lhs,
      |   ^~~~~~~~
/usr/include/c++/9/system_error:282:36: note:   no known conversion for argument 1 from ‘int’ to ‘const std::error_condition&’
  282 |   operator<(const error_condition& __lhs,
      |             ~~~~~~~~~~~~~~~~~~~~~~~^~~~~
In file included from /usr/include/c++/9/tuple:39,
                 from /usr/include/c++/9/functional:54,
                 from /usr/include/c++/9/pstl/glue_algorithm_defs.h:13,
                 from /usr/include/c++/9/algorithm:71,
                 from /root/dcc/Distributed-Compute-Coin/dcc_client/dcc_client/json.hpp:54,
                 from /root/dcc/Distributed-Compute-Coin/dcc_client/dcc_client/Main.h:7,
                 from /root/dcc/Distributed-Compute-Coin/dcc_client/dcc_client/Main.cpp:11:
/usr/include/c++/9/array:262:5: note: candidate: ‘template<class _Tp, long unsigned int _Nm> bool std::operator<(const std::array<_Tp, _Nm>&, const std::array<_Tp, _Nm>&)’
  262 |     operator<(const array<_Tp, _Nm>& __a, const array<_Tp, _Nm>& __b)
      |     ^~~~~~~~
/usr/include/c++/9/array:262:5: note:   template argument deduction/substitution failed:
/root/dcc/Distributed-Compute-Coin/dcc_client/dcc_client/Main.cpp:190:82: note:   mismatched types ‘const std::array<_Tp, _Nm>’ and ‘int’
  190 |     for(int hs = 0; hs < (std::vector<std::string>)(delugeJson["hashList"]).size(); hs++){
      |                                                                                  ^
In file included from /usr/include/c++/9/functional:54,
                 from /usr/include/c++/9/pstl/glue_algorithm_defs.h:13,
                 from /usr/include/c++/9/algorithm:71,
                 from /root/dcc/Distributed-Compute-Coin/dcc_client/dcc_client/json.hpp:54,
                 from /root/dcc/Distributed-Compute-Coin/dcc_client/dcc_client/Main.h:7,
                 from /root/dcc/Distributed-Compute-Coin/dcc_client/dcc_client/Main.cpp:11:
/usr/include/c++/9/tuple:1432:5: note: candidate: ‘template<class ... _TElements, class ... _UElements> constexpr bool std::operator<(const std::tuple<_Tps ...>&, const std::tuple<_Elements ...>&)’
 1432 |     operator<(const tuple<_TElements...>& __t,
      |     ^~~~~~~~
/usr/include/c++/9/tuple:1432:5: note:   template argument deduction/substitution failed:
/root/dcc/Distributed-Compute-Coin/dcc_client/dcc_client/Main.cpp:190:82: note:   mismatched types ‘const std::tuple<_Tps ...>’ and ‘int’
  190 |     for(int hs = 0; hs < (std::vector<std::string>)(delugeJson["hashList"]).size(); hs++){
      |                                                                                  ^
In file included from /usr/include/c++/9/bits/node_handle.h:39,
                 from /usr/include/c++/9/bits/hashtable.h:37,
                 from /usr/include/c++/9/unordered_map:46,
                 from /usr/include/c++/9/functional:61,
                 from /usr/include/c++/9/pstl/glue_algorithm_defs.h:13,
                 from /usr/include/c++/9/algorithm:71,
                 from /root/dcc/Distributed-Compute-Coin/dcc_client/dcc_client/json.hpp:54,
                 from /root/dcc/Distributed-Compute-Coin/dcc_client/dcc_client/Main.h:7,
                 from /root/dcc/Distributed-Compute-Coin/dcc_client/dcc_client/Main.cpp:11:
/usr/include/c++/9/optional:1001:5: note: candidate: ‘template<class _Tp, class _Up> constexpr std::__optional_relop_t<decltype ((declval<_Tp>() < declval<_Up>()))> std::operator<(const std::optional<_Tp>&, const std::optional<_Up>&)’
 1001 |     operator<(const optional<_Tp>& __lhs, const optional<_Up>& __rhs)
      |     ^~~~~~~~
/usr/include/c++/9/optional:1001:5: note:   template argument deduction/substitution failed:
/root/dcc/Distributed-Compute-Coin/dcc_client/dcc_client/Main.cpp:190:82: note:   mismatched types ‘const std::optional<_Tp>’ and ‘int’
  190 |     for(int hs = 0; hs < (std::vector<std::string>)(delugeJson["hashList"]).size(); hs++){
      |                                                                                  ^
In file included from /usr/include/c++/9/bits/node_handle.h:39,
                 from /usr/include/c++/9/bits/hashtable.h:37,
                 from /usr/include/c++/9/unordered_map:46,
                 from /usr/include/c++/9/functional:61,
                 from /usr/include/c++/9/pstl/glue_algorithm_defs.h:13,
                 from /usr/include/c++/9/algorithm:71,
                 from /root/dcc/Distributed-Compute-Coin/dcc_client/dcc_client/json.hpp:54,
                 from /root/dcc/Distributed-Compute-Coin/dcc_client/dcc_client/Main.h:7,
                 from /root/dcc/Distributed-Compute-Coin/dcc_client/dcc_client/Main.cpp:11:
/usr/include/c++/9/optional:1054:5: note: candidate: ‘template<class _Tp> constexpr bool std::operator<(const std::optional<_Tp>&, std::nullopt_t)’
 1054 |     operator<(const optional<_Tp>& /* __lhs */, nullopt_t) noexcept
      |     ^~~~~~~~
/usr/include/c++/9/optional:1054:5: note:   template argument deduction/substitution failed:
/root/dcc/Distributed-Compute-Coin/dcc_client/dcc_client/Main.cpp:190:82: note:   mismatched types ‘const std::optional<_Tp>’ and ‘int’
  190 |     for(int hs = 0; hs < (std::vector<std::string>)(delugeJson["hashList"]).size(); hs++){
      |                                                                                  ^
In file included from /usr/include/c++/9/bits/node_handle.h:39,
                 from /usr/include/c++/9/bits/hashtable.h:37,
                 from /usr/include/c++/9/unordered_map:46,
                 from /usr/include/c++/9/functional:61,
                 from /usr/include/c++/9/pstl/glue_algorithm_defs.h:13,
                 from /usr/include/c++/9/algorithm:71,
                 from /root/dcc/Distributed-Compute-Coin/dcc_client/dcc_client/json.hpp:54,
                 from /root/dcc/Distributed-Compute-Coin/dcc_client/dcc_client/Main.h:7,
                 from /root/dcc/Distributed-Compute-Coin/dcc_client/dcc_client/Main.cpp:11:
/usr/include/c++/9/optional:1059:5: note: candidate: ‘template<class _Tp> constexpr bool std::operator<(std::nullopt_t, const std::optional<_Tp>&)’
 1059 |     operator<(nullopt_t, const optional<_Tp>& __rhs) noexcept
      |     ^~~~~~~~
/usr/include/c++/9/optional:1059:5: note:   template argument deduction/substitution failed:
/root/dcc/Distributed-Compute-Coin/dcc_client/dcc_client/Main.cpp:190:82: note:   ‘std::vector<std::__cxx11::basic_string<char>, std::allocator<std::__cxx11::basic_string<char> > >’ is not derived from ‘const std::optional<_Tp>’
  190 |     for(int hs = 0; hs < (std::vector<std::string>)(delugeJson["hashList"]).size(); hs++){
      |                                                                                  ^
In file included from /usr/include/c++/9/bits/node_handle.h:39,
                 from /usr/include/c++/9/bits/hashtable.h:37,
                 from /usr/include/c++/9/unordered_map:46,
                 from /usr/include/c++/9/functional:61,
                 from /usr/include/c++/9/pstl/glue_algorithm_defs.h:13,
                 from /usr/include/c++/9/algorithm:71,
                 from /root/dcc/Distributed-Compute-Coin/dcc_client/dcc_client/json.hpp:54,
                 from /root/dcc/Distributed-Compute-Coin/dcc_client/dcc_client/Main.h:7,
                 from /root/dcc/Distributed-Compute-Coin/dcc_client/dcc_client/Main.cpp:11:
/usr/include/c++/9/optional:1119:5: note: candidate: ‘template<class _Tp, class _Up> constexpr std::__optional_relop_t<decltype ((declval<_Tp>() < declval<_Up>()))> std::operator<(const std::optional<_Tp>&, const _Up&)’
 1119 |     operator<(const optional<_Tp>& __lhs, const _Up& __rhs)
      |     ^~~~~~~~
/usr/include/c++/9/optional:1119:5: note:   template argument deduction/substitution failed:
/root/dcc/Distributed-Compute-Coin/dcc_client/dcc_client/Main.cpp:190:82: note:   mismatched types ‘const std::optional<_Tp>’ and ‘int’
  190 |     for(int hs = 0; hs < (std::vector<std::string>)(delugeJson["hashList"]).size(); hs++){
      |                                                                                  ^
In file included from /usr/include/c++/9/bits/node_handle.h:39,
                 from /usr/include/c++/9/bits/hashtable.h:37,
                 from /usr/include/c++/9/unordered_map:46,
                 from /usr/include/c++/9/functional:61,
                 from /usr/include/c++/9/pstl/glue_algorithm_defs.h:13,
                 from /usr/include/c++/9/algorithm:71,
                 from /root/dcc/Distributed-Compute-Coin/dcc_client/dcc_client/json.hpp:54,
                 from /root/dcc/Distributed-Compute-Coin/dcc_client/dcc_client/Main.h:7,
                 from /root/dcc/Distributed-Compute-Coin/dcc_client/dcc_client/Main.cpp:11:
/usr/include/c++/9/optional:1125:5: note: candidate: ‘template<class _Tp, class _Up> constexpr std::__optional_relop_t<decltype ((declval<_Up>() < declval<_Tp>()))> std::operator<(const _Up&, const std::optional<_Tp>&)’
 1125 |     operator<(const _Up& __lhs, const optional<_Tp>& __rhs)
      |     ^~~~~~~~
/usr/include/c++/9/optional:1125:5: note:   template argument deduction/substitution failed:
/root/dcc/Distributed-Compute-Coin/dcc_client/dcc_client/Main.cpp:190:82: note:   ‘std::vector<std::__cxx11::basic_string<char>, std::allocator<std::__cxx11::basic_string<char> > >’ is not derived from ‘const std::optional<_Tp>’
  190 |     for(int hs = 0; hs < (std::vector<std::string>)(delugeJson["hashList"]).size(); hs++){
      |                                                                                  ^
In file included from /usr/include/c++/9/vector:67,
                 from /usr/include/c++/9/functional:62,
                 from /usr/include/c++/9/pstl/glue_algorithm_defs.h:13,
                 from /usr/include/c++/9/algorithm:71,
                 from /root/dcc/Distributed-Compute-Coin/dcc_client/dcc_client/json.hpp:54,
                 from /root/dcc/Distributed-Compute-Coin/dcc_client/dcc_client/Main.h:7,
                 from /root/dcc/Distributed-Compute-Coin/dcc_client/dcc_client/Main.cpp:11:
/usr/include/c++/9/bits/stl_vector.h:1905:5: note: candidate: ‘template<class _Tp, class _Alloc> bool std::operator<(const std::vector<_Tp, _Alloc>&, const std::vector<_Tp, _Alloc>&)’
 1905 |     operator<(const vector<_Tp, _Alloc>& __x, const vector<_Tp, _Alloc>& __y)
      |     ^~~~~~~~
/usr/include/c++/9/bits/stl_vector.h:1905:5: note:   template argument deduction/substitution failed:
/root/dcc/Distributed-Compute-Coin/dcc_client/dcc_client/Main.cpp:190:82: note:   mismatched types ‘const std::vector<_Tp, _Alloc>’ and ‘int’
  190 |     for(int hs = 0; hs < (std::vector<std::string>)(delugeJson["hashList"]).size(); hs++){
      |                                                                                  ^
In file included from /usr/include/c++/9/memory:80,
                 from /root/dcc/Distributed-Compute-Coin/dcc_client/dcc_client/json.hpp:62,
                 from /root/dcc/Distributed-Compute-Coin/dcc_client/dcc_client/Main.h:7,
                 from /root/dcc/Distributed-Compute-Coin/dcc_client/dcc_client/Main.cpp:11:
/usr/include/c++/9/bits/unique_ptr.h:749:5: note: candidate: ‘template<class _Tp, class _Dp, class _Up, class _Ep> bool std::operator<(const std::unique_ptr<_Tp, _Dp>&, const std::unique_ptr<_Up, _Ep>&)’
  749 |     operator<(const unique_ptr<_Tp, _Dp>& __x,
      |     ^~~~~~~~
/usr/include/c++/9/bits/unique_ptr.h:749:5: note:   template argument deduction/substitution failed:
/root/dcc/Distributed-Compute-Coin/dcc_client/dcc_client/Main.cpp:190:82: note:   mismatched types ‘const std::unique_ptr<_Tp, _Dp>’ and ‘int’
  190 |     for(int hs = 0; hs < (std::vector<std::string>)(delugeJson["hashList"]).size(); hs++){
      |                                                                                  ^
In file included from /usr/include/c++/9/memory:80,
                 from /root/dcc/Distributed-Compute-Coin/dcc_client/dcc_client/json.hpp:62,
                 from /root/dcc/Distributed-Compute-Coin/dcc_client/dcc_client/Main.h:7,
                 from /root/dcc/Distributed-Compute-Coin/dcc_client/dcc_client/Main.cpp:11:
/usr/include/c++/9/bits/unique_ptr.h:760:5: note: candidate: ‘template<class _Tp, class _Dp> bool std::operator<(const std::unique_ptr<_Tp, _Dp>&, std::nullptr_t)’
  760 |     operator<(const unique_ptr<_Tp, _Dp>& __x, nullptr_t)
      |     ^~~~~~~~
/usr/include/c++/9/bits/unique_ptr.h:760:5: note:   template argument deduction/substitution failed:
/root/dcc/Distributed-Compute-Coin/dcc_client/dcc_client/Main.cpp:190:82: note:   mismatched types ‘const std::unique_ptr<_Tp, _Dp>’ and ‘int’
  190 |     for(int hs = 0; hs < (std::vector<std::string>)(delugeJson["hashList"]).size(); hs++){
      |                                                                                  ^
In file included from /usr/include/c++/9/memory:80,
                 from /root/dcc/Distributed-Compute-Coin/dcc_client/dcc_client/json.hpp:62,
                 from /root/dcc/Distributed-Compute-Coin/dcc_client/dcc_client/Main.h:7,
                 from /root/dcc/Distributed-Compute-Coin/dcc_client/dcc_client/Main.cpp:11:
/usr/include/c++/9/bits/unique_ptr.h:766:5: note: candidate: ‘template<class _Tp, class _Dp> bool std::operator<(std::nullptr_t, const std::unique_ptr<_Tp, _Dp>&)’
  766 |     operator<(nullptr_t, const unique_ptr<_Tp, _Dp>& __x)
      |     ^~~~~~~~
/usr/include/c++/9/bits/unique_ptr.h:766:5: note:   template argument deduction/substitution failed:
/root/dcc/Distributed-Compute-Coin/dcc_client/dcc_client/Main.cpp:190:82: note:   ‘std::vector<std::__cxx11::basic_string<char>, std::allocator<std::__cxx11::basic_string<char> > >’ is not derived from ‘const std::unique_ptr<_Tp, _Dp>’
  190 |     for(int hs = 0; hs < (std::vector<std::string>)(delugeJson["hashList"]).size(); hs++){
      |                                                                                  ^
In file included from /usr/include/c++/9/bits/shared_ptr.h:52,
                 from /usr/include/c++/9/memory:81,
                 from /root/dcc/Distributed-Compute-Coin/dcc_client/dcc_client/json.hpp:62,
                 from /root/dcc/Distributed-Compute-Coin/dcc_client/dcc_client/Main.h:7,
                 from /root/dcc/Distributed-Compute-Coin/dcc_client/dcc_client/Main.cpp:11:
/usr/include/c++/9/bits/shared_ptr_base.h:1444:5: note: candidate: ‘template<class _Tp, class _Up, __gnu_cxx::_Lock_policy _Lp> bool std::operator<(const std::__shared_ptr<_Tp1, _Lp>&, const std::__shared_ptr<_Tp2, _Lp>&)’
 1444 |     operator<(const __shared_ptr<_Tp, _Lp>& __a,
      |     ^~~~~~~~
/usr/include/c++/9/bits/shared_ptr_base.h:1444:5: note:   template argument deduction/substitution failed:
/root/dcc/Distributed-Compute-Coin/dcc_client/dcc_client/Main.cpp:190:82: note:   mismatched types ‘const std::__shared_ptr<_Tp1, _Lp>’ and ‘int’
  190 |     for(int hs = 0; hs < (std::vector<std::string>)(delugeJson["hashList"]).size(); hs++){
      |                                                                                  ^
In file included from /usr/include/c++/9/bits/shared_ptr.h:52,
                 from /usr/include/c++/9/memory:81,
                 from /root/dcc/Distributed-Compute-Coin/dcc_client/dcc_client/json.hpp:62,
                 from /root/dcc/Distributed-Compute-Coin/dcc_client/dcc_client/Main.h:7,
                 from /root/dcc/Distributed-Compute-Coin/dcc_client/dcc_client/Main.cpp:11:
/usr/include/c++/9/bits/shared_ptr_base.h:1455:5: note: candidate: ‘template<class _Tp, __gnu_cxx::_Lock_policy _Lp> bool std::operator<(const std::__shared_ptr<_Tp, _Lp>&, std::nullptr_t)’
 1455 |     operator<(const __shared_ptr<_Tp, _Lp>& __a, nullptr_t) noexcept
      |     ^~~~~~~~
/usr/include/c++/9/bits/shared_ptr_base.h:1455:5: note:   template argument deduction/substitution failed:
/root/dcc/Distributed-Compute-Coin/dcc_client/dcc_client/Main.cpp:190:82: note:   mismatched types ‘const std::__shared_ptr<_Tp, _Lp>’ and ‘int’
  190 |     for(int hs = 0; hs < (std::vector<std::string>)(delugeJson["hashList"]).size(); hs++){
      |                                                                                  ^
In file included from /usr/include/c++/9/bits/shared_ptr.h:52,
                 from /usr/include/c++/9/memory:81,
                 from /root/dcc/Distributed-Compute-Coin/dcc_client/dcc_client/json.hpp:62,
                 from /root/dcc/Distributed-Compute-Coin/dcc_client/dcc_client/Main.h:7,
                 from /root/dcc/Distributed-Compute-Coin/dcc_client/dcc_client/Main.cpp:11:
/usr/include/c++/9/bits/shared_ptr_base.h:1463:5: note: candidate: ‘template<class _Tp, __gnu_cxx::_Lock_policy _Lp> bool std::operator<(std::nullptr_t, const std::__shared_ptr<_Tp, _Lp>&)’
 1463 |     operator<(nullptr_t, const __shared_ptr<_Tp, _Lp>& __a) noexcept
      |     ^~~~~~~~
/usr/include/c++/9/bits/shared_ptr_base.h:1463:5: note:   template argument deduction/substitution failed:
/root/dcc/Distributed-Compute-Coin/dcc_client/dcc_client/Main.cpp:190:82: note:   ‘std::vector<std::__cxx11::basic_string<char>, std::allocator<std::__cxx11::basic_string<char> > >’ is not derived from ‘const std::__shared_ptr<_Tp, _Lp>’
  190 |     for(int hs = 0; hs < (std::vector<std::string>)(delugeJson["hashList"]).size(); hs++){
      |                                                                                  ^
In file included from /usr/include/c++/9/memory:81,
                 from /root/dcc/Distributed-Compute-Coin/dcc_client/dcc_client/json.hpp:62,
                 from /root/dcc/Distributed-Compute-Coin/dcc_client/dcc_client/Main.h:7,
                 from /root/dcc/Distributed-Compute-Coin/dcc_client/dcc_client/Main.cpp:11:
/usr/include/c++/9/bits/shared_ptr.h:413:5: note: candidate: ‘template<class _Tp, class _Up> bool std::operator<(const std::shared_ptr<_Tp>&, const std::shared_ptr<_Tp>&)’
  413 |     operator<(const shared_ptr<_Tp>& __a, const shared_ptr<_Up>& __b) noexcept
      |     ^~~~~~~~
/usr/include/c++/9/bits/shared_ptr.h:413:5: note:   template argument deduction/substitution failed:
/root/dcc/Distributed-Compute-Coin/dcc_client/dcc_client/Main.cpp:190:82: note:   mismatched types ‘const std::shared_ptr<_Tp>’ and ‘int’
  190 |     for(int hs = 0; hs < (std::vector<std::string>)(delugeJson["hashList"]).size(); hs++){
      |                                                                                  ^
In file included from /usr/include/c++/9/memory:81,
                 from /root/dcc/Distributed-Compute-Coin/dcc_client/dcc_client/json.hpp:62,
                 from /root/dcc/Distributed-Compute-Coin/dcc_client/dcc_client/Main.h:7,
                 from /root/dcc/Distributed-Compute-Coin/dcc_client/dcc_client/Main.cpp:11:
/usr/include/c++/9/bits/shared_ptr.h:423:5: note: candidate: ‘template<class _Tp> bool std::operator<(const std::shared_ptr<_Tp>&, std::nullptr_t)’
  423 |     operator<(const shared_ptr<_Tp>& __a, nullptr_t) noexcept
      |     ^~~~~~~~
/usr/include/c++/9/bits/shared_ptr.h:423:5: note:   template argument deduction/substitution failed:
/root/dcc/Distributed-Compute-Coin/dcc_client/dcc_client/Main.cpp:190:82: note:   mismatched types ‘const std::shared_ptr<_Tp>’ and ‘int’
  190 |     for(int hs = 0; hs < (std::vector<std::string>)(delugeJson["hashList"]).size(); hs++){
      |                                                                                  ^
In file included from /usr/include/c++/9/memory:81,
                 from /root/dcc/Distributed-Compute-Coin/dcc_client/dcc_client/json.hpp:62,
                 from /root/dcc/Distributed-Compute-Coin/dcc_client/dcc_client/Main.h:7,
                 from /root/dcc/Distributed-Compute-Coin/dcc_client/dcc_client/Main.cpp:11:
/usr/include/c++/9/bits/shared_ptr.h:431:5: note: candidate: ‘template<class _Tp> bool std::operator<(std::nullptr_t, const std::shared_ptr<_Tp>&)’
  431 |     operator<(nullptr_t, const shared_ptr<_Tp>& __a) noexcept
      |     ^~~~~~~~
/usr/include/c++/9/bits/shared_ptr.h:431:5: note:   template argument deduction/substitution failed:
/root/dcc/Distributed-Compute-Coin/dcc_client/dcc_client/Main.cpp:190:82: note:   ‘std::vector<std::__cxx11::basic_string<char>, std::allocator<std::__cxx11::basic_string<char> > >’ is not derived from ‘const std::shared_ptr<_Tp>’
  190 |     for(int hs = 0; hs < (std::vector<std::string>)(delugeJson["hashList"]).size(); hs++){
      |                                                                                  ^
In file included from /usr/include/c++/9/forward_list:38,
                 from /root/dcc/Distributed-Compute-Coin/dcc_client/dcc_client/json.hpp:79,
                 from /root/dcc/Distributed-Compute-Coin/dcc_client/dcc_client/Main.h:7,
                 from /root/dcc/Distributed-Compute-Coin/dcc_client/dcc_client/Main.cpp:11:
/usr/include/c++/9/bits/forward_list.h:1443:5: note: candidate: ‘template<class _Tp, class _Alloc> bool std::operator<(const std::forward_list<_Tp, _Alloc>&, const std::forward_list<_Tp, _Alloc>&)’
 1443 |     operator<(const forward_list<_Tp, _Alloc>& __lx,
      |     ^~~~~~~~
/usr/include/c++/9/bits/forward_list.h:1443:5: note:   template argument deduction/substitution failed:
/root/dcc/Distributed-Compute-Coin/dcc_client/dcc_client/Main.cpp:190:82: note:   mismatched types ‘const std::forward_list<_Tp, _Alloc>’ and ‘int’
  190 |     for(int hs = 0; hs < (std::vector<std::string>)(delugeJson["hashList"]).size(); hs++){
      |                                                                                  ^
In file included from /usr/include/c++/9/map:61,
                 from /root/dcc/Distributed-Compute-Coin/dcc_client/dcc_client/json.hpp:81,
                 from /root/dcc/Distributed-Compute-Coin/dcc_client/dcc_client/Main.h:7,
                 from /root/dcc/Distributed-Compute-Coin/dcc_client/dcc_client/Main.cpp:11:
/usr/include/c++/9/bits/stl_map.h:1472:5: note: candidate: ‘template<class _Key, class _Tp, class _Compare, class _Alloc> bool std::operator<(const std::map<_Key, _Tp, _Compare, _Allocator>&, const std::map<_Key, _Tp, _Compare, _Allocator>&)’
 1472 |     operator<(const map<_Key, _Tp, _Compare, _Alloc>& __x,
      |     ^~~~~~~~
/usr/include/c++/9/bits/stl_map.h:1472:5: note:   template argument deduction/substitution failed:
/root/dcc/Distributed-Compute-Coin/dcc_client/dcc_client/Main.cpp:190:82: note:   mismatched types ‘const std::map<_Key, _Tp, _Compare, _Allocator>’ and ‘int’
  190 |     for(int hs = 0; hs < (std::vector<std::string>)(delugeJson["hashList"]).size(); hs++){
      |                                                                                  ^
In file included from /usr/include/c++/9/map:62,
                 from /root/dcc/Distributed-Compute-Coin/dcc_client/dcc_client/json.hpp:81,
                 from /root/dcc/Distributed-Compute-Coin/dcc_client/dcc_client/Main.h:7,
                 from /root/dcc/Distributed-Compute-Coin/dcc_client/dcc_client/Main.cpp:11:
/usr/include/c++/9/bits/stl_multimap.h:1136:5: note: candidate: ‘template<class _Key, class _Tp, class _Compare, class _Alloc> bool std::operator<(const std::multimap<_Key, _Tp, _Compare, _Allocator>&, const std::multimap<_Key, _Tp, _Compare, _Allocator>&)’
 1136 |     operator<(const multimap<_Key, _Tp, _Compare, _Alloc>& __x,
      |     ^~~~~~~~
/usr/include/c++/9/bits/stl_multimap.h:1136:5: note:   template argument deduction/substitution failed:
/root/dcc/Distributed-Compute-Coin/dcc_client/dcc_client/Main.cpp:190:82: note:   mismatched types ‘const std::multimap<_Key, _Tp, _Compare, _Allocator>’ and ‘int’
  190 |     for(int hs = 0; hs < (std::vector<std::string>)(delugeJson["hashList"]).size(); hs++){
      |                                                                                  ^
In file included from /usr/include/c++/9/valarray:603,
                 from /root/dcc/Distributed-Compute-Coin/dcc_client/dcc_client/json.hpp:87,
                 from /root/dcc/Distributed-Compute-Coin/dcc_client/dcc_client/Main.h:7,
                 from /root/dcc/Distributed-Compute-Coin/dcc_client/dcc_client/Main.cpp:11:
/usr/include/c++/9/bits/valarray_after.h:419:5: note: candidate: ‘template<class _Dom1, class _Dom2> std::_Expr<std::__detail::_BinClos<std::__less, std::_Expr, std::_Expr, _Dom1, _Dom2>, typename std::__fun<std::__less, typename _Dom1::value_type>::result_type> std::operator<(const std::_Expr<_Dom1, typename _Dom1::value_type>&, const std::_Expr<_Dom2, typename _Dom2::value_type>&)’
  419 |     _DEFINE_EXPR_BINARY_OPERATOR(<, __less)
      |     ^~~~~~~~~~~~~~~~~~~~~~~~~~~~
/usr/include/c++/9/bits/valarray_after.h:419:5: note:   template argument deduction/substitution failed:
/root/dcc/Distributed-Compute-Coin/dcc_client/dcc_client/Main.cpp:190:82: note:   mismatched types ‘const std::_Expr<_Dom1, typename _Dom1::value_type>’ and ‘int’
  190 |     for(int hs = 0; hs < (std::vector<std::string>)(delugeJson["hashList"]).size(); hs++){
      |                                                                                  ^
In file included from /usr/include/c++/9/valarray:603,
                 from /root/dcc/Distributed-Compute-Coin/dcc_client/dcc_client/json.hpp:87,
                 from /root/dcc/Distributed-Compute-Coin/dcc_client/dcc_client/Main.h:7,
                 from /root/dcc/Distributed-Compute-Coin/dcc_client/dcc_client/Main.cpp:11:
/usr/include/c++/9/bits/valarray_after.h:419:5: note: candidate: ‘template<class _Dom> std::_Expr<std::__detail::_BinClos<std::__less, std::_Expr, std::_Constant, _Dom, typename _Dom::value_type>, typename std::__fun<std::__less, typename _Dom1::value_type>::result_type> std::operator<(const std::_Expr<_Dom1, typename _Dom1::value_type>&, const typename _Dom::value_type&)’
  419 |     _DEFINE_EXPR_BINARY_OPERATOR(<, __less)
      |     ^~~~~~~~~~~~~~~~~~~~~~~~~~~~
/usr/include/c++/9/bits/valarray_after.h:419:5: note:   template argument deduction/substitution failed:
/root/dcc/Distributed-Compute-Coin/dcc_client/dcc_client/Main.cpp:190:82: note:   mismatched types ‘const std::_Expr<_Dom1, typename _Dom1::value_type>’ and ‘int’
  190 |     for(int hs = 0; hs < (std::vector<std::string>)(delugeJson["hashList"]).size(); hs++){
      |                                                                                  ^
In file included from /usr/include/c++/9/valarray:603,
                 from /root/dcc/Distributed-Compute-Coin/dcc_client/dcc_client/json.hpp:87,
                 from /root/dcc/Distributed-Compute-Coin/dcc_client/dcc_client/Main.h:7,
                 from /root/dcc/Distributed-Compute-Coin/dcc_client/dcc_client/Main.cpp:11:
/usr/include/c++/9/bits/valarray_after.h:419:5: note: candidate: ‘template<class _Dom> std::_Expr<std::__detail::_BinClos<std::__less, std::_Constant, std::_Expr, typename _Dom::value_type, _Dom>, typename std::__fun<std::__less, typename _Dom1::value_type>::result_type> std::operator<(const typename _Dom::value_type&, const std::_Expr<_Dom1, typename _Dom1::value_type>&)’
  419 |     _DEFINE_EXPR_BINARY_OPERATOR(<, __less)
      |     ^~~~~~~~~~~~~~~~~~~~~~~~~~~~
/usr/include/c++/9/bits/valarray_after.h:419:5: note:   template argument deduction/substitution failed:
/root/dcc/Distributed-Compute-Coin/dcc_client/dcc_client/Main.cpp:190:82: note:   ‘std::vector<std::__cxx11::basic_string<char>, std::allocator<std::__cxx11::basic_string<char> > >’ is not derived from ‘const std::_Expr<_Dom1, typename _Dom1::value_type>’
  190 |     for(int hs = 0; hs < (std::vector<std::string>)(delugeJson["hashList"]).size(); hs++){
      |                                                                                  ^
In file included from /usr/include/c++/9/valarray:603,
                 from /root/dcc/Distributed-Compute-Coin/dcc_client/dcc_client/json.hpp:87,
                 from /root/dcc/Distributed-Compute-Coin/dcc_client/dcc_client/Main.h:7,
                 from /root/dcc/Distributed-Compute-Coin/dcc_client/dcc_client/Main.cpp:11:
/usr/include/c++/9/bits/valarray_after.h:419:5: note: candidate: ‘template<class _Dom> std::_Expr<std::__detail::_BinClos<std::__less, std::_Expr, std::_ValArray, _Dom, typename _Dom::value_type>, typename std::__fun<std::__less, typename _Dom1::value_type>::result_type> std::operator<(const std::_Expr<_Dom1, typename _Dom1::value_type>&, const std::valarray<typename _Dom::value_type>&)’
  419 |     _DEFINE_EXPR_BINARY_OPERATOR(<, __less)
      |     ^~~~~~~~~~~~~~~~~~~~~~~~~~~~
/usr/include/c++/9/bits/valarray_after.h:419:5: note:   template argument deduction/substitution failed:
/root/dcc/Distributed-Compute-Coin/dcc_client/dcc_client/Main.cpp:190:82: note:   mismatched types ‘const std::_Expr<_Dom1, typename _Dom1::value_type>’ and ‘int’
  190 |     for(int hs = 0; hs < (std::vector<std::string>)(delugeJson["hashList"]).size(); hs++){
      |                                                                                  ^
In file included from /usr/include/c++/9/valarray:603,
                 from /root/dcc/Distributed-Compute-Coin/dcc_client/dcc_client/json.hpp:87,
                 from /root/dcc/Distributed-Compute-Coin/dcc_client/dcc_client/Main.h:7,
                 from /root/dcc/Distributed-Compute-Coin/dcc_client/dcc_client/Main.cpp:11:
/usr/include/c++/9/bits/valarray_after.h:419:5: note: candidate: ‘template<class _Dom> std::_Expr<std::__detail::_BinClos<std::__less, std::_ValArray, std::_Expr, typename _Dom::value_type, _Dom>, typename std::__fun<std::__less, typename _Dom1::value_type>::result_type> std::operator<(const std::valarray<typename _Dom::value_type>&, const std::_Expr<_Dom1, typename _Dom1::value_type>&)’
  419 |     _DEFINE_EXPR_BINARY_OPERATOR(<, __less)
      |     ^~~~~~~~~~~~~~~~~~~~~~~~~~~~
/usr/include/c++/9/bits/valarray_after.h:419:5: note:   template argument deduction/substitution failed:
/root/dcc/Distributed-Compute-Coin/dcc_client/dcc_client/Main.cpp:190:82: note:   ‘std::vector<std::__cxx11::basic_string<char>, std::allocator<std::__cxx11::basic_string<char> > >’ is not derived from ‘const std::_Expr<_Dom1, typename _Dom1::value_type>’
  190 |     for(int hs = 0; hs < (std::vector<std::string>)(delugeJson["hashList"]).size(); hs++){
      |                                                                                  ^
In file included from /root/dcc/Distributed-Compute-Coin/dcc_client/dcc_client/json.hpp:87,
                 from /root/dcc/Distributed-Compute-Coin/dcc_client/dcc_client/Main.h:7,
                 from /root/dcc/Distributed-Compute-Coin/dcc_client/dcc_client/Main.cpp:11:
/usr/include/c++/9/valarray:1199:1: note: candidate: ‘template<class _Tp> std::_Expr<std::__detail::_BinClos<std::__less, std::_ValArray, std::_ValArray, _Tp, _Tp>, typename std::__fun<std::__less, _Tp>::result_type> std::operator<(const std::valarray<_Tp>&, const std::valarray<_Tp>&)’
 1199 | _DEFINE_BINARY_OPERATOR(<, __less)
      | ^~~~~~~~~~~~~~~~~~~~~~~
/usr/include/c++/9/valarray:1199:1: note:   template argument deduction/substitution failed:
/root/dcc/Distributed-Compute-Coin/dcc_client/dcc_client/Main.cpp:190:82: note:   mismatched types ‘const std::valarray<_Tp>’ and ‘int’
  190 |     for(int hs = 0; hs < (std::vector<std::string>)(delugeJson["hashList"]).size(); hs++){
      |                                                                                  ^
In file included from /root/dcc/Distributed-Compute-Coin/dcc_client/dcc_client/json.hpp:87,
                 from /root/dcc/Distributed-Compute-Coin/dcc_client/dcc_client/Main.h:7,
                 from /root/dcc/Distributed-Compute-Coin/dcc_client/dcc_client/Main.cpp:11:
/usr/include/c++/9/valarray:1199:1: note: candidate: ‘template<class _Tp> std::_Expr<std::__detail::_BinClos<std::__less, std::_ValArray, std::_Constant, _Tp, _Tp>, typename std::__fun<std::__less, _Tp>::result_type> std::operator<(const std::valarray<_Tp>&, const typename std::valarray<_Tp>::value_type&)’
 1199 | _DEFINE_BINARY_OPERATOR(<, __less)
      | ^~~~~~~~~~~~~~~~~~~~~~~
/usr/include/c++/9/valarray:1199:1: note:   template argument deduction/substitution failed:
/root/dcc/Distributed-Compute-Coin/dcc_client/dcc_client/Main.cpp:190:82: note:   mismatched types ‘const std::valarray<_Tp>’ and ‘int’
  190 |     for(int hs = 0; hs < (std::vector<std::string>)(delugeJson["hashList"]).size(); hs++){
      |                                                                                  ^
In file included from /root/dcc/Distributed-Compute-Coin/dcc_client/dcc_client/json.hpp:87,
                 from /root/dcc/Distributed-Compute-Coin/dcc_client/dcc_client/Main.h:7,
                 from /root/dcc/Distributed-Compute-Coin/dcc_client/dcc_client/Main.cpp:11:
/usr/include/c++/9/valarray:1199:1: note: candidate: ‘template<class _Tp> std::_Expr<std::__detail::_BinClos<std::__less, std::_Constant, std::_ValArray, _Tp, _Tp>, typename std::__fun<std::__less, _Tp>::result_type> std::operator<(const typename std::valarray<_Tp>::value_type&, const std::valarray<_Tp>&)’
 1199 | _DEFINE_BINARY_OPERATOR(<, __less)
      | ^~~~~~~~~~~~~~~~~~~~~~~
/usr/include/c++/9/valarray:1199:1: note:   template argument deduction/substitution failed:
/root/dcc/Distributed-Compute-Coin/dcc_client/dcc_client/Main.cpp:190:82: note:   ‘std::vector<std::__cxx11::basic_string<char>, std::allocator<std::__cxx11::basic_string<char> > >’ is not derived from ‘const std::valarray<_Tp>’
  190 |     for(int hs = 0; hs < (std::vector<std::string>)(delugeJson["hashList"]).size(); hs++){
      |                                                                                  ^
In file included from /usr/include/c++/9/list:63,
                 from /usr/include/boost/filesystem/path_traits.hpp:27,
                 from /usr/include/boost/filesystem/path.hpp:26,
                 from /usr/include/boost/process/detail/traits/cmd_or_exe.hpp:14,
                 from /usr/include/boost/process/detail/basic_cmd.hpp:13,
                 from /usr/include/boost/process/args.hpp:33,
                 from /usr/include/boost/process.hpp:22,
                 from /root/dcc/Distributed-Compute-Coin/dcc_client/dcc_client/Main.h:21,
                 from /root/dcc/Distributed-Compute-Coin/dcc_client/dcc_client/Main.cpp:11:
/usr/include/c++/9/bits/stl_list.h:2025:5: note: candidate: ‘template<class _Tp, class _Alloc> bool std::operator<(const std::__cxx11::list<_Tp, _Alloc>&, const std::__cxx11::list<_Tp, _Alloc>&)’
 2025 |     operator<(const list<_Tp, _Alloc>& __x, const list<_Tp, _Alloc>& __y)
      |     ^~~~~~~~
/usr/include/c++/9/bits/stl_list.h:2025:5: note:   template argument deduction/substitution failed:
/root/dcc/Distributed-Compute-Coin/dcc_client/dcc_client/Main.cpp:190:82: note:   mismatched types ‘const std::__cxx11::list<_Tp, _Alloc>’ and ‘int’
  190 |     for(int hs = 0; hs < (std::vector<std::string>)(delugeJson["hashList"]).size(); hs++){
      |                                                                                  ^
In file included from /usr/include/c++/9/deque:67,
                 from /usr/include/boost/algorithm/string/find_format.hpp:14,
                 from /usr/include/boost/algorithm/string/replace.hpp:22,
                 from /usr/include/boost/process/detail/posix/basic_cmd.hpp:12,
                 from /usr/include/boost/process/detail/basic_cmd.hpp:20,
                 from /usr/include/boost/process/args.hpp:33,
                 from /usr/include/boost/process.hpp:22,
                 from /root/dcc/Distributed-Compute-Coin/dcc_client/dcc_client/Main.h:21,
                 from /root/dcc/Distributed-Compute-Coin/dcc_client/dcc_client/Main.cpp:11:
/usr/include/c++/9/bits/stl_deque.h:312:5: note: candidate: ‘template<class _Tp, class _Ref, class _Ptr> bool std::operator<(const std::_Deque_iterator<_Tp, _Ref, _Ptr>&, const std::_Deque_iterator<_Tp, _Ref, _Ptr>&)’
  312 |     operator<(const _Deque_iterator<_Tp, _Ref, _Ptr>& __x,
      |     ^~~~~~~~
/usr/include/c++/9/bits/stl_deque.h:312:5: note:   template argument deduction/substitution failed:
/root/dcc/Distributed-Compute-Coin/dcc_client/dcc_client/Main.cpp:190:82: note:   mismatched types ‘const std::_Deque_iterator<_Tp, _Ref, _Ptr>’ and ‘int’
  190 |     for(int hs = 0; hs < (std::vector<std::string>)(delugeJson["hashList"]).size(); hs++){
      |                                                                                  ^
In file included from /usr/include/c++/9/deque:67,
                 from /usr/include/boost/algorithm/string/find_format.hpp:14,
                 from /usr/include/boost/algorithm/string/replace.hpp:22,
                 from /usr/include/boost/process/detail/posix/basic_cmd.hpp:12,
                 from /usr/include/boost/process/detail/basic_cmd.hpp:20,
                 from /usr/include/boost/process/args.hpp:33,
                 from /usr/include/boost/process.hpp:22,
                 from /root/dcc/Distributed-Compute-Coin/dcc_client/dcc_client/Main.h:21,
                 from /root/dcc/Distributed-Compute-Coin/dcc_client/dcc_client/Main.cpp:11:
/usr/include/c++/9/bits/stl_deque.h:320:5: note: candidate: ‘template<class _Tp, class _RefL, class _PtrL, class _RefR, class _PtrR> bool std::operator<(const std::_Deque_iterator<_Tp, _Ref, _Ptr>&, const std::_Deque_iterator<_Tp, _RefR, _PtrR>&)’
  320 |     operator<(const _Deque_iterator<_Tp, _RefL, _PtrL>& __x,
      |     ^~~~~~~~
/usr/include/c++/9/bits/stl_deque.h:320:5: note:   template argument deduction/substitution failed:
/root/dcc/Distributed-Compute-Coin/dcc_client/dcc_client/Main.cpp:190:82: note:   mismatched types ‘const std::_Deque_iterator<_Tp, _Ref, _Ptr>’ and ‘int’
  190 |     for(int hs = 0; hs < (std::vector<std::string>)(delugeJson["hashList"]).size(); hs++){
      |                                                                                  ^
In file included from /usr/include/c++/9/deque:67,
                 from /usr/include/boost/algorithm/string/find_format.hpp:14,
                 from /usr/include/boost/algorithm/string/replace.hpp:22,
                 from /usr/include/boost/process/detail/posix/basic_cmd.hpp:12,
                 from /usr/include/boost/process/detail/basic_cmd.hpp:20,
                 from /usr/include/boost/process/args.hpp:33,
                 from /usr/include/boost/process.hpp:22,
                 from /root/dcc/Distributed-Compute-Coin/dcc_client/dcc_client/Main.h:21,
                 from /root/dcc/Distributed-Compute-Coin/dcc_client/dcc_client/Main.cpp:11:
/usr/include/c++/9/bits/stl_deque.h:2330:5: note: candidate: ‘template<class _Tp, class _Alloc> bool std::operator<(const std::deque<_Tp, _Alloc>&, const std::deque<_Tp, _Alloc>&)’
 2330 |     operator<(const deque<_Tp, _Alloc>& __x,
      |     ^~~~~~~~
/usr/include/c++/9/bits/stl_deque.h:2330:5: note:   template argument deduction/substitution failed:
/root/dcc/Distributed-Compute-Coin/dcc_client/dcc_client/Main.cpp:190:82: note:   mismatched types ‘const std::deque<_Tp, _Alloc>’ and ‘int’
  190 |     for(int hs = 0; hs < (std::vector<std::string>)(delugeJson["hashList"]).size(); hs++){
      |                                                                                  ^
In file included from /usr/include/c++/9/future:39,
                 from /usr/include/boost/process/detail/on_exit.hpp:17,
                 from /usr/include/boost/process/async.hpp:33,
                 from /usr/include/boost/process.hpp:23,
                 from /root/dcc/Distributed-Compute-Coin/dcc_client/dcc_client/Main.h:21,
                 from /root/dcc/Distributed-Compute-Coin/dcc_client/dcc_client/Main.cpp:11:
/usr/include/c++/9/thread:290:3: note: candidate: ‘bool std::operator<(std::thread::id, std::thread::id)’
  290 |   operator<(thread::id __x, thread::id __y) noexcept
      |   ^~~~~~~~
/usr/include/c++/9/thread:290:24: note:   no known conversion for argument 1 from ‘int’ to ‘std::thread::id’
  290 |   operator<(thread::id __x, thread::id __y) noexcept
      |             ~~~~~~~~~~~^~~
In file included from /usr/include/c++/9/stack:61,
                 from /usr/include/boost/filesystem/operations.hpp:40,
                 from /usr/include/boost/filesystem.hpp:17,
                 from /usr/include/boost/process/detail/posix/basic_pipe.hpp:14,
                 from /usr/include/boost/process/detail/posix/async_pipe.hpp:10,
                 from /usr/include/boost/process/async_pipe.hpp:18,
                 from /usr/include/boost/process/detail/posix/async_in.hpp:16,
                 from /usr/include/boost/process/async.hpp:43,
                 from /usr/include/boost/process.hpp:23,
                 from /root/dcc/Distributed-Compute-Coin/dcc_client/dcc_client/Main.h:21,
                 from /root/dcc/Distributed-Compute-Coin/dcc_client/dcc_client/Main.cpp:11:
/usr/include/c++/9/bits/stl_stack.h:331:5: note: candidate: ‘template<class _Tp, class _Seq> bool std::operator<(const std::stack<_Tp, _Seq>&, const std::stack<_Tp, _Seq>&)’
  331 |     operator<(const stack<_Tp, _Seq>& __x, const stack<_Tp, _Seq>& __y)
      |     ^~~~~~~~
/usr/include/c++/9/bits/stl_stack.h:331:5: note:   template argument deduction/substitution failed:
/root/dcc/Distributed-Compute-Coin/dcc_client/dcc_client/Main.cpp:190:82: note:   mismatched types ‘const std::stack<_Tp, _Seq>’ and ‘int’
  190 |     for(int hs = 0; hs < (std::vector<std::string>)(delugeJson["hashList"]).size(); hs++){
      |                                                                                  ^
In file included from /usr/include/c++/9/queue:64,
                 from /root/dcc/Distributed-Compute-Coin/dcc_client/dcc_client/Console.h:4,
                 from /root/dcc/Distributed-Compute-Coin/dcc_client/dcc_client/strops.h:9,
                 from /root/dcc/Distributed-Compute-Coin/dcc_client/dcc_client/System.h:15,
                 from /root/dcc/Distributed-Compute-Coin/dcc_client/dcc_client/Main.h:35,
                 from /root/dcc/Distributed-Compute-Coin/dcc_client/dcc_client/Main.cpp:11:
/usr/include/c++/9/bits/stl_queue.h:356:5: note: candidate: ‘template<class _Tp, class _Seq> bool std::operator<(const std::queue<_Tp, _Seq>&, const std::queue<_Tp, _Seq>&)’
  356 |     operator<(const queue<_Tp, _Seq>& __x, const queue<_Tp, _Seq>& __y)
      |     ^~~~~~~~
/usr/include/c++/9/bits/stl_queue.h:356:5: note:   template argument deduction/substitution failed:
/root/dcc/Distributed-Compute-Coin/dcc_client/dcc_client/Main.cpp:190:82: note:   mismatched types ‘const std::queue<_Tp, _Seq>’ and ‘int’
  190 |     for(int hs = 0; hs < (std::vector<std::string>)(delugeJson["hashList"]).size(); hs++){
      |                                                                                  ^
In file included from /usr/include/c++/9/bits/fs_fwd.h:37,
                 from /usr/include/c++/9/filesystem:36,
                 from /root/dcc/Distributed-Compute-Coin/dcc_client/dcc_client/json.hpp:4118,
                 from /root/dcc/Distributed-Compute-Coin/dcc_client/dcc_client/Main.h:7,
                 from /root/dcc/Distributed-Compute-Coin/dcc_client/dcc_client/Main.cpp:11:
/usr/include/c++/9/chrono:557:7: note: candidate: ‘template<class _Rep1, class _Period1, class _Rep2, class _Period2> constexpr bool std::chrono::operator<(const std::chrono::duration<_Rep1, _Period1>&, const std::chrono::duration<_Rep2, _Period2>&)’
  557 |       operator<(const duration<_Rep1, _Period1>& __lhs,
      |       ^~~~~~~~
/usr/include/c++/9/chrono:557:7: note:   template argument deduction/substitution failed:
/root/dcc/Distributed-Compute-Coin/dcc_client/dcc_client/Main.cpp:190:82: note:   mismatched types ‘const std::chrono::duration<_Rep1, _Period1>’ and ‘int’
  190 |     for(int hs = 0; hs < (std::vector<std::string>)(delugeJson["hashList"]).size(); hs++){
      |                                                                                  ^
In file included from /usr/include/c++/9/bits/fs_fwd.h:37,
                 from /usr/include/c++/9/filesystem:36,
                 from /root/dcc/Distributed-Compute-Coin/dcc_client/dcc_client/json.hpp:4118,
                 from /root/dcc/Distributed-Compute-Coin/dcc_client/dcc_client/Main.h:7,
                 from /root/dcc/Distributed-Compute-Coin/dcc_client/dcc_client/Main.cpp:11:
/usr/include/c++/9/chrono:780:7: note: candidate: ‘template<class _Clock, class _Dur1, class _Dur2> constexpr bool std::chrono::operator<(const std::chrono::time_point<_Clock, _Duration1>&, const std::chrono::time_point<_Clock, _Duration2>&)’
  780 |       operator<(const time_point<_Clock, _Dur1>& __lhs,
      |       ^~~~~~~~
/usr/include/c++/9/chrono:780:7: note:   template argument deduction/substitution failed:
/root/dcc/Distributed-Compute-Coin/dcc_client/dcc_client/Main.cpp:190:82: note:   mismatched types ‘const std::chrono::time_point<_Clock, _Duration1>’ and ‘int’
  190 |     for(int hs = 0; hs < (std::vector<std::string>)(delugeJson["hashList"]).size(); hs++){
      |                                                                                  ^
In file included from /usr/include/c++/9/bits/stl_algobase.h:67,
                 from /usr/include/c++/9/bits/char_traits.h:39,
                 from /usr/include/c++/9/ios:40,
                 from /usr/include/c++/9/ostream:38,
                 from /usr/include/c++/9/iostream:39,
                 from /root/dcc/Distributed-Compute-Coin/dcc_client/dcc_client/Main.h:6,
                 from /root/dcc/Distributed-Compute-Coin/dcc_client/dcc_client/Main.cpp:11:
/usr/include/c++/9/bits/stl_iterator.h:912:5: note: candidate: ‘template<class _IteratorL, class _IteratorR, class _Container> bool __gnu_cxx::operator<(const __gnu_cxx::__normal_iterator<_IteratorL, _Container>&, const __gnu_cxx::__normal_iterator<_IteratorR, _Container>&)’
  912 |     operator<(const __normal_iterator<_IteratorL, _Container>& __lhs,
      |     ^~~~~~~~
/usr/include/c++/9/bits/stl_iterator.h:912:5: note:   template argument deduction/substitution failed:
/root/dcc/Distributed-Compute-Coin/dcc_client/dcc_client/Main.cpp:190:82: note:   mismatched types ‘const __gnu_cxx::__normal_iterator<_IteratorL, _Container>’ and ‘int’
  190 |     for(int hs = 0; hs < (std::vector<std::string>)(delugeJson["hashList"]).size(); hs++){
      |                                                                                  ^
In file included from /usr/include/c++/9/bits/stl_algobase.h:67,
                 from /usr/include/c++/9/bits/char_traits.h:39,
                 from /usr/include/c++/9/ios:40,
                 from /usr/include/c++/9/ostream:38,
                 from /usr/include/c++/9/iostream:39,
                 from /root/dcc/Distributed-Compute-Coin/dcc_client/dcc_client/Main.h:6,
                 from /root/dcc/Distributed-Compute-Coin/dcc_client/dcc_client/Main.cpp:11:
/usr/include/c++/9/bits/stl_iterator.h:919:5: note: candidate: ‘template<class _Iterator, class _Container> bool __gnu_cxx::operator<(const __gnu_cxx::__normal_iterator<_Iterator, _Container>&, const __gnu_cxx::__normal_iterator<_Iterator, _Container>&)’
  919 |     operator<(const __normal_iterator<_Iterator, _Container>& __lhs,
      |     ^~~~~~~~
/usr/include/c++/9/bits/stl_iterator.h:919:5: note:   template argument deduction/substitution failed:
/root/dcc/Distributed-Compute-Coin/dcc_client/dcc_client/Main.cpp:190:82: note:   mismatched types ‘const __gnu_cxx::__normal_iterator<_Iterator, _Container>’ and ‘int’
  190 |     for(int hs = 0; hs < (std::vector<std::string>)(delugeJson["hashList"]).size(); hs++){
      |                                                                                  ^
In file included from /usr/include/boost/algorithm/string/std/slist_traits.hpp:17,
                 from /usr/include/boost/algorithm/string/std_containers_traits.hpp:23,
                 from /usr/include/boost/algorithm/string.hpp:18,
                 from /root/dcc/Distributed-Compute-Coin/dcc_client/dcc_client/crypto.h:31,
                 from /root/dcc/Distributed-Compute-Coin/dcc_client/dcc_client/P2PClient.h:29,
                 from /root/dcc/Distributed-Compute-Coin/dcc_client/dcc_client/Main.h:38,
                 from /root/dcc/Distributed-Compute-Coin/dcc_client/dcc_client/Main.cpp:11:
/usr/include/c++/9/ext/slist:812:5: note: candidate: ‘template<class _Tp, class _Alloc> bool __gnu_cxx::operator<(const __gnu_cxx::slist<_Tp, _Alloc>&, const __gnu_cxx::slist<_Tp, _Alloc>&)’
  812 |     operator<(const slist<_Tp, _Alloc>& _SL1, const slist<_Tp, _Alloc>& _SL2)
      |     ^~~~~~~~
/usr/include/c++/9/ext/slist:812:5: note:   template argument deduction/substitution failed:
/root/dcc/Distributed-Compute-Coin/dcc_client/dcc_client/Main.cpp:190:82: note:   mismatched types ‘const __gnu_cxx::slist<_Tp, _Alloc>’ and ‘int’
  190 |     for(int hs = 0; hs < (std::vector<std::string>)(delugeJson["hashList"]).size(); hs++){
      |                                                                                  ^
make[2]: *** [dcc_client/CMakeFiles/dcc_client.dir/build.make:63: dcc_client/CMakeFiles/dcc_client.dir/Main.cpp.o] Error 1
make[1]: *** [CMakeFiles/Makefile2:215: dcc_client/CMakeFiles/dcc_client.dir/all] Error 2
make: *** [Makefile:130: all] Error 2
