d:\code\dc-cryptocurrency\dcc_client\out\dcc_client\dcc_client.dir\debug\vc143.pdb
d:\code\dc-cryptocurrency\dcc_client\out\dcc_client\dcc_client.dir\debug\strops.obj
d:\code\dc-cryptocurrency\dcc_client\out\dcc_client\dcc_client.dir\debug\miner.obj
d:\code\dc-cryptocurrency\dcc_client\out\dcc_client\dcc_client.dir\debug\p2pclient.obj
d:\code\dc-cryptocurrency\dcc_client\out\dcc_client\dcc_client.dir\debug\network.obj
d:\code\dc-cryptocurrency\dcc_client\out\dcc_client\dcc_client.dir\debug\main.obj
d:\code\dc-cryptocurrency\dcc_client\out\dcc_client\dcc_client.dir\debug\blockchain.obj
d:\code\dc-cryptocurrency\dcc_client\out\dcc_client\dcc_client.dir\debug\system.obj
d:\code\dc-cryptocurrency\dcc_client\out\dcc_client\dcc_client.dir\debug\crypto.obj
d:\code\dc-cryptocurrency\dcc_client\out\dcc_client\dcc_client.dir\debug\filemanip.obj
d:\code\dc-cryptocurrency\dcc_client\out\dcc_client\dcc_client.dir\debug\console.obj
d:\code\dc-cryptocurrency\dcc_client\out\dcc_client\dcc_client.dir\debug\baseconverter.obj
d:\code\dc-cryptocurrency\dcc_client\out\dcc_client\cmakefiles\generate.stamp
d:\code\dc-cryptocurrency\dcc_client\out\dcc_client\debug\dcc_client.exe
d:\code\dc-cryptocurrency\dcc_client\out\dcc_client\dcc_client.dir\debug\dcc_client.ilk
d:\code\dc-cryptocurrency\dcc_client\out\dcc_client\debug\dcc_client.pdb
d:\code\dc-cryptocurrency\dcc_client\out\dcc_client\dcc_client.dir\debug\dcc-logo.res
d:\code\dc-cryptocurrency\dcc_client\out\dcc_client\dcc_client.dir\debug\dcc_client.res
d:\code\dc-cryptocurrency\dcc_client\out\dcc_client\dcc_client.dir\debug\dcc_client.tlog\cl.command.1.tlog
d:\code\dc-cryptocurrency\dcc_client\out\dcc_client\dcc_client.dir\debug\dcc_client.tlog\cl.items.tlog
d:\code\dc-cryptocurrency\dcc_client\out\dcc_client\dcc_client.dir\debug\dcc_client.tlog\cl.read.1.tlog
d:\code\dc-cryptocurrency\dcc_client\out\dcc_client\dcc_client.dir\debug\dcc_client.tlog\cl.write.1.tlog
d:\code\dc-cryptocurrency\dcc_client\out\dcc_client\dcc_client.dir\debug\dcc_client.tlog\custombuild.command.1.tlog
d:\code\dc-cryptocurrency\dcc_client\out\dcc_client\dcc_client.dir\debug\dcc_client.tlog\custombuild.read.1.tlog
d:\code\dc-cryptocurrency\dcc_client\out\dcc_client\dcc_client.dir\debug\dcc_client.tlog\custombuild.write.1.tlog
d:\code\dc-cryptocurrency\dcc_client\out\dcc_client\dcc_client.dir\debug\dcc_client.tlog\link.command.1.tlog
d:\code\dc-cryptocurrency\dcc_client\out\dcc_client\dcc_client.dir\debug\dcc_client.tlog\link.read.1.tlog
d:\code\dc-cryptocurrency\dcc_client\out\dcc_client\dcc_client.dir\debug\dcc_client.tlog\link.write.1.tlog
d:\code\dc-cryptocurrency\dcc_client\out\dcc_client\dcc_client.dir\debug\dcc_client.tlog\rc.command.1.tlog
d:\code\dc-cryptocurrency\dcc_client\out\dcc_client\dcc_client.dir\debug\dcc_client.tlog\rc.read.1.tlog
d:\code\dc-cryptocurrency\dcc_client\out\dcc_client\dcc_client.dir\debug\dcc_client.tlog\rc.write.1.tlog
