  Building Custom Rule D:/Code/DC-Cryptocurrency/DCC-Miner/out/_deps/cpr-src/cpr/CMakeLists.txt
cl : command line  warning D9002: ignoring unknown option '-O3'
  auth.cpp
  bearer.cpp
  cookies.cpp
  cprtypes.cpp
  curl_container.cpp
  curlholder.cpp
  error.cpp
  multipart.cpp
  parameters.cpp
  payload.cpp
  proxies.cpp
  proxyauth.cpp
  session.cpp
  timeout.cpp
  unix_socket.cpp
  util.cpp
  response.cpp
  redirect.cpp
  Generating Code...
  Auto build dll exports
     Creating library D:/Code/DC-Cryptocurrency/DCC-Miner/out/_deps/cpr-build/cpr/Release/cpr.lib and object D:/Code/DC-Cryptocurrency/DCC-Miner/out/_deps/cpr-build/cpr/Release/cpr.exp
  cpr.vcxproj -> D:\Code\DC-Cryptocurrency\DCC-Miner\out\Release\cpr.dll
